[13/Dec/2020 10:20:37] DEBUG [django.db.backends.schema:133] CREATE TABLE "django_migrations" ("id" serial NOT NULL PRIMARY KEY, "app" varchar(255) NOT NULL, "name" varchar(255) NOT NULL, "applied" timestamp with time zone NOT NULL); (params None)
[13/Dec/2020 10:20:37] DEBUG [django.db.backends.schema:133] CREATE TABLE "django_content_type" ("id" serial NOT NULL PRIMARY KEY, "name" varchar(100) NOT NULL, "app_label" varchar(100) NOT NULL, "model" varchar(100) NOT NULL); (params None)
[13/Dec/2020 10:20:37] DEBUG [django.db.backends.schema:133] ALTER TABLE "django_content_type" ADD CONSTRAINT "django_content_type_app_label_model_76bd3d3b_uniq" UNIQUE ("app_label", "model"); (params ())
[13/Dec/2020 10:20:37] DEBUG [django.db.backends.schema:133] ALTER TABLE "django_content_type" ALTER COLUMN "name" DROP NOT NULL; (params [])
[13/Dec/2020 10:20:37] DEBUG [django.db.backends.schema:133] ALTER TABLE "django_content_type" DROP COLUMN "name" CASCADE; (params ())
[13/Dec/2020 10:20:37] DEBUG [django.db.backends.schema:133] CREATE TABLE "auth_permission" ("id" serial NOT NULL PRIMARY KEY, "name" varchar(50) NOT NULL, "content_type_id" integer NOT NULL, "codename" varchar(100) NOT NULL); (params None)
[13/Dec/2020 10:20:37] DEBUG [django.db.backends.schema:133] CREATE TABLE "auth_group" ("id" serial NOT NULL PRIMARY KEY, "name" varchar(80) NOT NULL UNIQUE); (params None)
[13/Dec/2020 10:20:37] DEBUG [django.db.backends.schema:133] CREATE TABLE "auth_group_permissions" ("id" serial NOT NULL PRIMARY KEY, "group_id" integer NOT NULL, "permission_id" integer NOT NULL); (params None)
[13/Dec/2020 10:20:37] DEBUG [django.db.backends.schema:133] ALTER TABLE "auth_permission" ADD CONSTRAINT "auth_permission_content_type_id_codename_01ab375a_uniq" UNIQUE ("content_type_id", "codename"); (params ())
[13/Dec/2020 10:20:37] DEBUG [django.db.backends.schema:133] ALTER TABLE "auth_permission" ADD CONSTRAINT "auth_permission_content_type_id_2f476e4b_fk_django_co" FOREIGN KEY ("content_type_id") REFERENCES "django_content_type" ("id") DEFERRABLE INITIALLY DEFERRED; (params ())
[13/Dec/2020 10:20:37] DEBUG [django.db.backends.schema:133] CREATE INDEX "auth_permission_content_type_id_2f476e4b" ON "auth_permission" ("content_type_id"); (params ())
[13/Dec/2020 10:20:37] DEBUG [django.db.backends.schema:133] CREATE INDEX "auth_group_name_a6ea08ec_like" ON "auth_group" ("name" varchar_pattern_ops); (params ())
[13/Dec/2020 10:20:37] DEBUG [django.db.backends.schema:133] ALTER TABLE "auth_group_permissions" ADD CONSTRAINT "auth_group_permissions_group_id_permission_id_0cd325b0_uniq" UNIQUE ("group_id", "permission_id"); (params ())
[13/Dec/2020 10:20:37] DEBUG [django.db.backends.schema:133] ALTER TABLE "auth_group_permissions" ADD CONSTRAINT "auth_group_permissions_group_id_b120cbf9_fk_auth_group_id" FOREIGN KEY ("group_id") REFERENCES "auth_group" ("id") DEFERRABLE INITIALLY DEFERRED; (params ())
[13/Dec/2020 10:20:37] DEBUG [django.db.backends.schema:133] ALTER TABLE "auth_group_permissions" ADD CONSTRAINT "auth_group_permissio_permission_id_84c5c92e_fk_auth_perm" FOREIGN KEY ("permission_id") REFERENCES "auth_permission" ("id") DEFERRABLE INITIALLY DEFERRED; (params ())
[13/Dec/2020 10:20:37] DEBUG [django.db.backends.schema:133] CREATE INDEX "auth_group_permissions_group_id_b120cbf9" ON "auth_group_permissions" ("group_id"); (params ())
[13/Dec/2020 10:20:37] DEBUG [django.db.backends.schema:133] CREATE INDEX "auth_group_permissions_permission_id_84c5c92e" ON "auth_group_permissions" ("permission_id"); (params ())
[13/Dec/2020 10:20:37] DEBUG [django.db.backends.schema:133] ALTER TABLE "auth_permission" ALTER COLUMN "name" TYPE varchar(255); (params [])
[13/Dec/2020 10:20:37] DEBUG [django.db.backends.schema:133] ALTER TABLE "auth_group" ALTER COLUMN "name" TYPE varchar(150); (params [])
[13/Dec/2020 10:20:37] DEBUG [django.db.backends.schema:133] CREATE TABLE "User" ("id" serial NOT NULL PRIMARY KEY, "last_login" timestamp with time zone NULL, "is_superuser" boolean NOT NULL, "username" varchar(150) NOT NULL UNIQUE, "last_name" varchar(150) NOT NULL, "is_staff" boolean NOT NULL, "is_active" boolean NOT NULL, "date_joined" timestamp with time zone NOT NULL, "email" varchar(255) NOT NULL UNIQUE, "password" varchar(200) NOT NULL, "first_name" varchar(200) NOT NULL); (params None)
[13/Dec/2020 10:20:37] DEBUG [django.db.backends.schema:133] CREATE TABLE "User_groups" ("id" serial NOT NULL PRIMARY KEY, "user_id" integer NOT NULL, "group_id" integer NOT NULL); (params None)
[13/Dec/2020 10:20:37] DEBUG [django.db.backends.schema:133] CREATE TABLE "User_user_permissions" ("id" serial NOT NULL PRIMARY KEY, "user_id" integer NOT NULL, "permission_id" integer NOT NULL); (params None)
[13/Dec/2020 10:20:37] DEBUG [django.db.backends.schema:133] CREATE INDEX "User_username_3851fdce_like" ON "User" ("username" varchar_pattern_ops); (params ())
[13/Dec/2020 10:20:37] DEBUG [django.db.backends.schema:133] CREATE INDEX "User_email_667201b5_like" ON "User" ("email" varchar_pattern_ops); (params ())
[13/Dec/2020 10:20:37] DEBUG [django.db.backends.schema:133] ALTER TABLE "User_groups" ADD CONSTRAINT "User_groups_user_id_group_id_d63e199e_uniq" UNIQUE ("user_id", "group_id"); (params ())
[13/Dec/2020 10:20:37] DEBUG [django.db.backends.schema:133] ALTER TABLE "User_groups" ADD CONSTRAINT "User_groups_user_id_8f675f72_fk_User_id" FOREIGN KEY ("user_id") REFERENCES "User" ("id") DEFERRABLE INITIALLY DEFERRED; (params ())
[13/Dec/2020 10:20:37] DEBUG [django.db.backends.schema:133] ALTER TABLE "User_groups" ADD CONSTRAINT "User_groups_group_id_328392a3_fk_auth_group_id" FOREIGN KEY ("group_id") REFERENCES "auth_group" ("id") DEFERRABLE INITIALLY DEFERRED; (params ())
[13/Dec/2020 10:20:37] DEBUG [django.db.backends.schema:133] CREATE INDEX "User_groups_user_id_8f675f72" ON "User_groups" ("user_id"); (params ())
[13/Dec/2020 10:20:37] DEBUG [django.db.backends.schema:133] CREATE INDEX "User_groups_group_id_328392a3" ON "User_groups" ("group_id"); (params ())
[13/Dec/2020 10:20:37] DEBUG [django.db.backends.schema:133] ALTER TABLE "User_user_permissions" ADD CONSTRAINT "User_user_permissions_user_id_permission_id_af0f54ec_uniq" UNIQUE ("user_id", "permission_id"); (params ())
[13/Dec/2020 10:20:37] DEBUG [django.db.backends.schema:133] ALTER TABLE "User_user_permissions" ADD CONSTRAINT "User_user_permissions_user_id_2c6da4d4_fk_User_id" FOREIGN KEY ("user_id") REFERENCES "User" ("id") DEFERRABLE INITIALLY DEFERRED; (params ())
[13/Dec/2020 10:20:37] DEBUG [django.db.backends.schema:133] ALTER TABLE "User_user_permissions" ADD CONSTRAINT "User_user_permission_permission_id_8e998ba4_fk_auth_perm" FOREIGN KEY ("permission_id") REFERENCES "auth_permission" ("id") DEFERRABLE INITIALLY DEFERRED; (params ())
[13/Dec/2020 10:20:37] DEBUG [django.db.backends.schema:133] CREATE INDEX "User_user_permissions_user_id_2c6da4d4" ON "User_user_permissions" ("user_id"); (params ())
[13/Dec/2020 10:20:37] DEBUG [django.db.backends.schema:133] CREATE INDEX "User_user_permissions_permission_id_8e998ba4" ON "User_user_permissions" ("permission_id"); (params ())
[13/Dec/2020 10:20:37] DEBUG [django.db.backends.schema:133] CREATE TABLE "django_admin_log" ("id" serial NOT NULL PRIMARY KEY, "action_time" timestamp with time zone NOT NULL, "object_id" text NULL, "object_repr" varchar(200) NOT NULL, "action_flag" smallint NOT NULL CHECK ("action_flag" >= 0), "change_message" text NOT NULL, "content_type_id" integer NULL, "user_id" integer NOT NULL); (params None)
[13/Dec/2020 10:20:37] DEBUG [django.db.backends.schema:133] ALTER TABLE "django_admin_log" ADD CONSTRAINT "django_admin_log_content_type_id_c4bce8eb_fk_django_co" FOREIGN KEY ("content_type_id") REFERENCES "django_content_type" ("id") DEFERRABLE INITIALLY DEFERRED; (params ())
[13/Dec/2020 10:20:37] DEBUG [django.db.backends.schema:133] ALTER TABLE "django_admin_log" ADD CONSTRAINT "django_admin_log_user_id_c564eba6_fk_User_id" FOREIGN KEY ("user_id") REFERENCES "User" ("id") DEFERRABLE INITIALLY DEFERRED; (params ())
[13/Dec/2020 10:20:37] DEBUG [django.db.backends.schema:133] CREATE INDEX "django_admin_log_content_type_id_c4bce8eb" ON "django_admin_log" ("content_type_id"); (params ())
[13/Dec/2020 10:20:37] DEBUG [django.db.backends.schema:133] CREATE INDEX "django_admin_log_user_id_c564eba6" ON "django_admin_log" ("user_id"); (params ())
[13/Dec/2020 10:20:37] DEBUG [django.db.backends.schema:133] CREATE TABLE "Category" ("id" serial NOT NULL PRIMARY KEY, "category_name" varchar(255) NOT NULL UNIQUE); (params None)
[13/Dec/2020 10:20:37] DEBUG [django.db.backends.schema:133] CREATE TABLE "Product" ("id" serial NOT NULL PRIMARY KEY, "barcode" varchar(200) NOT NULL UNIQUE, "product_name" varchar(500) NOT NULL, "nutrition_grade" varchar(1) NOT NULL, "url" varchar(500) NOT NULL, "product_image" varchar(500) NOT NULL, "nutrition_image" varchar(500) NULL); (params None)
[13/Dec/2020 10:20:37] DEBUG [django.db.backends.schema:133] CREATE TABLE "Product_category" ("id" serial NOT NULL PRIMARY KEY, "product_id" integer NOT NULL, "category_id" integer NOT NULL); (params None)
[13/Dec/2020 10:20:37] DEBUG [django.db.backends.schema:133] CREATE INDEX "Category_category_name_2dacc93e_like" ON "Category" ("category_name" varchar_pattern_ops); (params ())
[13/Dec/2020 10:20:37] DEBUG [django.db.backends.schema:133] CREATE INDEX "Product_barcode_e213f566_like" ON "Product" ("barcode" varchar_pattern_ops); (params ())
[13/Dec/2020 10:20:37] DEBUG [django.db.backends.schema:133] ALTER TABLE "Product_category" ADD CONSTRAINT "Product_category_product_id_category_id_f3e599fa_uniq" UNIQUE ("product_id", "category_id"); (params ())
[13/Dec/2020 10:20:37] DEBUG [django.db.backends.schema:133] ALTER TABLE "Product_category" ADD CONSTRAINT "Product_category_product_id_754e3bf6_fk_Product_id" FOREIGN KEY ("product_id") REFERENCES "Product" ("id") DEFERRABLE INITIALLY DEFERRED; (params ())
[13/Dec/2020 10:20:37] DEBUG [django.db.backends.schema:133] ALTER TABLE "Product_category" ADD CONSTRAINT "Product_category_category_id_e54223e1_fk_Category_id" FOREIGN KEY ("category_id") REFERENCES "Category" ("id") DEFERRABLE INITIALLY DEFERRED; (params ())
[13/Dec/2020 10:20:37] DEBUG [django.db.backends.schema:133] CREATE INDEX "Product_category_product_id_754e3bf6" ON "Product_category" ("product_id"); (params ())
[13/Dec/2020 10:20:37] DEBUG [django.db.backends.schema:133] CREATE INDEX "Product_category_category_id_e54223e1" ON "Product_category" ("category_id"); (params ())
[13/Dec/2020 10:20:37] DEBUG [django.db.backends.schema:133] CREATE TABLE "Favorite" ("id" serial NOT NULL PRIMARY KEY, "substitute_id" integer NOT NULL, "substituted_id" integer NOT NULL); (params None)
[13/Dec/2020 10:20:37] DEBUG [django.db.backends.schema:133] ALTER TABLE "Favorite" ADD CONSTRAINT "Favorite_substitute_id_1962b0e9_fk_Product_id" FOREIGN KEY ("substitute_id") REFERENCES "Product" ("id") DEFERRABLE INITIALLY DEFERRED; (params ())
[13/Dec/2020 10:20:37] DEBUG [django.db.backends.schema:133] ALTER TABLE "Favorite" ADD CONSTRAINT "Favorite_substituted_id_42f9048c_fk_Product_id" FOREIGN KEY ("substituted_id") REFERENCES "Product" ("id") DEFERRABLE INITIALLY DEFERRED; (params ())
[13/Dec/2020 10:20:37] DEBUG [django.db.backends.schema:133] CREATE INDEX "Favorite_substitute_id_1962b0e9" ON "Favorite" ("substitute_id"); (params ())
[13/Dec/2020 10:20:37] DEBUG [django.db.backends.schema:133] CREATE INDEX "Favorite_substituted_id_42f9048c" ON "Favorite" ("substituted_id"); (params ())
[13/Dec/2020 10:20:37] DEBUG [django.db.backends.schema:133] CREATE TABLE "Favorite_user" ("id" serial NOT NULL PRIMARY KEY, "favorite_id" integer NOT NULL, "user_id" integer NOT NULL); (params None)
[13/Dec/2020 10:20:37] DEBUG [django.db.backends.schema:133] ALTER TABLE "Favorite" ADD CONSTRAINT "Favorite_substituted_id_substitute_id_0e7f434f_uniq" UNIQUE ("substituted_id", "substitute_id"); (params ())
[13/Dec/2020 10:20:37] DEBUG [django.db.backends.schema:133] ALTER TABLE "Favorite_user" ADD CONSTRAINT "Favorite_user_favorite_id_user_id_cc27217d_uniq" UNIQUE ("favorite_id", "user_id"); (params ())
[13/Dec/2020 10:20:37] DEBUG [django.db.backends.schema:133] ALTER TABLE "Favorite_user" ADD CONSTRAINT "Favorite_user_favorite_id_257a7d10_fk_Favorite_id" FOREIGN KEY ("favorite_id") REFERENCES "Favorite" ("id") DEFERRABLE INITIALLY DEFERRED; (params ())
[13/Dec/2020 10:20:37] DEBUG [django.db.backends.schema:133] ALTER TABLE "Favorite_user" ADD CONSTRAINT "Favorite_user_user_id_870f5ad3_fk_User_id" FOREIGN KEY ("user_id") REFERENCES "User" ("id") DEFERRABLE INITIALLY DEFERRED; (params ())
[13/Dec/2020 10:20:37] DEBUG [django.db.backends.schema:133] CREATE INDEX "Favorite_user_favorite_id_257a7d10" ON "Favorite_user" ("favorite_id"); (params ())
[13/Dec/2020 10:20:37] DEBUG [django.db.backends.schema:133] CREATE INDEX "Favorite_user_user_id_870f5ad3" ON "Favorite_user" ("user_id"); (params ())
[13/Dec/2020 10:20:37] DEBUG [django.db.backends.schema:133] SET CONSTRAINTS "Favorite_substitute_id_1962b0e9_fk_Product_id" IMMEDIATE; ALTER TABLE "Favorite" DROP CONSTRAINT "Favorite_substitute_id_1962b0e9_fk_Product_id"; (params ())
[13/Dec/2020 10:20:37] DEBUG [django.db.backends.schema:133] ALTER TABLE "Favorite" ADD CONSTRAINT "Favorite_substitute_id_1962b0e9_fk_Product_id" FOREIGN KEY ("substitute_id") REFERENCES "Product" ("id") DEFERRABLE INITIALLY DEFERRED; (params ())
[13/Dec/2020 10:20:37] DEBUG [django.db.backends.schema:133] SET CONSTRAINTS "Favorite_substituted_id_42f9048c_fk_Product_id" IMMEDIATE; ALTER TABLE "Favorite" DROP CONSTRAINT "Favorite_substituted_id_42f9048c_fk_Product_id"; (params ())
[13/Dec/2020 10:20:37] DEBUG [django.db.backends.schema:133] ALTER TABLE "Favorite" ADD CONSTRAINT "Favorite_substituted_id_42f9048c_fk_Product_id" FOREIGN KEY ("substituted_id") REFERENCES "Product" ("id") DEFERRABLE INITIALLY DEFERRED; (params ())
[13/Dec/2020 10:20:37] DEBUG [django.db.backends.schema:133] SET CONSTRAINTS "Favorite_user_user_id_870f5ad3_fk_User_id" IMMEDIATE; ALTER TABLE "Favorite_user" DROP CONSTRAINT "Favorite_user_user_id_870f5ad3_fk_User_id"; (params ())
[13/Dec/2020 10:20:37] DEBUG [django.db.backends.schema:133] ALTER TABLE "Favorite_user" ADD CONSTRAINT "Favorite_user_user_id_870f5ad3_fk_User_id" FOREIGN KEY ("user_id") REFERENCES "User" ("id") DEFERRABLE INITIALLY DEFERRED; (params ())
[13/Dec/2020 10:20:37] DEBUG [django.db.backends.schema:133] SET CONSTRAINTS "Favorite_user_favorite_id_257a7d10_fk_Favorite_id" IMMEDIATE; ALTER TABLE "Favorite_user" DROP CONSTRAINT "Favorite_user_favorite_id_257a7d10_fk_Favorite_id"; (params ())
[13/Dec/2020 10:20:37] DEBUG [django.db.backends.schema:133] ALTER TABLE "Favorite_user" ADD CONSTRAINT "Favorite_user_favorite_id_257a7d10_fk_Favorite_id" FOREIGN KEY ("favorite_id") REFERENCES "Favorite" ("id") DEFERRABLE INITIALLY DEFERRED; (params ())
[13/Dec/2020 10:20:37] DEBUG [django.db.backends.schema:133] SET CONSTRAINTS "Favorite_substituted_id_42f9048c_fk_Product_id" IMMEDIATE; ALTER TABLE "Favorite" DROP CONSTRAINT "Favorite_substituted_id_42f9048c_fk_Product_id"; (params ())
[13/Dec/2020 10:20:37] DEBUG [django.db.backends.schema:133] ALTER TABLE "Favorite" ADD CONSTRAINT "Favorite_substituted_id_42f9048c_fk_Product_id" FOREIGN KEY ("substituted_id") REFERENCES "Product" ("id") DEFERRABLE INITIALLY DEFERRED; (params ())
[13/Dec/2020 10:20:37] DEBUG [django.db.backends.schema:133] ALTER TABLE "Favorite" DROP CONSTRAINT "Favorite_substituted_id_substitute_id_0e7f434f_uniq"; (params ())
[13/Dec/2020 10:20:37] DEBUG [django.db.backends.schema:133] CREATE TABLE "django_session" ("session_key" varchar(40) NOT NULL PRIMARY KEY, "session_data" text NOT NULL, "expire_date" timestamp with time zone NOT NULL); (params None)
[13/Dec/2020 10:20:37] DEBUG [django.db.backends.schema:133] CREATE INDEX "django_session_session_key_c0390e0f_like" ON "django_session" ("session_key" varchar_pattern_ops); (params ())
[13/Dec/2020 10:20:37] DEBUG [django.db.backends.schema:133] CREATE INDEX "django_session_expire_date_a5c62663" ON "django_session" ("expire_date"); (params ())
[13/Dec/2020 10:20:37] DEBUG [django.db.backends.schema:133] ALTER TABLE "User" DROP CONSTRAINT "User_email_key"; (params ())
[13/Dec/2020 10:20:37] DEBUG [django.db.backends.schema:133] ALTER TABLE "User" ALTER COLUMN "email" TYPE varchar(254); (params [])
[13/Dec/2020 10:20:37] DEBUG [django.db.backends.schema:133] DROP INDEX IF EXISTS "User_email_667201b5_like"; (params ())
[13/Dec/2020 10:20:37] DEBUG [django.db.backends.schema:133] ALTER TABLE "User" ALTER COLUMN "password" TYPE varchar(128); (params [])
[13/Dec/2020 10:20:44] WARNING [django.request:224] Not Found: /favicon.ico
[13/Dec/2020 10:31:54] DEBUG [django.db.backends.schema:133] CREATE TABLE "django_migrations" ("id" serial NOT NULL PRIMARY KEY, "app" varchar(255) NOT NULL, "name" varchar(255) NOT NULL, "applied" timestamp with time zone NOT NULL); (params None)
[13/Dec/2020 10:31:54] DEBUG [django.db.backends.schema:133] CREATE TABLE "django_content_type" ("id" serial NOT NULL PRIMARY KEY, "name" varchar(100) NOT NULL, "app_label" varchar(100) NOT NULL, "model" varchar(100) NOT NULL); (params None)
[13/Dec/2020 10:31:54] DEBUG [django.db.backends.schema:133] ALTER TABLE "django_content_type" ADD CONSTRAINT "django_content_type_app_label_model_76bd3d3b_uniq" UNIQUE ("app_label", "model"); (params ())
[13/Dec/2020 10:31:54] DEBUG [django.db.backends.schema:133] ALTER TABLE "django_content_type" ALTER COLUMN "name" DROP NOT NULL; (params [])
[13/Dec/2020 10:31:54] DEBUG [django.db.backends.schema:133] ALTER TABLE "django_content_type" DROP COLUMN "name" CASCADE; (params ())
[13/Dec/2020 10:31:54] DEBUG [django.db.backends.schema:133] CREATE TABLE "auth_permission" ("id" serial NOT NULL PRIMARY KEY, "name" varchar(50) NOT NULL, "content_type_id" integer NOT NULL, "codename" varchar(100) NOT NULL); (params None)
[13/Dec/2020 10:31:54] DEBUG [django.db.backends.schema:133] CREATE TABLE "auth_group" ("id" serial NOT NULL PRIMARY KEY, "name" varchar(80) NOT NULL UNIQUE); (params None)
[13/Dec/2020 10:31:54] DEBUG [django.db.backends.schema:133] CREATE TABLE "auth_group_permissions" ("id" serial NOT NULL PRIMARY KEY, "group_id" integer NOT NULL, "permission_id" integer NOT NULL); (params None)
[13/Dec/2020 10:31:54] DEBUG [django.db.backends.schema:133] ALTER TABLE "auth_permission" ADD CONSTRAINT "auth_permission_content_type_id_codename_01ab375a_uniq" UNIQUE ("content_type_id", "codename"); (params ())
[13/Dec/2020 10:31:54] DEBUG [django.db.backends.schema:133] ALTER TABLE "auth_permission" ADD CONSTRAINT "auth_permission_content_type_id_2f476e4b_fk_django_co" FOREIGN KEY ("content_type_id") REFERENCES "django_content_type" ("id") DEFERRABLE INITIALLY DEFERRED; (params ())
[13/Dec/2020 10:31:54] DEBUG [django.db.backends.schema:133] CREATE INDEX "auth_permission_content_type_id_2f476e4b" ON "auth_permission" ("content_type_id"); (params ())
[13/Dec/2020 10:31:54] DEBUG [django.db.backends.schema:133] CREATE INDEX "auth_group_name_a6ea08ec_like" ON "auth_group" ("name" varchar_pattern_ops); (params ())
[13/Dec/2020 10:31:54] DEBUG [django.db.backends.schema:133] ALTER TABLE "auth_group_permissions" ADD CONSTRAINT "auth_group_permissions_group_id_permission_id_0cd325b0_uniq" UNIQUE ("group_id", "permission_id"); (params ())
[13/Dec/2020 10:31:54] DEBUG [django.db.backends.schema:133] ALTER TABLE "auth_group_permissions" ADD CONSTRAINT "auth_group_permissions_group_id_b120cbf9_fk_auth_group_id" FOREIGN KEY ("group_id") REFERENCES "auth_group" ("id") DEFERRABLE INITIALLY DEFERRED; (params ())
[13/Dec/2020 10:31:54] DEBUG [django.db.backends.schema:133] ALTER TABLE "auth_group_permissions" ADD CONSTRAINT "auth_group_permissio_permission_id_84c5c92e_fk_auth_perm" FOREIGN KEY ("permission_id") REFERENCES "auth_permission" ("id") DEFERRABLE INITIALLY DEFERRED; (params ())
[13/Dec/2020 10:31:54] DEBUG [django.db.backends.schema:133] CREATE INDEX "auth_group_permissions_group_id_b120cbf9" ON "auth_group_permissions" ("group_id"); (params ())
[13/Dec/2020 10:31:54] DEBUG [django.db.backends.schema:133] CREATE INDEX "auth_group_permissions_permission_id_84c5c92e" ON "auth_group_permissions" ("permission_id"); (params ())
[13/Dec/2020 10:31:54] DEBUG [django.db.backends.schema:133] ALTER TABLE "auth_permission" ALTER COLUMN "name" TYPE varchar(255); (params [])
[13/Dec/2020 10:31:54] DEBUG [django.db.backends.schema:133] ALTER TABLE "auth_group" ALTER COLUMN "name" TYPE varchar(150); (params [])
[13/Dec/2020 10:31:54] DEBUG [django.db.backends.schema:133] CREATE TABLE "User" ("id" serial NOT NULL PRIMARY KEY, "last_login" timestamp with time zone NULL, "is_superuser" boolean NOT NULL, "username" varchar(150) NOT NULL UNIQUE, "last_name" varchar(150) NOT NULL, "is_staff" boolean NOT NULL, "is_active" boolean NOT NULL, "date_joined" timestamp with time zone NOT NULL, "email" varchar(255) NOT NULL UNIQUE, "password" varchar(200) NOT NULL, "first_name" varchar(200) NOT NULL); (params None)
[13/Dec/2020 10:31:54] DEBUG [django.db.backends.schema:133] CREATE TABLE "User_groups" ("id" serial NOT NULL PRIMARY KEY, "user_id" integer NOT NULL, "group_id" integer NOT NULL); (params None)
[13/Dec/2020 10:31:54] DEBUG [django.db.backends.schema:133] CREATE TABLE "User_user_permissions" ("id" serial NOT NULL PRIMARY KEY, "user_id" integer NOT NULL, "permission_id" integer NOT NULL); (params None)
[13/Dec/2020 10:31:54] DEBUG [django.db.backends.schema:133] CREATE INDEX "User_username_3851fdce_like" ON "User" ("username" varchar_pattern_ops); (params ())
[13/Dec/2020 10:31:54] DEBUG [django.db.backends.schema:133] CREATE INDEX "User_email_667201b5_like" ON "User" ("email" varchar_pattern_ops); (params ())
[13/Dec/2020 10:31:54] DEBUG [django.db.backends.schema:133] ALTER TABLE "User_groups" ADD CONSTRAINT "User_groups_user_id_group_id_d63e199e_uniq" UNIQUE ("user_id", "group_id"); (params ())
[13/Dec/2020 10:31:54] DEBUG [django.db.backends.schema:133] ALTER TABLE "User_groups" ADD CONSTRAINT "User_groups_user_id_8f675f72_fk_User_id" FOREIGN KEY ("user_id") REFERENCES "User" ("id") DEFERRABLE INITIALLY DEFERRED; (params ())
[13/Dec/2020 10:31:54] DEBUG [django.db.backends.schema:133] ALTER TABLE "User_groups" ADD CONSTRAINT "User_groups_group_id_328392a3_fk_auth_group_id" FOREIGN KEY ("group_id") REFERENCES "auth_group" ("id") DEFERRABLE INITIALLY DEFERRED; (params ())
[13/Dec/2020 10:31:54] DEBUG [django.db.backends.schema:133] CREATE INDEX "User_groups_user_id_8f675f72" ON "User_groups" ("user_id"); (params ())
[13/Dec/2020 10:31:54] DEBUG [django.db.backends.schema:133] CREATE INDEX "User_groups_group_id_328392a3" ON "User_groups" ("group_id"); (params ())
[13/Dec/2020 10:31:54] DEBUG [django.db.backends.schema:133] ALTER TABLE "User_user_permissions" ADD CONSTRAINT "User_user_permissions_user_id_permission_id_af0f54ec_uniq" UNIQUE ("user_id", "permission_id"); (params ())
[13/Dec/2020 10:31:54] DEBUG [django.db.backends.schema:133] ALTER TABLE "User_user_permissions" ADD CONSTRAINT "User_user_permissions_user_id_2c6da4d4_fk_User_id" FOREIGN KEY ("user_id") REFERENCES "User" ("id") DEFERRABLE INITIALLY DEFERRED; (params ())
[13/Dec/2020 10:31:54] DEBUG [django.db.backends.schema:133] ALTER TABLE "User_user_permissions" ADD CONSTRAINT "User_user_permission_permission_id_8e998ba4_fk_auth_perm" FOREIGN KEY ("permission_id") REFERENCES "auth_permission" ("id") DEFERRABLE INITIALLY DEFERRED; (params ())
[13/Dec/2020 10:31:54] DEBUG [django.db.backends.schema:133] CREATE INDEX "User_user_permissions_user_id_2c6da4d4" ON "User_user_permissions" ("user_id"); (params ())
[13/Dec/2020 10:31:54] DEBUG [django.db.backends.schema:133] CREATE INDEX "User_user_permissions_permission_id_8e998ba4" ON "User_user_permissions" ("permission_id"); (params ())
[13/Dec/2020 10:31:54] DEBUG [django.db.backends.schema:133] CREATE TABLE "django_admin_log" ("id" serial NOT NULL PRIMARY KEY, "action_time" timestamp with time zone NOT NULL, "object_id" text NULL, "object_repr" varchar(200) NOT NULL, "action_flag" smallint NOT NULL CHECK ("action_flag" >= 0), "change_message" text NOT NULL, "content_type_id" integer NULL, "user_id" integer NOT NULL); (params None)
[13/Dec/2020 10:31:54] DEBUG [django.db.backends.schema:133] ALTER TABLE "django_admin_log" ADD CONSTRAINT "django_admin_log_content_type_id_c4bce8eb_fk_django_co" FOREIGN KEY ("content_type_id") REFERENCES "django_content_type" ("id") DEFERRABLE INITIALLY DEFERRED; (params ())
[13/Dec/2020 10:31:54] DEBUG [django.db.backends.schema:133] ALTER TABLE "django_admin_log" ADD CONSTRAINT "django_admin_log_user_id_c564eba6_fk_User_id" FOREIGN KEY ("user_id") REFERENCES "User" ("id") DEFERRABLE INITIALLY DEFERRED; (params ())
[13/Dec/2020 10:31:54] DEBUG [django.db.backends.schema:133] CREATE INDEX "django_admin_log_content_type_id_c4bce8eb" ON "django_admin_log" ("content_type_id"); (params ())
[13/Dec/2020 10:31:54] DEBUG [django.db.backends.schema:133] CREATE INDEX "django_admin_log_user_id_c564eba6" ON "django_admin_log" ("user_id"); (params ())
[13/Dec/2020 10:31:54] DEBUG [django.db.backends.schema:133] CREATE TABLE "Category" ("id" serial NOT NULL PRIMARY KEY, "category_name" varchar(255) NOT NULL UNIQUE); (params None)
[13/Dec/2020 10:31:54] DEBUG [django.db.backends.schema:133] CREATE TABLE "Product" ("id" serial NOT NULL PRIMARY KEY, "barcode" varchar(200) NOT NULL UNIQUE, "product_name" varchar(500) NOT NULL, "nutrition_grade" varchar(1) NOT NULL, "url" varchar(500) NOT NULL, "product_image" varchar(500) NOT NULL, "nutrition_image" varchar(500) NULL); (params None)
[13/Dec/2020 10:31:54] DEBUG [django.db.backends.schema:133] CREATE TABLE "Product_category" ("id" serial NOT NULL PRIMARY KEY, "product_id" integer NOT NULL, "category_id" integer NOT NULL); (params None)
[13/Dec/2020 10:31:54] DEBUG [django.db.backends.schema:133] CREATE INDEX "Category_category_name_2dacc93e_like" ON "Category" ("category_name" varchar_pattern_ops); (params ())
[13/Dec/2020 10:31:54] DEBUG [django.db.backends.schema:133] CREATE INDEX "Product_barcode_e213f566_like" ON "Product" ("barcode" varchar_pattern_ops); (params ())
[13/Dec/2020 10:31:54] DEBUG [django.db.backends.schema:133] ALTER TABLE "Product_category" ADD CONSTRAINT "Product_category_product_id_category_id_f3e599fa_uniq" UNIQUE ("product_id", "category_id"); (params ())
[13/Dec/2020 10:31:54] DEBUG [django.db.backends.schema:133] ALTER TABLE "Product_category" ADD CONSTRAINT "Product_category_product_id_754e3bf6_fk_Product_id" FOREIGN KEY ("product_id") REFERENCES "Product" ("id") DEFERRABLE INITIALLY DEFERRED; (params ())
[13/Dec/2020 10:31:54] DEBUG [django.db.backends.schema:133] ALTER TABLE "Product_category" ADD CONSTRAINT "Product_category_category_id_e54223e1_fk_Category_id" FOREIGN KEY ("category_id") REFERENCES "Category" ("id") DEFERRABLE INITIALLY DEFERRED; (params ())
[13/Dec/2020 10:31:54] DEBUG [django.db.backends.schema:133] CREATE INDEX "Product_category_product_id_754e3bf6" ON "Product_category" ("product_id"); (params ())
[13/Dec/2020 10:31:54] DEBUG [django.db.backends.schema:133] CREATE INDEX "Product_category_category_id_e54223e1" ON "Product_category" ("category_id"); (params ())
[13/Dec/2020 10:31:54] DEBUG [django.db.backends.schema:133] CREATE TABLE "Favorite" ("id" serial NOT NULL PRIMARY KEY, "substitute_id" integer NOT NULL, "substituted_id" integer NOT NULL); (params None)
[13/Dec/2020 10:31:54] DEBUG [django.db.backends.schema:133] ALTER TABLE "Favorite" ADD CONSTRAINT "Favorite_substitute_id_1962b0e9_fk_Product_id" FOREIGN KEY ("substitute_id") REFERENCES "Product" ("id") DEFERRABLE INITIALLY DEFERRED; (params ())
[13/Dec/2020 10:31:54] DEBUG [django.db.backends.schema:133] ALTER TABLE "Favorite" ADD CONSTRAINT "Favorite_substituted_id_42f9048c_fk_Product_id" FOREIGN KEY ("substituted_id") REFERENCES "Product" ("id") DEFERRABLE INITIALLY DEFERRED; (params ())
[13/Dec/2020 10:31:54] DEBUG [django.db.backends.schema:133] CREATE INDEX "Favorite_substitute_id_1962b0e9" ON "Favorite" ("substitute_id"); (params ())
[13/Dec/2020 10:31:54] DEBUG [django.db.backends.schema:133] CREATE INDEX "Favorite_substituted_id_42f9048c" ON "Favorite" ("substituted_id"); (params ())
[13/Dec/2020 10:31:54] DEBUG [django.db.backends.schema:133] CREATE TABLE "Favorite_user" ("id" serial NOT NULL PRIMARY KEY, "favorite_id" integer NOT NULL, "user_id" integer NOT NULL); (params None)
[13/Dec/2020 10:31:55] DEBUG [django.db.backends.schema:133] ALTER TABLE "Favorite" ADD CONSTRAINT "Favorite_substituted_id_substitute_id_0e7f434f_uniq" UNIQUE ("substituted_id", "substitute_id"); (params ())
[13/Dec/2020 10:31:55] DEBUG [django.db.backends.schema:133] ALTER TABLE "Favorite_user" ADD CONSTRAINT "Favorite_user_favorite_id_user_id_cc27217d_uniq" UNIQUE ("favorite_id", "user_id"); (params ())
[13/Dec/2020 10:31:55] DEBUG [django.db.backends.schema:133] ALTER TABLE "Favorite_user" ADD CONSTRAINT "Favorite_user_favorite_id_257a7d10_fk_Favorite_id" FOREIGN KEY ("favorite_id") REFERENCES "Favorite" ("id") DEFERRABLE INITIALLY DEFERRED; (params ())
[13/Dec/2020 10:31:55] DEBUG [django.db.backends.schema:133] ALTER TABLE "Favorite_user" ADD CONSTRAINT "Favorite_user_user_id_870f5ad3_fk_User_id" FOREIGN KEY ("user_id") REFERENCES "User" ("id") DEFERRABLE INITIALLY DEFERRED; (params ())
[13/Dec/2020 10:31:55] DEBUG [django.db.backends.schema:133] CREATE INDEX "Favorite_user_favorite_id_257a7d10" ON "Favorite_user" ("favorite_id"); (params ())
[13/Dec/2020 10:31:55] DEBUG [django.db.backends.schema:133] CREATE INDEX "Favorite_user_user_id_870f5ad3" ON "Favorite_user" ("user_id"); (params ())
[13/Dec/2020 10:31:55] DEBUG [django.db.backends.schema:133] SET CONSTRAINTS "Favorite_substitute_id_1962b0e9_fk_Product_id" IMMEDIATE; ALTER TABLE "Favorite" DROP CONSTRAINT "Favorite_substitute_id_1962b0e9_fk_Product_id"; (params ())
[13/Dec/2020 10:31:55] DEBUG [django.db.backends.schema:133] ALTER TABLE "Favorite" ADD CONSTRAINT "Favorite_substitute_id_1962b0e9_fk_Product_id" FOREIGN KEY ("substitute_id") REFERENCES "Product" ("id") DEFERRABLE INITIALLY DEFERRED; (params ())
[13/Dec/2020 10:31:55] DEBUG [django.db.backends.schema:133] SET CONSTRAINTS "Favorite_substituted_id_42f9048c_fk_Product_id" IMMEDIATE; ALTER TABLE "Favorite" DROP CONSTRAINT "Favorite_substituted_id_42f9048c_fk_Product_id"; (params ())
[13/Dec/2020 10:31:55] DEBUG [django.db.backends.schema:133] ALTER TABLE "Favorite" ADD CONSTRAINT "Favorite_substituted_id_42f9048c_fk_Product_id" FOREIGN KEY ("substituted_id") REFERENCES "Product" ("id") DEFERRABLE INITIALLY DEFERRED; (params ())
[13/Dec/2020 10:31:55] DEBUG [django.db.backends.schema:133] SET CONSTRAINTS "Favorite_user_user_id_870f5ad3_fk_User_id" IMMEDIATE; ALTER TABLE "Favorite_user" DROP CONSTRAINT "Favorite_user_user_id_870f5ad3_fk_User_id"; (params ())
[13/Dec/2020 10:31:55] DEBUG [django.db.backends.schema:133] ALTER TABLE "Favorite_user" ADD CONSTRAINT "Favorite_user_user_id_870f5ad3_fk_User_id" FOREIGN KEY ("user_id") REFERENCES "User" ("id") DEFERRABLE INITIALLY DEFERRED; (params ())
[13/Dec/2020 10:31:55] DEBUG [django.db.backends.schema:133] SET CONSTRAINTS "Favorite_user_favorite_id_257a7d10_fk_Favorite_id" IMMEDIATE; ALTER TABLE "Favorite_user" DROP CONSTRAINT "Favorite_user_favorite_id_257a7d10_fk_Favorite_id"; (params ())
[13/Dec/2020 10:31:55] DEBUG [django.db.backends.schema:133] ALTER TABLE "Favorite_user" ADD CONSTRAINT "Favorite_user_favorite_id_257a7d10_fk_Favorite_id" FOREIGN KEY ("favorite_id") REFERENCES "Favorite" ("id") DEFERRABLE INITIALLY DEFERRED; (params ())
[13/Dec/2020 10:31:55] DEBUG [django.db.backends.schema:133] SET CONSTRAINTS "Favorite_substituted_id_42f9048c_fk_Product_id" IMMEDIATE; ALTER TABLE "Favorite" DROP CONSTRAINT "Favorite_substituted_id_42f9048c_fk_Product_id"; (params ())
[13/Dec/2020 10:31:55] DEBUG [django.db.backends.schema:133] ALTER TABLE "Favorite" ADD CONSTRAINT "Favorite_substituted_id_42f9048c_fk_Product_id" FOREIGN KEY ("substituted_id") REFERENCES "Product" ("id") DEFERRABLE INITIALLY DEFERRED; (params ())
[13/Dec/2020 10:31:55] DEBUG [django.db.backends.schema:133] ALTER TABLE "Favorite" DROP CONSTRAINT "Favorite_substituted_id_substitute_id_0e7f434f_uniq"; (params ())
[13/Dec/2020 10:31:55] DEBUG [django.db.backends.schema:133] CREATE TABLE "django_session" ("session_key" varchar(40) NOT NULL PRIMARY KEY, "session_data" text NOT NULL, "expire_date" timestamp with time zone NOT NULL); (params None)
[13/Dec/2020 10:31:55] DEBUG [django.db.backends.schema:133] CREATE INDEX "django_session_session_key_c0390e0f_like" ON "django_session" ("session_key" varchar_pattern_ops); (params ())
[13/Dec/2020 10:31:55] DEBUG [django.db.backends.schema:133] CREATE INDEX "django_session_expire_date_a5c62663" ON "django_session" ("expire_date"); (params ())
[13/Dec/2020 10:31:55] DEBUG [django.db.backends.schema:133] ALTER TABLE "User" DROP CONSTRAINT "User_email_key"; (params ())
[13/Dec/2020 10:31:55] DEBUG [django.db.backends.schema:133] ALTER TABLE "User" ALTER COLUMN "email" TYPE varchar(254); (params [])
[13/Dec/2020 10:31:55] DEBUG [django.db.backends.schema:133] DROP INDEX IF EXISTS "User_email_667201b5_like"; (params ())
[13/Dec/2020 10:31:55] DEBUG [django.db.backends.schema:133] ALTER TABLE "User" ALTER COLUMN "password" TYPE varchar(128); (params [])
[13/Dec/2020 10:32:01] WARNING [django.request:224] Not Found: /favicon.ico
[13/Dec/2020 10:51:43] DEBUG [django.db.backends.schema:133] CREATE TABLE "django_migrations" ("id" serial NOT NULL PRIMARY KEY, "app" varchar(255) NOT NULL, "name" varchar(255) NOT NULL, "applied" timestamp with time zone NOT NULL); (params None)
[13/Dec/2020 10:51:43] DEBUG [django.db.backends.schema:133] CREATE TABLE "django_content_type" ("id" serial NOT NULL PRIMARY KEY, "name" varchar(100) NOT NULL, "app_label" varchar(100) NOT NULL, "model" varchar(100) NOT NULL); (params None)
[13/Dec/2020 10:51:43] DEBUG [django.db.backends.schema:133] ALTER TABLE "django_content_type" ADD CONSTRAINT "django_content_type_app_label_model_76bd3d3b_uniq" UNIQUE ("app_label", "model"); (params ())
[13/Dec/2020 10:51:43] DEBUG [django.db.backends.schema:133] ALTER TABLE "django_content_type" ALTER COLUMN "name" DROP NOT NULL; (params [])
[13/Dec/2020 10:51:43] DEBUG [django.db.backends.schema:133] ALTER TABLE "django_content_type" DROP COLUMN "name" CASCADE; (params ())
[13/Dec/2020 10:51:43] DEBUG [django.db.backends.schema:133] CREATE TABLE "auth_permission" ("id" serial NOT NULL PRIMARY KEY, "name" varchar(50) NOT NULL, "content_type_id" integer NOT NULL, "codename" varchar(100) NOT NULL); (params None)
[13/Dec/2020 10:51:43] DEBUG [django.db.backends.schema:133] CREATE TABLE "auth_group" ("id" serial NOT NULL PRIMARY KEY, "name" varchar(80) NOT NULL UNIQUE); (params None)
[13/Dec/2020 10:51:43] DEBUG [django.db.backends.schema:133] CREATE TABLE "auth_group_permissions" ("id" serial NOT NULL PRIMARY KEY, "group_id" integer NOT NULL, "permission_id" integer NOT NULL); (params None)
[13/Dec/2020 10:51:43] DEBUG [django.db.backends.schema:133] ALTER TABLE "auth_permission" ADD CONSTRAINT "auth_permission_content_type_id_codename_01ab375a_uniq" UNIQUE ("content_type_id", "codename"); (params ())
[13/Dec/2020 10:51:43] DEBUG [django.db.backends.schema:133] ALTER TABLE "auth_permission" ADD CONSTRAINT "auth_permission_content_type_id_2f476e4b_fk_django_co" FOREIGN KEY ("content_type_id") REFERENCES "django_content_type" ("id") DEFERRABLE INITIALLY DEFERRED; (params ())
[13/Dec/2020 10:51:43] DEBUG [django.db.backends.schema:133] CREATE INDEX "auth_permission_content_type_id_2f476e4b" ON "auth_permission" ("content_type_id"); (params ())
[13/Dec/2020 10:51:43] DEBUG [django.db.backends.schema:133] CREATE INDEX "auth_group_name_a6ea08ec_like" ON "auth_group" ("name" varchar_pattern_ops); (params ())
[13/Dec/2020 10:51:43] DEBUG [django.db.backends.schema:133] ALTER TABLE "auth_group_permissions" ADD CONSTRAINT "auth_group_permissions_group_id_permission_id_0cd325b0_uniq" UNIQUE ("group_id", "permission_id"); (params ())
[13/Dec/2020 10:51:43] DEBUG [django.db.backends.schema:133] ALTER TABLE "auth_group_permissions" ADD CONSTRAINT "auth_group_permissions_group_id_b120cbf9_fk_auth_group_id" FOREIGN KEY ("group_id") REFERENCES "auth_group" ("id") DEFERRABLE INITIALLY DEFERRED; (params ())
[13/Dec/2020 10:51:43] DEBUG [django.db.backends.schema:133] ALTER TABLE "auth_group_permissions" ADD CONSTRAINT "auth_group_permissio_permission_id_84c5c92e_fk_auth_perm" FOREIGN KEY ("permission_id") REFERENCES "auth_permission" ("id") DEFERRABLE INITIALLY DEFERRED; (params ())
[13/Dec/2020 10:51:43] DEBUG [django.db.backends.schema:133] CREATE INDEX "auth_group_permissions_group_id_b120cbf9" ON "auth_group_permissions" ("group_id"); (params ())
[13/Dec/2020 10:51:43] DEBUG [django.db.backends.schema:133] CREATE INDEX "auth_group_permissions_permission_id_84c5c92e" ON "auth_group_permissions" ("permission_id"); (params ())
[13/Dec/2020 10:51:43] DEBUG [django.db.backends.schema:133] ALTER TABLE "auth_permission" ALTER COLUMN "name" TYPE varchar(255); (params [])
[13/Dec/2020 10:51:43] DEBUG [django.db.backends.schema:133] ALTER TABLE "auth_group" ALTER COLUMN "name" TYPE varchar(150); (params [])
[13/Dec/2020 10:51:43] DEBUG [django.db.backends.schema:133] CREATE TABLE "User" ("id" serial NOT NULL PRIMARY KEY, "last_login" timestamp with time zone NULL, "is_superuser" boolean NOT NULL, "username" varchar(150) NOT NULL UNIQUE, "last_name" varchar(150) NOT NULL, "is_staff" boolean NOT NULL, "is_active" boolean NOT NULL, "date_joined" timestamp with time zone NOT NULL, "email" varchar(255) NOT NULL UNIQUE, "password" varchar(200) NOT NULL, "first_name" varchar(200) NOT NULL); (params None)
[13/Dec/2020 10:51:43] DEBUG [django.db.backends.schema:133] CREATE TABLE "User_groups" ("id" serial NOT NULL PRIMARY KEY, "user_id" integer NOT NULL, "group_id" integer NOT NULL); (params None)
[13/Dec/2020 10:51:43] DEBUG [django.db.backends.schema:133] CREATE TABLE "User_user_permissions" ("id" serial NOT NULL PRIMARY KEY, "user_id" integer NOT NULL, "permission_id" integer NOT NULL); (params None)
[13/Dec/2020 10:51:43] DEBUG [django.db.backends.schema:133] CREATE INDEX "User_username_3851fdce_like" ON "User" ("username" varchar_pattern_ops); (params ())
[13/Dec/2020 10:51:43] DEBUG [django.db.backends.schema:133] CREATE INDEX "User_email_667201b5_like" ON "User" ("email" varchar_pattern_ops); (params ())
[13/Dec/2020 10:51:43] DEBUG [django.db.backends.schema:133] ALTER TABLE "User_groups" ADD CONSTRAINT "User_groups_user_id_group_id_d63e199e_uniq" UNIQUE ("user_id", "group_id"); (params ())
[13/Dec/2020 10:51:43] DEBUG [django.db.backends.schema:133] ALTER TABLE "User_groups" ADD CONSTRAINT "User_groups_user_id_8f675f72_fk_User_id" FOREIGN KEY ("user_id") REFERENCES "User" ("id") DEFERRABLE INITIALLY DEFERRED; (params ())
[13/Dec/2020 10:51:43] DEBUG [django.db.backends.schema:133] ALTER TABLE "User_groups" ADD CONSTRAINT "User_groups_group_id_328392a3_fk_auth_group_id" FOREIGN KEY ("group_id") REFERENCES "auth_group" ("id") DEFERRABLE INITIALLY DEFERRED; (params ())
[13/Dec/2020 10:51:43] DEBUG [django.db.backends.schema:133] CREATE INDEX "User_groups_user_id_8f675f72" ON "User_groups" ("user_id"); (params ())
[13/Dec/2020 10:51:43] DEBUG [django.db.backends.schema:133] CREATE INDEX "User_groups_group_id_328392a3" ON "User_groups" ("group_id"); (params ())
[13/Dec/2020 10:51:43] DEBUG [django.db.backends.schema:133] ALTER TABLE "User_user_permissions" ADD CONSTRAINT "User_user_permissions_user_id_permission_id_af0f54ec_uniq" UNIQUE ("user_id", "permission_id"); (params ())
[13/Dec/2020 10:51:43] DEBUG [django.db.backends.schema:133] ALTER TABLE "User_user_permissions" ADD CONSTRAINT "User_user_permissions_user_id_2c6da4d4_fk_User_id" FOREIGN KEY ("user_id") REFERENCES "User" ("id") DEFERRABLE INITIALLY DEFERRED; (params ())
[13/Dec/2020 10:51:43] DEBUG [django.db.backends.schema:133] ALTER TABLE "User_user_permissions" ADD CONSTRAINT "User_user_permission_permission_id_8e998ba4_fk_auth_perm" FOREIGN KEY ("permission_id") REFERENCES "auth_permission" ("id") DEFERRABLE INITIALLY DEFERRED; (params ())
[13/Dec/2020 10:51:43] DEBUG [django.db.backends.schema:133] CREATE INDEX "User_user_permissions_user_id_2c6da4d4" ON "User_user_permissions" ("user_id"); (params ())
[13/Dec/2020 10:51:43] DEBUG [django.db.backends.schema:133] CREATE INDEX "User_user_permissions_permission_id_8e998ba4" ON "User_user_permissions" ("permission_id"); (params ())
[13/Dec/2020 10:51:43] DEBUG [django.db.backends.schema:133] CREATE TABLE "django_admin_log" ("id" serial NOT NULL PRIMARY KEY, "action_time" timestamp with time zone NOT NULL, "object_id" text NULL, "object_repr" varchar(200) NOT NULL, "action_flag" smallint NOT NULL CHECK ("action_flag" >= 0), "change_message" text NOT NULL, "content_type_id" integer NULL, "user_id" integer NOT NULL); (params None)
[13/Dec/2020 10:51:43] DEBUG [django.db.backends.schema:133] ALTER TABLE "django_admin_log" ADD CONSTRAINT "django_admin_log_content_type_id_c4bce8eb_fk_django_co" FOREIGN KEY ("content_type_id") REFERENCES "django_content_type" ("id") DEFERRABLE INITIALLY DEFERRED; (params ())
[13/Dec/2020 10:51:43] DEBUG [django.db.backends.schema:133] ALTER TABLE "django_admin_log" ADD CONSTRAINT "django_admin_log_user_id_c564eba6_fk_User_id" FOREIGN KEY ("user_id") REFERENCES "User" ("id") DEFERRABLE INITIALLY DEFERRED; (params ())
[13/Dec/2020 10:51:43] DEBUG [django.db.backends.schema:133] CREATE INDEX "django_admin_log_content_type_id_c4bce8eb" ON "django_admin_log" ("content_type_id"); (params ())
[13/Dec/2020 10:51:43] DEBUG [django.db.backends.schema:133] CREATE INDEX "django_admin_log_user_id_c564eba6" ON "django_admin_log" ("user_id"); (params ())
[13/Dec/2020 10:51:43] DEBUG [django.db.backends.schema:133] CREATE TABLE "Category" ("id" serial NOT NULL PRIMARY KEY, "category_name" varchar(255) NOT NULL UNIQUE); (params None)
[13/Dec/2020 10:51:43] DEBUG [django.db.backends.schema:133] CREATE TABLE "Product" ("id" serial NOT NULL PRIMARY KEY, "barcode" varchar(200) NOT NULL UNIQUE, "product_name" varchar(500) NOT NULL, "nutrition_grade" varchar(1) NOT NULL, "url" varchar(500) NOT NULL, "product_image" varchar(500) NOT NULL, "nutrition_image" varchar(500) NULL); (params None)
[13/Dec/2020 10:51:43] DEBUG [django.db.backends.schema:133] CREATE TABLE "Product_category" ("id" serial NOT NULL PRIMARY KEY, "product_id" integer NOT NULL, "category_id" integer NOT NULL); (params None)
[13/Dec/2020 10:51:43] DEBUG [django.db.backends.schema:133] CREATE INDEX "Category_category_name_2dacc93e_like" ON "Category" ("category_name" varchar_pattern_ops); (params ())
[13/Dec/2020 10:51:43] DEBUG [django.db.backends.schema:133] CREATE INDEX "Product_barcode_e213f566_like" ON "Product" ("barcode" varchar_pattern_ops); (params ())
[13/Dec/2020 10:51:43] DEBUG [django.db.backends.schema:133] ALTER TABLE "Product_category" ADD CONSTRAINT "Product_category_product_id_category_id_f3e599fa_uniq" UNIQUE ("product_id", "category_id"); (params ())
[13/Dec/2020 10:51:43] DEBUG [django.db.backends.schema:133] ALTER TABLE "Product_category" ADD CONSTRAINT "Product_category_product_id_754e3bf6_fk_Product_id" FOREIGN KEY ("product_id") REFERENCES "Product" ("id") DEFERRABLE INITIALLY DEFERRED; (params ())
[13/Dec/2020 10:51:43] DEBUG [django.db.backends.schema:133] ALTER TABLE "Product_category" ADD CONSTRAINT "Product_category_category_id_e54223e1_fk_Category_id" FOREIGN KEY ("category_id") REFERENCES "Category" ("id") DEFERRABLE INITIALLY DEFERRED; (params ())
[13/Dec/2020 10:51:43] DEBUG [django.db.backends.schema:133] CREATE INDEX "Product_category_product_id_754e3bf6" ON "Product_category" ("product_id"); (params ())
[13/Dec/2020 10:51:43] DEBUG [django.db.backends.schema:133] CREATE INDEX "Product_category_category_id_e54223e1" ON "Product_category" ("category_id"); (params ())
[13/Dec/2020 10:51:43] DEBUG [django.db.backends.schema:133] CREATE TABLE "Favorite" ("id" serial NOT NULL PRIMARY KEY, "substitute_id" integer NOT NULL, "substituted_id" integer NOT NULL); (params None)
[13/Dec/2020 10:51:43] DEBUG [django.db.backends.schema:133] ALTER TABLE "Favorite" ADD CONSTRAINT "Favorite_substitute_id_1962b0e9_fk_Product_id" FOREIGN KEY ("substitute_id") REFERENCES "Product" ("id") DEFERRABLE INITIALLY DEFERRED; (params ())
[13/Dec/2020 10:51:43] DEBUG [django.db.backends.schema:133] ALTER TABLE "Favorite" ADD CONSTRAINT "Favorite_substituted_id_42f9048c_fk_Product_id" FOREIGN KEY ("substituted_id") REFERENCES "Product" ("id") DEFERRABLE INITIALLY DEFERRED; (params ())
[13/Dec/2020 10:51:43] DEBUG [django.db.backends.schema:133] CREATE INDEX "Favorite_substitute_id_1962b0e9" ON "Favorite" ("substitute_id"); (params ())
[13/Dec/2020 10:51:43] DEBUG [django.db.backends.schema:133] CREATE INDEX "Favorite_substituted_id_42f9048c" ON "Favorite" ("substituted_id"); (params ())
[13/Dec/2020 10:51:43] DEBUG [django.db.backends.schema:133] CREATE TABLE "Favorite_user" ("id" serial NOT NULL PRIMARY KEY, "favorite_id" integer NOT NULL, "user_id" integer NOT NULL); (params None)
[13/Dec/2020 10:51:43] DEBUG [django.db.backends.schema:133] ALTER TABLE "Favorite" ADD CONSTRAINT "Favorite_substituted_id_substitute_id_0e7f434f_uniq" UNIQUE ("substituted_id", "substitute_id"); (params ())
[13/Dec/2020 10:51:43] DEBUG [django.db.backends.schema:133] ALTER TABLE "Favorite_user" ADD CONSTRAINT "Favorite_user_favorite_id_user_id_cc27217d_uniq" UNIQUE ("favorite_id", "user_id"); (params ())
[13/Dec/2020 10:51:43] DEBUG [django.db.backends.schema:133] ALTER TABLE "Favorite_user" ADD CONSTRAINT "Favorite_user_favorite_id_257a7d10_fk_Favorite_id" FOREIGN KEY ("favorite_id") REFERENCES "Favorite" ("id") DEFERRABLE INITIALLY DEFERRED; (params ())
[13/Dec/2020 10:51:43] DEBUG [django.db.backends.schema:133] ALTER TABLE "Favorite_user" ADD CONSTRAINT "Favorite_user_user_id_870f5ad3_fk_User_id" FOREIGN KEY ("user_id") REFERENCES "User" ("id") DEFERRABLE INITIALLY DEFERRED; (params ())
[13/Dec/2020 10:51:43] DEBUG [django.db.backends.schema:133] CREATE INDEX "Favorite_user_favorite_id_257a7d10" ON "Favorite_user" ("favorite_id"); (params ())
[13/Dec/2020 10:51:43] DEBUG [django.db.backends.schema:133] CREATE INDEX "Favorite_user_user_id_870f5ad3" ON "Favorite_user" ("user_id"); (params ())
[13/Dec/2020 10:51:43] DEBUG [django.db.backends.schema:133] SET CONSTRAINTS "Favorite_substitute_id_1962b0e9_fk_Product_id" IMMEDIATE; ALTER TABLE "Favorite" DROP CONSTRAINT "Favorite_substitute_id_1962b0e9_fk_Product_id"; (params ())
[13/Dec/2020 10:51:43] DEBUG [django.db.backends.schema:133] ALTER TABLE "Favorite" ADD CONSTRAINT "Favorite_substitute_id_1962b0e9_fk_Product_id" FOREIGN KEY ("substitute_id") REFERENCES "Product" ("id") DEFERRABLE INITIALLY DEFERRED; (params ())
[13/Dec/2020 10:51:43] DEBUG [django.db.backends.schema:133] SET CONSTRAINTS "Favorite_substituted_id_42f9048c_fk_Product_id" IMMEDIATE; ALTER TABLE "Favorite" DROP CONSTRAINT "Favorite_substituted_id_42f9048c_fk_Product_id"; (params ())
[13/Dec/2020 10:51:43] DEBUG [django.db.backends.schema:133] ALTER TABLE "Favorite" ADD CONSTRAINT "Favorite_substituted_id_42f9048c_fk_Product_id" FOREIGN KEY ("substituted_id") REFERENCES "Product" ("id") DEFERRABLE INITIALLY DEFERRED; (params ())
[13/Dec/2020 10:51:43] DEBUG [django.db.backends.schema:133] SET CONSTRAINTS "Favorite_user_user_id_870f5ad3_fk_User_id" IMMEDIATE; ALTER TABLE "Favorite_user" DROP CONSTRAINT "Favorite_user_user_id_870f5ad3_fk_User_id"; (params ())
[13/Dec/2020 10:51:43] DEBUG [django.db.backends.schema:133] ALTER TABLE "Favorite_user" ADD CONSTRAINT "Favorite_user_user_id_870f5ad3_fk_User_id" FOREIGN KEY ("user_id") REFERENCES "User" ("id") DEFERRABLE INITIALLY DEFERRED; (params ())
[13/Dec/2020 10:51:43] DEBUG [django.db.backends.schema:133] SET CONSTRAINTS "Favorite_user_favorite_id_257a7d10_fk_Favorite_id" IMMEDIATE; ALTER TABLE "Favorite_user" DROP CONSTRAINT "Favorite_user_favorite_id_257a7d10_fk_Favorite_id"; (params ())
[13/Dec/2020 10:51:43] DEBUG [django.db.backends.schema:133] ALTER TABLE "Favorite_user" ADD CONSTRAINT "Favorite_user_favorite_id_257a7d10_fk_Favorite_id" FOREIGN KEY ("favorite_id") REFERENCES "Favorite" ("id") DEFERRABLE INITIALLY DEFERRED; (params ())
[13/Dec/2020 10:51:43] DEBUG [django.db.backends.schema:133] SET CONSTRAINTS "Favorite_substituted_id_42f9048c_fk_Product_id" IMMEDIATE; ALTER TABLE "Favorite" DROP CONSTRAINT "Favorite_substituted_id_42f9048c_fk_Product_id"; (params ())
[13/Dec/2020 10:51:43] DEBUG [django.db.backends.schema:133] ALTER TABLE "Favorite" ADD CONSTRAINT "Favorite_substituted_id_42f9048c_fk_Product_id" FOREIGN KEY ("substituted_id") REFERENCES "Product" ("id") DEFERRABLE INITIALLY DEFERRED; (params ())
[13/Dec/2020 10:51:43] DEBUG [django.db.backends.schema:133] ALTER TABLE "Favorite" DROP CONSTRAINT "Favorite_substituted_id_substitute_id_0e7f434f_uniq"; (params ())
[13/Dec/2020 10:51:43] DEBUG [django.db.backends.schema:133] CREATE TABLE "django_session" ("session_key" varchar(40) NOT NULL PRIMARY KEY, "session_data" text NOT NULL, "expire_date" timestamp with time zone NOT NULL); (params None)
[13/Dec/2020 10:51:43] DEBUG [django.db.backends.schema:133] CREATE INDEX "django_session_session_key_c0390e0f_like" ON "django_session" ("session_key" varchar_pattern_ops); (params ())
[13/Dec/2020 10:51:43] DEBUG [django.db.backends.schema:133] CREATE INDEX "django_session_expire_date_a5c62663" ON "django_session" ("expire_date"); (params ())
[13/Dec/2020 10:51:43] DEBUG [django.db.backends.schema:133] ALTER TABLE "User" DROP CONSTRAINT "User_email_key"; (params ())
[13/Dec/2020 10:51:43] DEBUG [django.db.backends.schema:133] ALTER TABLE "User" ALTER COLUMN "email" TYPE varchar(254); (params [])
[13/Dec/2020 10:51:43] DEBUG [django.db.backends.schema:133] DROP INDEX IF EXISTS "User_email_667201b5_like"; (params ())
[13/Dec/2020 10:51:43] DEBUG [django.db.backends.schema:133] ALTER TABLE "User" ALTER COLUMN "password" TYPE varchar(128); (params [])
[13/Dec/2020 10:52:05] DEBUG [django.db.backends.schema:133] CREATE TABLE "django_migrations" ("id" serial NOT NULL PRIMARY KEY, "app" varchar(255) NOT NULL, "name" varchar(255) NOT NULL, "applied" timestamp with time zone NOT NULL); (params None)
[13/Dec/2020 10:52:05] DEBUG [django.db.backends.schema:133] CREATE TABLE "django_content_type" ("id" serial NOT NULL PRIMARY KEY, "name" varchar(100) NOT NULL, "app_label" varchar(100) NOT NULL, "model" varchar(100) NOT NULL); (params None)
[13/Dec/2020 10:52:05] DEBUG [django.db.backends.schema:133] ALTER TABLE "django_content_type" ADD CONSTRAINT "django_content_type_app_label_model_76bd3d3b_uniq" UNIQUE ("app_label", "model"); (params ())
[13/Dec/2020 10:52:05] DEBUG [django.db.backends.schema:133] ALTER TABLE "django_content_type" ALTER COLUMN "name" DROP NOT NULL; (params [])
[13/Dec/2020 10:52:05] DEBUG [django.db.backends.schema:133] ALTER TABLE "django_content_type" DROP COLUMN "name" CASCADE; (params ())
[13/Dec/2020 10:52:05] DEBUG [django.db.backends.schema:133] CREATE TABLE "auth_permission" ("id" serial NOT NULL PRIMARY KEY, "name" varchar(50) NOT NULL, "content_type_id" integer NOT NULL, "codename" varchar(100) NOT NULL); (params None)
[13/Dec/2020 10:52:05] DEBUG [django.db.backends.schema:133] CREATE TABLE "auth_group" ("id" serial NOT NULL PRIMARY KEY, "name" varchar(80) NOT NULL UNIQUE); (params None)
[13/Dec/2020 10:52:05] DEBUG [django.db.backends.schema:133] CREATE TABLE "auth_group_permissions" ("id" serial NOT NULL PRIMARY KEY, "group_id" integer NOT NULL, "permission_id" integer NOT NULL); (params None)
[13/Dec/2020 10:52:05] DEBUG [django.db.backends.schema:133] ALTER TABLE "auth_permission" ADD CONSTRAINT "auth_permission_content_type_id_codename_01ab375a_uniq" UNIQUE ("content_type_id", "codename"); (params ())
[13/Dec/2020 10:52:05] DEBUG [django.db.backends.schema:133] ALTER TABLE "auth_permission" ADD CONSTRAINT "auth_permission_content_type_id_2f476e4b_fk_django_co" FOREIGN KEY ("content_type_id") REFERENCES "django_content_type" ("id") DEFERRABLE INITIALLY DEFERRED; (params ())
[13/Dec/2020 10:52:05] DEBUG [django.db.backends.schema:133] CREATE INDEX "auth_permission_content_type_id_2f476e4b" ON "auth_permission" ("content_type_id"); (params ())
[13/Dec/2020 10:52:05] DEBUG [django.db.backends.schema:133] CREATE INDEX "auth_group_name_a6ea08ec_like" ON "auth_group" ("name" varchar_pattern_ops); (params ())
[13/Dec/2020 10:52:05] DEBUG [django.db.backends.schema:133] ALTER TABLE "auth_group_permissions" ADD CONSTRAINT "auth_group_permissions_group_id_permission_id_0cd325b0_uniq" UNIQUE ("group_id", "permission_id"); (params ())
[13/Dec/2020 10:52:05] DEBUG [django.db.backends.schema:133] ALTER TABLE "auth_group_permissions" ADD CONSTRAINT "auth_group_permissions_group_id_b120cbf9_fk_auth_group_id" FOREIGN KEY ("group_id") REFERENCES "auth_group" ("id") DEFERRABLE INITIALLY DEFERRED; (params ())
[13/Dec/2020 10:52:05] DEBUG [django.db.backends.schema:133] ALTER TABLE "auth_group_permissions" ADD CONSTRAINT "auth_group_permissio_permission_id_84c5c92e_fk_auth_perm" FOREIGN KEY ("permission_id") REFERENCES "auth_permission" ("id") DEFERRABLE INITIALLY DEFERRED; (params ())
[13/Dec/2020 10:52:05] DEBUG [django.db.backends.schema:133] CREATE INDEX "auth_group_permissions_group_id_b120cbf9" ON "auth_group_permissions" ("group_id"); (params ())
[13/Dec/2020 10:52:05] DEBUG [django.db.backends.schema:133] CREATE INDEX "auth_group_permissions_permission_id_84c5c92e" ON "auth_group_permissions" ("permission_id"); (params ())
[13/Dec/2020 10:52:05] DEBUG [django.db.backends.schema:133] ALTER TABLE "auth_permission" ALTER COLUMN "name" TYPE varchar(255); (params [])
[13/Dec/2020 10:52:05] DEBUG [django.db.backends.schema:133] ALTER TABLE "auth_group" ALTER COLUMN "name" TYPE varchar(150); (params [])
[13/Dec/2020 10:52:05] DEBUG [django.db.backends.schema:133] CREATE TABLE "User" ("id" serial NOT NULL PRIMARY KEY, "last_login" timestamp with time zone NULL, "is_superuser" boolean NOT NULL, "username" varchar(150) NOT NULL UNIQUE, "last_name" varchar(150) NOT NULL, "is_staff" boolean NOT NULL, "is_active" boolean NOT NULL, "date_joined" timestamp with time zone NOT NULL, "email" varchar(255) NOT NULL UNIQUE, "password" varchar(200) NOT NULL, "first_name" varchar(200) NOT NULL); (params None)
[13/Dec/2020 10:52:05] DEBUG [django.db.backends.schema:133] CREATE TABLE "User_groups" ("id" serial NOT NULL PRIMARY KEY, "user_id" integer NOT NULL, "group_id" integer NOT NULL); (params None)
[13/Dec/2020 10:52:05] DEBUG [django.db.backends.schema:133] CREATE TABLE "User_user_permissions" ("id" serial NOT NULL PRIMARY KEY, "user_id" integer NOT NULL, "permission_id" integer NOT NULL); (params None)
[13/Dec/2020 10:52:05] DEBUG [django.db.backends.schema:133] CREATE INDEX "User_username_3851fdce_like" ON "User" ("username" varchar_pattern_ops); (params ())
[13/Dec/2020 10:52:05] DEBUG [django.db.backends.schema:133] CREATE INDEX "User_email_667201b5_like" ON "User" ("email" varchar_pattern_ops); (params ())
[13/Dec/2020 10:52:05] DEBUG [django.db.backends.schema:133] ALTER TABLE "User_groups" ADD CONSTRAINT "User_groups_user_id_group_id_d63e199e_uniq" UNIQUE ("user_id", "group_id"); (params ())
[13/Dec/2020 10:52:05] DEBUG [django.db.backends.schema:133] ALTER TABLE "User_groups" ADD CONSTRAINT "User_groups_user_id_8f675f72_fk_User_id" FOREIGN KEY ("user_id") REFERENCES "User" ("id") DEFERRABLE INITIALLY DEFERRED; (params ())
[13/Dec/2020 10:52:05] DEBUG [django.db.backends.schema:133] ALTER TABLE "User_groups" ADD CONSTRAINT "User_groups_group_id_328392a3_fk_auth_group_id" FOREIGN KEY ("group_id") REFERENCES "auth_group" ("id") DEFERRABLE INITIALLY DEFERRED; (params ())
[13/Dec/2020 10:52:05] DEBUG [django.db.backends.schema:133] CREATE INDEX "User_groups_user_id_8f675f72" ON "User_groups" ("user_id"); (params ())
[13/Dec/2020 10:52:05] DEBUG [django.db.backends.schema:133] CREATE INDEX "User_groups_group_id_328392a3" ON "User_groups" ("group_id"); (params ())
[13/Dec/2020 10:52:05] DEBUG [django.db.backends.schema:133] ALTER TABLE "User_user_permissions" ADD CONSTRAINT "User_user_permissions_user_id_permission_id_af0f54ec_uniq" UNIQUE ("user_id", "permission_id"); (params ())
[13/Dec/2020 10:52:05] DEBUG [django.db.backends.schema:133] ALTER TABLE "User_user_permissions" ADD CONSTRAINT "User_user_permissions_user_id_2c6da4d4_fk_User_id" FOREIGN KEY ("user_id") REFERENCES "User" ("id") DEFERRABLE INITIALLY DEFERRED; (params ())
[13/Dec/2020 10:52:05] DEBUG [django.db.backends.schema:133] ALTER TABLE "User_user_permissions" ADD CONSTRAINT "User_user_permission_permission_id_8e998ba4_fk_auth_perm" FOREIGN KEY ("permission_id") REFERENCES "auth_permission" ("id") DEFERRABLE INITIALLY DEFERRED; (params ())
[13/Dec/2020 10:52:05] DEBUG [django.db.backends.schema:133] CREATE INDEX "User_user_permissions_user_id_2c6da4d4" ON "User_user_permissions" ("user_id"); (params ())
[13/Dec/2020 10:52:05] DEBUG [django.db.backends.schema:133] CREATE INDEX "User_user_permissions_permission_id_8e998ba4" ON "User_user_permissions" ("permission_id"); (params ())
[13/Dec/2020 10:52:05] DEBUG [django.db.backends.schema:133] CREATE TABLE "django_admin_log" ("id" serial NOT NULL PRIMARY KEY, "action_time" timestamp with time zone NOT NULL, "object_id" text NULL, "object_repr" varchar(200) NOT NULL, "action_flag" smallint NOT NULL CHECK ("action_flag" >= 0), "change_message" text NOT NULL, "content_type_id" integer NULL, "user_id" integer NOT NULL); (params None)
[13/Dec/2020 10:52:05] DEBUG [django.db.backends.schema:133] ALTER TABLE "django_admin_log" ADD CONSTRAINT "django_admin_log_content_type_id_c4bce8eb_fk_django_co" FOREIGN KEY ("content_type_id") REFERENCES "django_content_type" ("id") DEFERRABLE INITIALLY DEFERRED; (params ())
[13/Dec/2020 10:52:05] DEBUG [django.db.backends.schema:133] ALTER TABLE "django_admin_log" ADD CONSTRAINT "django_admin_log_user_id_c564eba6_fk_User_id" FOREIGN KEY ("user_id") REFERENCES "User" ("id") DEFERRABLE INITIALLY DEFERRED; (params ())
[13/Dec/2020 10:52:05] DEBUG [django.db.backends.schema:133] CREATE INDEX "django_admin_log_content_type_id_c4bce8eb" ON "django_admin_log" ("content_type_id"); (params ())
[13/Dec/2020 10:52:05] DEBUG [django.db.backends.schema:133] CREATE INDEX "django_admin_log_user_id_c564eba6" ON "django_admin_log" ("user_id"); (params ())
[13/Dec/2020 10:52:05] DEBUG [django.db.backends.schema:133] CREATE TABLE "Category" ("id" serial NOT NULL PRIMARY KEY, "category_name" varchar(255) NOT NULL UNIQUE); (params None)
[13/Dec/2020 10:52:05] DEBUG [django.db.backends.schema:133] CREATE TABLE "Product" ("id" serial NOT NULL PRIMARY KEY, "barcode" varchar(200) NOT NULL UNIQUE, "product_name" varchar(500) NOT NULL, "nutrition_grade" varchar(1) NOT NULL, "url" varchar(500) NOT NULL, "product_image" varchar(500) NOT NULL, "nutrition_image" varchar(500) NULL); (params None)
[13/Dec/2020 10:52:05] DEBUG [django.db.backends.schema:133] CREATE TABLE "Product_category" ("id" serial NOT NULL PRIMARY KEY, "product_id" integer NOT NULL, "category_id" integer NOT NULL); (params None)
[13/Dec/2020 10:52:05] DEBUG [django.db.backends.schema:133] CREATE INDEX "Category_category_name_2dacc93e_like" ON "Category" ("category_name" varchar_pattern_ops); (params ())
[13/Dec/2020 10:52:05] DEBUG [django.db.backends.schema:133] CREATE INDEX "Product_barcode_e213f566_like" ON "Product" ("barcode" varchar_pattern_ops); (params ())
[13/Dec/2020 10:52:05] DEBUG [django.db.backends.schema:133] ALTER TABLE "Product_category" ADD CONSTRAINT "Product_category_product_id_category_id_f3e599fa_uniq" UNIQUE ("product_id", "category_id"); (params ())
[13/Dec/2020 10:52:05] DEBUG [django.db.backends.schema:133] ALTER TABLE "Product_category" ADD CONSTRAINT "Product_category_product_id_754e3bf6_fk_Product_id" FOREIGN KEY ("product_id") REFERENCES "Product" ("id") DEFERRABLE INITIALLY DEFERRED; (params ())
[13/Dec/2020 10:52:05] DEBUG [django.db.backends.schema:133] ALTER TABLE "Product_category" ADD CONSTRAINT "Product_category_category_id_e54223e1_fk_Category_id" FOREIGN KEY ("category_id") REFERENCES "Category" ("id") DEFERRABLE INITIALLY DEFERRED; (params ())
[13/Dec/2020 10:52:05] DEBUG [django.db.backends.schema:133] CREATE INDEX "Product_category_product_id_754e3bf6" ON "Product_category" ("product_id"); (params ())
[13/Dec/2020 10:52:05] DEBUG [django.db.backends.schema:133] CREATE INDEX "Product_category_category_id_e54223e1" ON "Product_category" ("category_id"); (params ())
[13/Dec/2020 10:52:05] DEBUG [django.db.backends.schema:133] CREATE TABLE "Favorite" ("id" serial NOT NULL PRIMARY KEY, "substitute_id" integer NOT NULL, "substituted_id" integer NOT NULL); (params None)
[13/Dec/2020 10:52:05] DEBUG [django.db.backends.schema:133] ALTER TABLE "Favorite" ADD CONSTRAINT "Favorite_substitute_id_1962b0e9_fk_Product_id" FOREIGN KEY ("substitute_id") REFERENCES "Product" ("id") DEFERRABLE INITIALLY DEFERRED; (params ())
[13/Dec/2020 10:52:05] DEBUG [django.db.backends.schema:133] ALTER TABLE "Favorite" ADD CONSTRAINT "Favorite_substituted_id_42f9048c_fk_Product_id" FOREIGN KEY ("substituted_id") REFERENCES "Product" ("id") DEFERRABLE INITIALLY DEFERRED; (params ())
[13/Dec/2020 10:52:05] DEBUG [django.db.backends.schema:133] CREATE INDEX "Favorite_substitute_id_1962b0e9" ON "Favorite" ("substitute_id"); (params ())
[13/Dec/2020 10:52:05] DEBUG [django.db.backends.schema:133] CREATE INDEX "Favorite_substituted_id_42f9048c" ON "Favorite" ("substituted_id"); (params ())
[13/Dec/2020 10:52:05] DEBUG [django.db.backends.schema:133] CREATE TABLE "Favorite_user" ("id" serial NOT NULL PRIMARY KEY, "favorite_id" integer NOT NULL, "user_id" integer NOT NULL); (params None)
[13/Dec/2020 10:52:05] DEBUG [django.db.backends.schema:133] ALTER TABLE "Favorite" ADD CONSTRAINT "Favorite_substituted_id_substitute_id_0e7f434f_uniq" UNIQUE ("substituted_id", "substitute_id"); (params ())
[13/Dec/2020 10:52:05] DEBUG [django.db.backends.schema:133] ALTER TABLE "Favorite_user" ADD CONSTRAINT "Favorite_user_favorite_id_user_id_cc27217d_uniq" UNIQUE ("favorite_id", "user_id"); (params ())
[13/Dec/2020 10:52:05] DEBUG [django.db.backends.schema:133] ALTER TABLE "Favorite_user" ADD CONSTRAINT "Favorite_user_favorite_id_257a7d10_fk_Favorite_id" FOREIGN KEY ("favorite_id") REFERENCES "Favorite" ("id") DEFERRABLE INITIALLY DEFERRED; (params ())
[13/Dec/2020 10:52:05] DEBUG [django.db.backends.schema:133] ALTER TABLE "Favorite_user" ADD CONSTRAINT "Favorite_user_user_id_870f5ad3_fk_User_id" FOREIGN KEY ("user_id") REFERENCES "User" ("id") DEFERRABLE INITIALLY DEFERRED; (params ())
[13/Dec/2020 10:52:05] DEBUG [django.db.backends.schema:133] CREATE INDEX "Favorite_user_favorite_id_257a7d10" ON "Favorite_user" ("favorite_id"); (params ())
[13/Dec/2020 10:52:05] DEBUG [django.db.backends.schema:133] CREATE INDEX "Favorite_user_user_id_870f5ad3" ON "Favorite_user" ("user_id"); (params ())
[13/Dec/2020 10:52:05] DEBUG [django.db.backends.schema:133] SET CONSTRAINTS "Favorite_substitute_id_1962b0e9_fk_Product_id" IMMEDIATE; ALTER TABLE "Favorite" DROP CONSTRAINT "Favorite_substitute_id_1962b0e9_fk_Product_id"; (params ())
[13/Dec/2020 10:52:05] DEBUG [django.db.backends.schema:133] ALTER TABLE "Favorite" ADD CONSTRAINT "Favorite_substitute_id_1962b0e9_fk_Product_id" FOREIGN KEY ("substitute_id") REFERENCES "Product" ("id") DEFERRABLE INITIALLY DEFERRED; (params ())
[13/Dec/2020 10:52:05] DEBUG [django.db.backends.schema:133] SET CONSTRAINTS "Favorite_substituted_id_42f9048c_fk_Product_id" IMMEDIATE; ALTER TABLE "Favorite" DROP CONSTRAINT "Favorite_substituted_id_42f9048c_fk_Product_id"; (params ())
[13/Dec/2020 10:52:05] DEBUG [django.db.backends.schema:133] ALTER TABLE "Favorite" ADD CONSTRAINT "Favorite_substituted_id_42f9048c_fk_Product_id" FOREIGN KEY ("substituted_id") REFERENCES "Product" ("id") DEFERRABLE INITIALLY DEFERRED; (params ())
[13/Dec/2020 10:52:05] DEBUG [django.db.backends.schema:133] SET CONSTRAINTS "Favorite_user_user_id_870f5ad3_fk_User_id" IMMEDIATE; ALTER TABLE "Favorite_user" DROP CONSTRAINT "Favorite_user_user_id_870f5ad3_fk_User_id"; (params ())
[13/Dec/2020 10:52:05] DEBUG [django.db.backends.schema:133] ALTER TABLE "Favorite_user" ADD CONSTRAINT "Favorite_user_user_id_870f5ad3_fk_User_id" FOREIGN KEY ("user_id") REFERENCES "User" ("id") DEFERRABLE INITIALLY DEFERRED; (params ())
[13/Dec/2020 10:52:05] DEBUG [django.db.backends.schema:133] SET CONSTRAINTS "Favorite_user_favorite_id_257a7d10_fk_Favorite_id" IMMEDIATE; ALTER TABLE "Favorite_user" DROP CONSTRAINT "Favorite_user_favorite_id_257a7d10_fk_Favorite_id"; (params ())
[13/Dec/2020 10:52:05] DEBUG [django.db.backends.schema:133] ALTER TABLE "Favorite_user" ADD CONSTRAINT "Favorite_user_favorite_id_257a7d10_fk_Favorite_id" FOREIGN KEY ("favorite_id") REFERENCES "Favorite" ("id") DEFERRABLE INITIALLY DEFERRED; (params ())
[13/Dec/2020 10:52:05] DEBUG [django.db.backends.schema:133] SET CONSTRAINTS "Favorite_substituted_id_42f9048c_fk_Product_id" IMMEDIATE; ALTER TABLE "Favorite" DROP CONSTRAINT "Favorite_substituted_id_42f9048c_fk_Product_id"; (params ())
[13/Dec/2020 10:52:05] DEBUG [django.db.backends.schema:133] ALTER TABLE "Favorite" ADD CONSTRAINT "Favorite_substituted_id_42f9048c_fk_Product_id" FOREIGN KEY ("substituted_id") REFERENCES "Product" ("id") DEFERRABLE INITIALLY DEFERRED; (params ())
[13/Dec/2020 10:52:06] DEBUG [django.db.backends.schema:133] ALTER TABLE "Favorite" DROP CONSTRAINT "Favorite_substituted_id_substitute_id_0e7f434f_uniq"; (params ())
[13/Dec/2020 10:52:06] DEBUG [django.db.backends.schema:133] CREATE TABLE "django_session" ("session_key" varchar(40) NOT NULL PRIMARY KEY, "session_data" text NOT NULL, "expire_date" timestamp with time zone NOT NULL); (params None)
[13/Dec/2020 10:52:06] DEBUG [django.db.backends.schema:133] CREATE INDEX "django_session_session_key_c0390e0f_like" ON "django_session" ("session_key" varchar_pattern_ops); (params ())
[13/Dec/2020 10:52:06] DEBUG [django.db.backends.schema:133] CREATE INDEX "django_session_expire_date_a5c62663" ON "django_session" ("expire_date"); (params ())
[13/Dec/2020 10:52:06] DEBUG [django.db.backends.schema:133] ALTER TABLE "User" DROP CONSTRAINT "User_email_key"; (params ())
[13/Dec/2020 10:52:06] DEBUG [django.db.backends.schema:133] ALTER TABLE "User" ALTER COLUMN "email" TYPE varchar(254); (params [])
[13/Dec/2020 10:52:06] DEBUG [django.db.backends.schema:133] DROP INDEX IF EXISTS "User_email_667201b5_like"; (params ())
[13/Dec/2020 10:52:06] DEBUG [django.db.backends.schema:133] ALTER TABLE "User" ALTER COLUMN "password" TYPE varchar(128); (params [])
[13/Dec/2020 10:57:45] DEBUG [django.db.backends.schema:133] CREATE TABLE "django_migrations" ("id" serial NOT NULL PRIMARY KEY, "app" varchar(255) NOT NULL, "name" varchar(255) NOT NULL, "applied" timestamp with time zone NOT NULL); (params None)
[13/Dec/2020 10:57:45] DEBUG [django.db.backends.schema:133] CREATE TABLE "django_content_type" ("id" serial NOT NULL PRIMARY KEY, "name" varchar(100) NOT NULL, "app_label" varchar(100) NOT NULL, "model" varchar(100) NOT NULL); (params None)
[13/Dec/2020 10:57:45] DEBUG [django.db.backends.schema:133] ALTER TABLE "django_content_type" ADD CONSTRAINT "django_content_type_app_label_model_76bd3d3b_uniq" UNIQUE ("app_label", "model"); (params ())
[13/Dec/2020 10:57:45] DEBUG [django.db.backends.schema:133] ALTER TABLE "django_content_type" ALTER COLUMN "name" DROP NOT NULL; (params [])
[13/Dec/2020 10:57:45] DEBUG [django.db.backends.schema:133] ALTER TABLE "django_content_type" DROP COLUMN "name" CASCADE; (params ())
[13/Dec/2020 10:57:45] DEBUG [django.db.backends.schema:133] CREATE TABLE "auth_permission" ("id" serial NOT NULL PRIMARY KEY, "name" varchar(50) NOT NULL, "content_type_id" integer NOT NULL, "codename" varchar(100) NOT NULL); (params None)
[13/Dec/2020 10:57:45] DEBUG [django.db.backends.schema:133] CREATE TABLE "auth_group" ("id" serial NOT NULL PRIMARY KEY, "name" varchar(80) NOT NULL UNIQUE); (params None)
[13/Dec/2020 10:57:45] DEBUG [django.db.backends.schema:133] CREATE TABLE "auth_group_permissions" ("id" serial NOT NULL PRIMARY KEY, "group_id" integer NOT NULL, "permission_id" integer NOT NULL); (params None)
[13/Dec/2020 10:57:45] DEBUG [django.db.backends.schema:133] ALTER TABLE "auth_permission" ADD CONSTRAINT "auth_permission_content_type_id_codename_01ab375a_uniq" UNIQUE ("content_type_id", "codename"); (params ())
[13/Dec/2020 10:57:45] DEBUG [django.db.backends.schema:133] ALTER TABLE "auth_permission" ADD CONSTRAINT "auth_permission_content_type_id_2f476e4b_fk_django_co" FOREIGN KEY ("content_type_id") REFERENCES "django_content_type" ("id") DEFERRABLE INITIALLY DEFERRED; (params ())
[13/Dec/2020 10:57:45] DEBUG [django.db.backends.schema:133] CREATE INDEX "auth_permission_content_type_id_2f476e4b" ON "auth_permission" ("content_type_id"); (params ())
[13/Dec/2020 10:57:45] DEBUG [django.db.backends.schema:133] CREATE INDEX "auth_group_name_a6ea08ec_like" ON "auth_group" ("name" varchar_pattern_ops); (params ())
[13/Dec/2020 10:57:45] DEBUG [django.db.backends.schema:133] ALTER TABLE "auth_group_permissions" ADD CONSTRAINT "auth_group_permissions_group_id_permission_id_0cd325b0_uniq" UNIQUE ("group_id", "permission_id"); (params ())
[13/Dec/2020 10:57:45] DEBUG [django.db.backends.schema:133] ALTER TABLE "auth_group_permissions" ADD CONSTRAINT "auth_group_permissions_group_id_b120cbf9_fk_auth_group_id" FOREIGN KEY ("group_id") REFERENCES "auth_group" ("id") DEFERRABLE INITIALLY DEFERRED; (params ())
[13/Dec/2020 10:57:45] DEBUG [django.db.backends.schema:133] ALTER TABLE "auth_group_permissions" ADD CONSTRAINT "auth_group_permissio_permission_id_84c5c92e_fk_auth_perm" FOREIGN KEY ("permission_id") REFERENCES "auth_permission" ("id") DEFERRABLE INITIALLY DEFERRED; (params ())
[13/Dec/2020 10:57:45] DEBUG [django.db.backends.schema:133] CREATE INDEX "auth_group_permissions_group_id_b120cbf9" ON "auth_group_permissions" ("group_id"); (params ())
[13/Dec/2020 10:57:45] DEBUG [django.db.backends.schema:133] CREATE INDEX "auth_group_permissions_permission_id_84c5c92e" ON "auth_group_permissions" ("permission_id"); (params ())
[13/Dec/2020 10:57:45] DEBUG [django.db.backends.schema:133] ALTER TABLE "auth_permission" ALTER COLUMN "name" TYPE varchar(255); (params [])
[13/Dec/2020 10:57:45] DEBUG [django.db.backends.schema:133] ALTER TABLE "auth_group" ALTER COLUMN "name" TYPE varchar(150); (params [])
[13/Dec/2020 10:57:45] DEBUG [django.db.backends.schema:133] CREATE TABLE "User" ("id" serial NOT NULL PRIMARY KEY, "last_login" timestamp with time zone NULL, "is_superuser" boolean NOT NULL, "username" varchar(150) NOT NULL UNIQUE, "last_name" varchar(150) NOT NULL, "is_staff" boolean NOT NULL, "is_active" boolean NOT NULL, "date_joined" timestamp with time zone NOT NULL, "email" varchar(255) NOT NULL UNIQUE, "password" varchar(200) NOT NULL, "first_name" varchar(200) NOT NULL); (params None)
[13/Dec/2020 10:57:45] DEBUG [django.db.backends.schema:133] CREATE TABLE "User_groups" ("id" serial NOT NULL PRIMARY KEY, "user_id" integer NOT NULL, "group_id" integer NOT NULL); (params None)
[13/Dec/2020 10:57:45] DEBUG [django.db.backends.schema:133] CREATE TABLE "User_user_permissions" ("id" serial NOT NULL PRIMARY KEY, "user_id" integer NOT NULL, "permission_id" integer NOT NULL); (params None)
[13/Dec/2020 10:57:45] DEBUG [django.db.backends.schema:133] CREATE INDEX "User_username_3851fdce_like" ON "User" ("username" varchar_pattern_ops); (params ())
[13/Dec/2020 10:57:45] DEBUG [django.db.backends.schema:133] CREATE INDEX "User_email_667201b5_like" ON "User" ("email" varchar_pattern_ops); (params ())
[13/Dec/2020 10:57:45] DEBUG [django.db.backends.schema:133] ALTER TABLE "User_groups" ADD CONSTRAINT "User_groups_user_id_group_id_d63e199e_uniq" UNIQUE ("user_id", "group_id"); (params ())
[13/Dec/2020 10:57:45] DEBUG [django.db.backends.schema:133] ALTER TABLE "User_groups" ADD CONSTRAINT "User_groups_user_id_8f675f72_fk_User_id" FOREIGN KEY ("user_id") REFERENCES "User" ("id") DEFERRABLE INITIALLY DEFERRED; (params ())
[13/Dec/2020 10:57:45] DEBUG [django.db.backends.schema:133] ALTER TABLE "User_groups" ADD CONSTRAINT "User_groups_group_id_328392a3_fk_auth_group_id" FOREIGN KEY ("group_id") REFERENCES "auth_group" ("id") DEFERRABLE INITIALLY DEFERRED; (params ())
[13/Dec/2020 10:57:45] DEBUG [django.db.backends.schema:133] CREATE INDEX "User_groups_user_id_8f675f72" ON "User_groups" ("user_id"); (params ())
[13/Dec/2020 10:57:45] DEBUG [django.db.backends.schema:133] CREATE INDEX "User_groups_group_id_328392a3" ON "User_groups" ("group_id"); (params ())
[13/Dec/2020 10:57:45] DEBUG [django.db.backends.schema:133] ALTER TABLE "User_user_permissions" ADD CONSTRAINT "User_user_permissions_user_id_permission_id_af0f54ec_uniq" UNIQUE ("user_id", "permission_id"); (params ())
[13/Dec/2020 10:57:45] DEBUG [django.db.backends.schema:133] ALTER TABLE "User_user_permissions" ADD CONSTRAINT "User_user_permissions_user_id_2c6da4d4_fk_User_id" FOREIGN KEY ("user_id") REFERENCES "User" ("id") DEFERRABLE INITIALLY DEFERRED; (params ())
[13/Dec/2020 10:57:45] DEBUG [django.db.backends.schema:133] ALTER TABLE "User_user_permissions" ADD CONSTRAINT "User_user_permission_permission_id_8e998ba4_fk_auth_perm" FOREIGN KEY ("permission_id") REFERENCES "auth_permission" ("id") DEFERRABLE INITIALLY DEFERRED; (params ())
[13/Dec/2020 10:57:45] DEBUG [django.db.backends.schema:133] CREATE INDEX "User_user_permissions_user_id_2c6da4d4" ON "User_user_permissions" ("user_id"); (params ())
[13/Dec/2020 10:57:45] DEBUG [django.db.backends.schema:133] CREATE INDEX "User_user_permissions_permission_id_8e998ba4" ON "User_user_permissions" ("permission_id"); (params ())
[13/Dec/2020 10:57:45] DEBUG [django.db.backends.schema:133] CREATE TABLE "django_admin_log" ("id" serial NOT NULL PRIMARY KEY, "action_time" timestamp with time zone NOT NULL, "object_id" text NULL, "object_repr" varchar(200) NOT NULL, "action_flag" smallint NOT NULL CHECK ("action_flag" >= 0), "change_message" text NOT NULL, "content_type_id" integer NULL, "user_id" integer NOT NULL); (params None)
[13/Dec/2020 10:57:45] DEBUG [django.db.backends.schema:133] ALTER TABLE "django_admin_log" ADD CONSTRAINT "django_admin_log_content_type_id_c4bce8eb_fk_django_co" FOREIGN KEY ("content_type_id") REFERENCES "django_content_type" ("id") DEFERRABLE INITIALLY DEFERRED; (params ())
[13/Dec/2020 10:57:45] DEBUG [django.db.backends.schema:133] ALTER TABLE "django_admin_log" ADD CONSTRAINT "django_admin_log_user_id_c564eba6_fk_User_id" FOREIGN KEY ("user_id") REFERENCES "User" ("id") DEFERRABLE INITIALLY DEFERRED; (params ())
[13/Dec/2020 10:57:45] DEBUG [django.db.backends.schema:133] CREATE INDEX "django_admin_log_content_type_id_c4bce8eb" ON "django_admin_log" ("content_type_id"); (params ())
[13/Dec/2020 10:57:45] DEBUG [django.db.backends.schema:133] CREATE INDEX "django_admin_log_user_id_c564eba6" ON "django_admin_log" ("user_id"); (params ())
[13/Dec/2020 10:57:45] DEBUG [django.db.backends.schema:133] CREATE TABLE "Category" ("id" serial NOT NULL PRIMARY KEY, "category_name" varchar(255) NOT NULL UNIQUE); (params None)
[13/Dec/2020 10:57:45] DEBUG [django.db.backends.schema:133] CREATE TABLE "Product" ("id" serial NOT NULL PRIMARY KEY, "barcode" varchar(200) NOT NULL UNIQUE, "product_name" varchar(500) NOT NULL, "nutrition_grade" varchar(1) NOT NULL, "url" varchar(500) NOT NULL, "product_image" varchar(500) NOT NULL, "nutrition_image" varchar(500) NULL); (params None)
[13/Dec/2020 10:57:45] DEBUG [django.db.backends.schema:133] CREATE TABLE "Product_category" ("id" serial NOT NULL PRIMARY KEY, "product_id" integer NOT NULL, "category_id" integer NOT NULL); (params None)
[13/Dec/2020 10:57:45] DEBUG [django.db.backends.schema:133] CREATE INDEX "Category_category_name_2dacc93e_like" ON "Category" ("category_name" varchar_pattern_ops); (params ())
[13/Dec/2020 10:57:45] DEBUG [django.db.backends.schema:133] CREATE INDEX "Product_barcode_e213f566_like" ON "Product" ("barcode" varchar_pattern_ops); (params ())
[13/Dec/2020 10:57:45] DEBUG [django.db.backends.schema:133] ALTER TABLE "Product_category" ADD CONSTRAINT "Product_category_product_id_category_id_f3e599fa_uniq" UNIQUE ("product_id", "category_id"); (params ())
[13/Dec/2020 10:57:45] DEBUG [django.db.backends.schema:133] ALTER TABLE "Product_category" ADD CONSTRAINT "Product_category_product_id_754e3bf6_fk_Product_id" FOREIGN KEY ("product_id") REFERENCES "Product" ("id") DEFERRABLE INITIALLY DEFERRED; (params ())
[13/Dec/2020 10:57:45] DEBUG [django.db.backends.schema:133] ALTER TABLE "Product_category" ADD CONSTRAINT "Product_category_category_id_e54223e1_fk_Category_id" FOREIGN KEY ("category_id") REFERENCES "Category" ("id") DEFERRABLE INITIALLY DEFERRED; (params ())
[13/Dec/2020 10:57:45] DEBUG [django.db.backends.schema:133] CREATE INDEX "Product_category_product_id_754e3bf6" ON "Product_category" ("product_id"); (params ())
[13/Dec/2020 10:57:45] DEBUG [django.db.backends.schema:133] CREATE INDEX "Product_category_category_id_e54223e1" ON "Product_category" ("category_id"); (params ())
[13/Dec/2020 10:57:46] DEBUG [django.db.backends.schema:133] CREATE TABLE "Favorite" ("id" serial NOT NULL PRIMARY KEY, "substitute_id" integer NOT NULL, "substituted_id" integer NOT NULL); (params None)
[13/Dec/2020 10:57:46] DEBUG [django.db.backends.schema:133] ALTER TABLE "Favorite" ADD CONSTRAINT "Favorite_substitute_id_1962b0e9_fk_Product_id" FOREIGN KEY ("substitute_id") REFERENCES "Product" ("id") DEFERRABLE INITIALLY DEFERRED; (params ())
[13/Dec/2020 10:57:46] DEBUG [django.db.backends.schema:133] ALTER TABLE "Favorite" ADD CONSTRAINT "Favorite_substituted_id_42f9048c_fk_Product_id" FOREIGN KEY ("substituted_id") REFERENCES "Product" ("id") DEFERRABLE INITIALLY DEFERRED; (params ())
[13/Dec/2020 10:57:46] DEBUG [django.db.backends.schema:133] CREATE INDEX "Favorite_substitute_id_1962b0e9" ON "Favorite" ("substitute_id"); (params ())
[13/Dec/2020 10:57:46] DEBUG [django.db.backends.schema:133] CREATE INDEX "Favorite_substituted_id_42f9048c" ON "Favorite" ("substituted_id"); (params ())
[13/Dec/2020 10:57:46] DEBUG [django.db.backends.schema:133] CREATE TABLE "Favorite_user" ("id" serial NOT NULL PRIMARY KEY, "favorite_id" integer NOT NULL, "user_id" integer NOT NULL); (params None)
[13/Dec/2020 10:57:46] DEBUG [django.db.backends.schema:133] ALTER TABLE "Favorite" ADD CONSTRAINT "Favorite_substituted_id_substitute_id_0e7f434f_uniq" UNIQUE ("substituted_id", "substitute_id"); (params ())
[13/Dec/2020 10:57:46] DEBUG [django.db.backends.schema:133] ALTER TABLE "Favorite_user" ADD CONSTRAINT "Favorite_user_favorite_id_user_id_cc27217d_uniq" UNIQUE ("favorite_id", "user_id"); (params ())
[13/Dec/2020 10:57:46] DEBUG [django.db.backends.schema:133] ALTER TABLE "Favorite_user" ADD CONSTRAINT "Favorite_user_favorite_id_257a7d10_fk_Favorite_id" FOREIGN KEY ("favorite_id") REFERENCES "Favorite" ("id") DEFERRABLE INITIALLY DEFERRED; (params ())
[13/Dec/2020 10:57:46] DEBUG [django.db.backends.schema:133] ALTER TABLE "Favorite_user" ADD CONSTRAINT "Favorite_user_user_id_870f5ad3_fk_User_id" FOREIGN KEY ("user_id") REFERENCES "User" ("id") DEFERRABLE INITIALLY DEFERRED; (params ())
[13/Dec/2020 10:57:46] DEBUG [django.db.backends.schema:133] CREATE INDEX "Favorite_user_favorite_id_257a7d10" ON "Favorite_user" ("favorite_id"); (params ())
[13/Dec/2020 10:57:46] DEBUG [django.db.backends.schema:133] CREATE INDEX "Favorite_user_user_id_870f5ad3" ON "Favorite_user" ("user_id"); (params ())
[13/Dec/2020 10:57:46] DEBUG [django.db.backends.schema:133] SET CONSTRAINTS "Favorite_substitute_id_1962b0e9_fk_Product_id" IMMEDIATE; ALTER TABLE "Favorite" DROP CONSTRAINT "Favorite_substitute_id_1962b0e9_fk_Product_id"; (params ())
[13/Dec/2020 10:57:46] DEBUG [django.db.backends.schema:133] ALTER TABLE "Favorite" ADD CONSTRAINT "Favorite_substitute_id_1962b0e9_fk_Product_id" FOREIGN KEY ("substitute_id") REFERENCES "Product" ("id") DEFERRABLE INITIALLY DEFERRED; (params ())
[13/Dec/2020 10:57:46] DEBUG [django.db.backends.schema:133] SET CONSTRAINTS "Favorite_substituted_id_42f9048c_fk_Product_id" IMMEDIATE; ALTER TABLE "Favorite" DROP CONSTRAINT "Favorite_substituted_id_42f9048c_fk_Product_id"; (params ())
[13/Dec/2020 10:57:46] DEBUG [django.db.backends.schema:133] ALTER TABLE "Favorite" ADD CONSTRAINT "Favorite_substituted_id_42f9048c_fk_Product_id" FOREIGN KEY ("substituted_id") REFERENCES "Product" ("id") DEFERRABLE INITIALLY DEFERRED; (params ())
[13/Dec/2020 10:57:46] DEBUG [django.db.backends.schema:133] SET CONSTRAINTS "Favorite_user_user_id_870f5ad3_fk_User_id" IMMEDIATE; ALTER TABLE "Favorite_user" DROP CONSTRAINT "Favorite_user_user_id_870f5ad3_fk_User_id"; (params ())
[13/Dec/2020 10:57:46] DEBUG [django.db.backends.schema:133] ALTER TABLE "Favorite_user" ADD CONSTRAINT "Favorite_user_user_id_870f5ad3_fk_User_id" FOREIGN KEY ("user_id") REFERENCES "User" ("id") DEFERRABLE INITIALLY DEFERRED; (params ())
[13/Dec/2020 10:57:46] DEBUG [django.db.backends.schema:133] SET CONSTRAINTS "Favorite_user_favorite_id_257a7d10_fk_Favorite_id" IMMEDIATE; ALTER TABLE "Favorite_user" DROP CONSTRAINT "Favorite_user_favorite_id_257a7d10_fk_Favorite_id"; (params ())
[13/Dec/2020 10:57:46] DEBUG [django.db.backends.schema:133] ALTER TABLE "Favorite_user" ADD CONSTRAINT "Favorite_user_favorite_id_257a7d10_fk_Favorite_id" FOREIGN KEY ("favorite_id") REFERENCES "Favorite" ("id") DEFERRABLE INITIALLY DEFERRED; (params ())
[13/Dec/2020 10:57:46] DEBUG [django.db.backends.schema:133] SET CONSTRAINTS "Favorite_substituted_id_42f9048c_fk_Product_id" IMMEDIATE; ALTER TABLE "Favorite" DROP CONSTRAINT "Favorite_substituted_id_42f9048c_fk_Product_id"; (params ())
[13/Dec/2020 10:57:46] DEBUG [django.db.backends.schema:133] ALTER TABLE "Favorite" ADD CONSTRAINT "Favorite_substituted_id_42f9048c_fk_Product_id" FOREIGN KEY ("substituted_id") REFERENCES "Product" ("id") DEFERRABLE INITIALLY DEFERRED; (params ())
[13/Dec/2020 10:57:46] DEBUG [django.db.backends.schema:133] ALTER TABLE "Favorite" DROP CONSTRAINT "Favorite_substituted_id_substitute_id_0e7f434f_uniq"; (params ())
[13/Dec/2020 10:57:46] DEBUG [django.db.backends.schema:133] CREATE TABLE "django_session" ("session_key" varchar(40) NOT NULL PRIMARY KEY, "session_data" text NOT NULL, "expire_date" timestamp with time zone NOT NULL); (params None)
[13/Dec/2020 10:57:46] DEBUG [django.db.backends.schema:133] CREATE INDEX "django_session_session_key_c0390e0f_like" ON "django_session" ("session_key" varchar_pattern_ops); (params ())
[13/Dec/2020 10:57:46] DEBUG [django.db.backends.schema:133] CREATE INDEX "django_session_expire_date_a5c62663" ON "django_session" ("expire_date"); (params ())
[13/Dec/2020 10:57:46] DEBUG [django.db.backends.schema:133] ALTER TABLE "User" DROP CONSTRAINT "User_email_key"; (params ())
[13/Dec/2020 10:57:46] DEBUG [django.db.backends.schema:133] ALTER TABLE "User" ALTER COLUMN "email" TYPE varchar(254); (params [])
[13/Dec/2020 10:57:46] DEBUG [django.db.backends.schema:133] DROP INDEX IF EXISTS "User_email_667201b5_like"; (params ())
[13/Dec/2020 10:57:46] DEBUG [django.db.backends.schema:133] ALTER TABLE "User" ALTER COLUMN "password" TYPE varchar(128); (params [])
[13/Dec/2020 10:57:49] WARNING [django.request:224] Not Found: /favicon.ico
[13/Dec/2020 11:03:14] DEBUG [django.db.backends.schema:133] CREATE TABLE "django_migrations" ("id" serial NOT NULL PRIMARY KEY, "app" varchar(255) NOT NULL, "name" varchar(255) NOT NULL, "applied" timestamp with time zone NOT NULL); (params None)
[13/Dec/2020 11:03:14] DEBUG [django.db.backends.schema:133] CREATE TABLE "django_content_type" ("id" serial NOT NULL PRIMARY KEY, "name" varchar(100) NOT NULL, "app_label" varchar(100) NOT NULL, "model" varchar(100) NOT NULL); (params None)
[13/Dec/2020 11:03:14] DEBUG [django.db.backends.schema:133] ALTER TABLE "django_content_type" ADD CONSTRAINT "django_content_type_app_label_model_76bd3d3b_uniq" UNIQUE ("app_label", "model"); (params ())
[13/Dec/2020 11:03:14] DEBUG [django.db.backends.schema:133] ALTER TABLE "django_content_type" ALTER COLUMN "name" DROP NOT NULL; (params [])
[13/Dec/2020 11:03:14] DEBUG [django.db.backends.schema:133] ALTER TABLE "django_content_type" DROP COLUMN "name" CASCADE; (params ())
[13/Dec/2020 11:03:14] DEBUG [django.db.backends.schema:133] CREATE TABLE "auth_permission" ("id" serial NOT NULL PRIMARY KEY, "name" varchar(50) NOT NULL, "content_type_id" integer NOT NULL, "codename" varchar(100) NOT NULL); (params None)
[13/Dec/2020 11:03:14] DEBUG [django.db.backends.schema:133] CREATE TABLE "auth_group" ("id" serial NOT NULL PRIMARY KEY, "name" varchar(80) NOT NULL UNIQUE); (params None)
[13/Dec/2020 11:03:14] DEBUG [django.db.backends.schema:133] CREATE TABLE "auth_group_permissions" ("id" serial NOT NULL PRIMARY KEY, "group_id" integer NOT NULL, "permission_id" integer NOT NULL); (params None)
[13/Dec/2020 11:03:14] DEBUG [django.db.backends.schema:133] ALTER TABLE "auth_permission" ADD CONSTRAINT "auth_permission_content_type_id_codename_01ab375a_uniq" UNIQUE ("content_type_id", "codename"); (params ())
[13/Dec/2020 11:03:14] DEBUG [django.db.backends.schema:133] ALTER TABLE "auth_permission" ADD CONSTRAINT "auth_permission_content_type_id_2f476e4b_fk_django_co" FOREIGN KEY ("content_type_id") REFERENCES "django_content_type" ("id") DEFERRABLE INITIALLY DEFERRED; (params ())
[13/Dec/2020 11:03:14] DEBUG [django.db.backends.schema:133] CREATE INDEX "auth_permission_content_type_id_2f476e4b" ON "auth_permission" ("content_type_id"); (params ())
[13/Dec/2020 11:03:14] DEBUG [django.db.backends.schema:133] CREATE INDEX "auth_group_name_a6ea08ec_like" ON "auth_group" ("name" varchar_pattern_ops); (params ())
[13/Dec/2020 11:03:14] DEBUG [django.db.backends.schema:133] ALTER TABLE "auth_group_permissions" ADD CONSTRAINT "auth_group_permissions_group_id_permission_id_0cd325b0_uniq" UNIQUE ("group_id", "permission_id"); (params ())
[13/Dec/2020 11:03:14] DEBUG [django.db.backends.schema:133] ALTER TABLE "auth_group_permissions" ADD CONSTRAINT "auth_group_permissions_group_id_b120cbf9_fk_auth_group_id" FOREIGN KEY ("group_id") REFERENCES "auth_group" ("id") DEFERRABLE INITIALLY DEFERRED; (params ())
[13/Dec/2020 11:03:14] DEBUG [django.db.backends.schema:133] ALTER TABLE "auth_group_permissions" ADD CONSTRAINT "auth_group_permissio_permission_id_84c5c92e_fk_auth_perm" FOREIGN KEY ("permission_id") REFERENCES "auth_permission" ("id") DEFERRABLE INITIALLY DEFERRED; (params ())
[13/Dec/2020 11:03:14] DEBUG [django.db.backends.schema:133] CREATE INDEX "auth_group_permissions_group_id_b120cbf9" ON "auth_group_permissions" ("group_id"); (params ())
[13/Dec/2020 11:03:14] DEBUG [django.db.backends.schema:133] CREATE INDEX "auth_group_permissions_permission_id_84c5c92e" ON "auth_group_permissions" ("permission_id"); (params ())
[13/Dec/2020 11:03:14] DEBUG [django.db.backends.schema:133] ALTER TABLE "auth_permission" ALTER COLUMN "name" TYPE varchar(255); (params [])
[13/Dec/2020 11:03:14] DEBUG [django.db.backends.schema:133] ALTER TABLE "auth_group" ALTER COLUMN "name" TYPE varchar(150); (params [])
[13/Dec/2020 11:03:14] DEBUG [django.db.backends.schema:133] CREATE TABLE "User" ("id" serial NOT NULL PRIMARY KEY, "last_login" timestamp with time zone NULL, "is_superuser" boolean NOT NULL, "username" varchar(150) NOT NULL UNIQUE, "last_name" varchar(150) NOT NULL, "is_staff" boolean NOT NULL, "is_active" boolean NOT NULL, "date_joined" timestamp with time zone NOT NULL, "email" varchar(255) NOT NULL UNIQUE, "password" varchar(200) NOT NULL, "first_name" varchar(200) NOT NULL); (params None)
[13/Dec/2020 11:03:14] DEBUG [django.db.backends.schema:133] CREATE TABLE "User_groups" ("id" serial NOT NULL PRIMARY KEY, "user_id" integer NOT NULL, "group_id" integer NOT NULL); (params None)
[13/Dec/2020 11:03:14] DEBUG [django.db.backends.schema:133] CREATE TABLE "User_user_permissions" ("id" serial NOT NULL PRIMARY KEY, "user_id" integer NOT NULL, "permission_id" integer NOT NULL); (params None)
[13/Dec/2020 11:03:14] DEBUG [django.db.backends.schema:133] CREATE INDEX "User_username_3851fdce_like" ON "User" ("username" varchar_pattern_ops); (params ())
[13/Dec/2020 11:03:14] DEBUG [django.db.backends.schema:133] CREATE INDEX "User_email_667201b5_like" ON "User" ("email" varchar_pattern_ops); (params ())
[13/Dec/2020 11:03:14] DEBUG [django.db.backends.schema:133] ALTER TABLE "User_groups" ADD CONSTRAINT "User_groups_user_id_group_id_d63e199e_uniq" UNIQUE ("user_id", "group_id"); (params ())
[13/Dec/2020 11:03:14] DEBUG [django.db.backends.schema:133] ALTER TABLE "User_groups" ADD CONSTRAINT "User_groups_user_id_8f675f72_fk_User_id" FOREIGN KEY ("user_id") REFERENCES "User" ("id") DEFERRABLE INITIALLY DEFERRED; (params ())
[13/Dec/2020 11:03:14] DEBUG [django.db.backends.schema:133] ALTER TABLE "User_groups" ADD CONSTRAINT "User_groups_group_id_328392a3_fk_auth_group_id" FOREIGN KEY ("group_id") REFERENCES "auth_group" ("id") DEFERRABLE INITIALLY DEFERRED; (params ())
[13/Dec/2020 11:03:14] DEBUG [django.db.backends.schema:133] CREATE INDEX "User_groups_user_id_8f675f72" ON "User_groups" ("user_id"); (params ())
[13/Dec/2020 11:03:14] DEBUG [django.db.backends.schema:133] CREATE INDEX "User_groups_group_id_328392a3" ON "User_groups" ("group_id"); (params ())
[13/Dec/2020 11:03:14] DEBUG [django.db.backends.schema:133] ALTER TABLE "User_user_permissions" ADD CONSTRAINT "User_user_permissions_user_id_permission_id_af0f54ec_uniq" UNIQUE ("user_id", "permission_id"); (params ())
[13/Dec/2020 11:03:14] DEBUG [django.db.backends.schema:133] ALTER TABLE "User_user_permissions" ADD CONSTRAINT "User_user_permissions_user_id_2c6da4d4_fk_User_id" FOREIGN KEY ("user_id") REFERENCES "User" ("id") DEFERRABLE INITIALLY DEFERRED; (params ())
[13/Dec/2020 11:03:14] DEBUG [django.db.backends.schema:133] ALTER TABLE "User_user_permissions" ADD CONSTRAINT "User_user_permission_permission_id_8e998ba4_fk_auth_perm" FOREIGN KEY ("permission_id") REFERENCES "auth_permission" ("id") DEFERRABLE INITIALLY DEFERRED; (params ())
[13/Dec/2020 11:03:14] DEBUG [django.db.backends.schema:133] CREATE INDEX "User_user_permissions_user_id_2c6da4d4" ON "User_user_permissions" ("user_id"); (params ())
[13/Dec/2020 11:03:14] DEBUG [django.db.backends.schema:133] CREATE INDEX "User_user_permissions_permission_id_8e998ba4" ON "User_user_permissions" ("permission_id"); (params ())
[13/Dec/2020 11:03:14] DEBUG [django.db.backends.schema:133] CREATE TABLE "django_admin_log" ("id" serial NOT NULL PRIMARY KEY, "action_time" timestamp with time zone NOT NULL, "object_id" text NULL, "object_repr" varchar(200) NOT NULL, "action_flag" smallint NOT NULL CHECK ("action_flag" >= 0), "change_message" text NOT NULL, "content_type_id" integer NULL, "user_id" integer NOT NULL); (params None)
[13/Dec/2020 11:03:14] DEBUG [django.db.backends.schema:133] ALTER TABLE "django_admin_log" ADD CONSTRAINT "django_admin_log_content_type_id_c4bce8eb_fk_django_co" FOREIGN KEY ("content_type_id") REFERENCES "django_content_type" ("id") DEFERRABLE INITIALLY DEFERRED; (params ())
[13/Dec/2020 11:03:14] DEBUG [django.db.backends.schema:133] ALTER TABLE "django_admin_log" ADD CONSTRAINT "django_admin_log_user_id_c564eba6_fk_User_id" FOREIGN KEY ("user_id") REFERENCES "User" ("id") DEFERRABLE INITIALLY DEFERRED; (params ())
[13/Dec/2020 11:03:14] DEBUG [django.db.backends.schema:133] CREATE INDEX "django_admin_log_content_type_id_c4bce8eb" ON "django_admin_log" ("content_type_id"); (params ())
[13/Dec/2020 11:03:14] DEBUG [django.db.backends.schema:133] CREATE INDEX "django_admin_log_user_id_c564eba6" ON "django_admin_log" ("user_id"); (params ())
[13/Dec/2020 11:03:14] DEBUG [django.db.backends.schema:133] CREATE TABLE "Category" ("id" serial NOT NULL PRIMARY KEY, "category_name" varchar(255) NOT NULL UNIQUE); (params None)
[13/Dec/2020 11:03:14] DEBUG [django.db.backends.schema:133] CREATE TABLE "Product" ("id" serial NOT NULL PRIMARY KEY, "barcode" varchar(200) NOT NULL UNIQUE, "product_name" varchar(500) NOT NULL, "nutrition_grade" varchar(1) NOT NULL, "url" varchar(500) NOT NULL, "product_image" varchar(500) NOT NULL, "nutrition_image" varchar(500) NULL); (params None)
[13/Dec/2020 11:03:14] DEBUG [django.db.backends.schema:133] CREATE TABLE "Product_category" ("id" serial NOT NULL PRIMARY KEY, "product_id" integer NOT NULL, "category_id" integer NOT NULL); (params None)
[13/Dec/2020 11:03:14] DEBUG [django.db.backends.schema:133] CREATE INDEX "Category_category_name_2dacc93e_like" ON "Category" ("category_name" varchar_pattern_ops); (params ())
[13/Dec/2020 11:03:14] DEBUG [django.db.backends.schema:133] CREATE INDEX "Product_barcode_e213f566_like" ON "Product" ("barcode" varchar_pattern_ops); (params ())
[13/Dec/2020 11:03:14] DEBUG [django.db.backends.schema:133] ALTER TABLE "Product_category" ADD CONSTRAINT "Product_category_product_id_category_id_f3e599fa_uniq" UNIQUE ("product_id", "category_id"); (params ())
[13/Dec/2020 11:03:14] DEBUG [django.db.backends.schema:133] ALTER TABLE "Product_category" ADD CONSTRAINT "Product_category_product_id_754e3bf6_fk_Product_id" FOREIGN KEY ("product_id") REFERENCES "Product" ("id") DEFERRABLE INITIALLY DEFERRED; (params ())
[13/Dec/2020 11:03:14] DEBUG [django.db.backends.schema:133] ALTER TABLE "Product_category" ADD CONSTRAINT "Product_category_category_id_e54223e1_fk_Category_id" FOREIGN KEY ("category_id") REFERENCES "Category" ("id") DEFERRABLE INITIALLY DEFERRED; (params ())
[13/Dec/2020 11:03:14] DEBUG [django.db.backends.schema:133] CREATE INDEX "Product_category_product_id_754e3bf6" ON "Product_category" ("product_id"); (params ())
[13/Dec/2020 11:03:14] DEBUG [django.db.backends.schema:133] CREATE INDEX "Product_category_category_id_e54223e1" ON "Product_category" ("category_id"); (params ())
[13/Dec/2020 11:03:14] DEBUG [django.db.backends.schema:133] CREATE TABLE "Favorite" ("id" serial NOT NULL PRIMARY KEY, "substitute_id" integer NOT NULL, "substituted_id" integer NOT NULL); (params None)
[13/Dec/2020 11:03:14] DEBUG [django.db.backends.schema:133] ALTER TABLE "Favorite" ADD CONSTRAINT "Favorite_substitute_id_1962b0e9_fk_Product_id" FOREIGN KEY ("substitute_id") REFERENCES "Product" ("id") DEFERRABLE INITIALLY DEFERRED; (params ())
[13/Dec/2020 11:03:14] DEBUG [django.db.backends.schema:133] ALTER TABLE "Favorite" ADD CONSTRAINT "Favorite_substituted_id_42f9048c_fk_Product_id" FOREIGN KEY ("substituted_id") REFERENCES "Product" ("id") DEFERRABLE INITIALLY DEFERRED; (params ())
[13/Dec/2020 11:03:14] DEBUG [django.db.backends.schema:133] CREATE INDEX "Favorite_substitute_id_1962b0e9" ON "Favorite" ("substitute_id"); (params ())
[13/Dec/2020 11:03:14] DEBUG [django.db.backends.schema:133] CREATE INDEX "Favorite_substituted_id_42f9048c" ON "Favorite" ("substituted_id"); (params ())
[13/Dec/2020 11:03:14] DEBUG [django.db.backends.schema:133] CREATE TABLE "Favorite_user" ("id" serial NOT NULL PRIMARY KEY, "favorite_id" integer NOT NULL, "user_id" integer NOT NULL); (params None)
[13/Dec/2020 11:03:14] DEBUG [django.db.backends.schema:133] ALTER TABLE "Favorite" ADD CONSTRAINT "Favorite_substituted_id_substitute_id_0e7f434f_uniq" UNIQUE ("substituted_id", "substitute_id"); (params ())
[13/Dec/2020 11:03:14] DEBUG [django.db.backends.schema:133] ALTER TABLE "Favorite_user" ADD CONSTRAINT "Favorite_user_favorite_id_user_id_cc27217d_uniq" UNIQUE ("favorite_id", "user_id"); (params ())
[13/Dec/2020 11:03:14] DEBUG [django.db.backends.schema:133] ALTER TABLE "Favorite_user" ADD CONSTRAINT "Favorite_user_favorite_id_257a7d10_fk_Favorite_id" FOREIGN KEY ("favorite_id") REFERENCES "Favorite" ("id") DEFERRABLE INITIALLY DEFERRED; (params ())
[13/Dec/2020 11:03:14] DEBUG [django.db.backends.schema:133] ALTER TABLE "Favorite_user" ADD CONSTRAINT "Favorite_user_user_id_870f5ad3_fk_User_id" FOREIGN KEY ("user_id") REFERENCES "User" ("id") DEFERRABLE INITIALLY DEFERRED; (params ())
[13/Dec/2020 11:03:14] DEBUG [django.db.backends.schema:133] CREATE INDEX "Favorite_user_favorite_id_257a7d10" ON "Favorite_user" ("favorite_id"); (params ())
[13/Dec/2020 11:03:14] DEBUG [django.db.backends.schema:133] CREATE INDEX "Favorite_user_user_id_870f5ad3" ON "Favorite_user" ("user_id"); (params ())
[13/Dec/2020 11:03:15] DEBUG [django.db.backends.schema:133] SET CONSTRAINTS "Favorite_substitute_id_1962b0e9_fk_Product_id" IMMEDIATE; ALTER TABLE "Favorite" DROP CONSTRAINT "Favorite_substitute_id_1962b0e9_fk_Product_id"; (params ())
[13/Dec/2020 11:03:15] DEBUG [django.db.backends.schema:133] ALTER TABLE "Favorite" ADD CONSTRAINT "Favorite_substitute_id_1962b0e9_fk_Product_id" FOREIGN KEY ("substitute_id") REFERENCES "Product" ("id") DEFERRABLE INITIALLY DEFERRED; (params ())
[13/Dec/2020 11:03:15] DEBUG [django.db.backends.schema:133] SET CONSTRAINTS "Favorite_substituted_id_42f9048c_fk_Product_id" IMMEDIATE; ALTER TABLE "Favorite" DROP CONSTRAINT "Favorite_substituted_id_42f9048c_fk_Product_id"; (params ())
[13/Dec/2020 11:03:15] DEBUG [django.db.backends.schema:133] ALTER TABLE "Favorite" ADD CONSTRAINT "Favorite_substituted_id_42f9048c_fk_Product_id" FOREIGN KEY ("substituted_id") REFERENCES "Product" ("id") DEFERRABLE INITIALLY DEFERRED; (params ())
[13/Dec/2020 11:03:15] DEBUG [django.db.backends.schema:133] SET CONSTRAINTS "Favorite_user_user_id_870f5ad3_fk_User_id" IMMEDIATE; ALTER TABLE "Favorite_user" DROP CONSTRAINT "Favorite_user_user_id_870f5ad3_fk_User_id"; (params ())
[13/Dec/2020 11:03:15] DEBUG [django.db.backends.schema:133] ALTER TABLE "Favorite_user" ADD CONSTRAINT "Favorite_user_user_id_870f5ad3_fk_User_id" FOREIGN KEY ("user_id") REFERENCES "User" ("id") DEFERRABLE INITIALLY DEFERRED; (params ())
[13/Dec/2020 11:03:15] DEBUG [django.db.backends.schema:133] SET CONSTRAINTS "Favorite_user_favorite_id_257a7d10_fk_Favorite_id" IMMEDIATE; ALTER TABLE "Favorite_user" DROP CONSTRAINT "Favorite_user_favorite_id_257a7d10_fk_Favorite_id"; (params ())
[13/Dec/2020 11:03:15] DEBUG [django.db.backends.schema:133] ALTER TABLE "Favorite_user" ADD CONSTRAINT "Favorite_user_favorite_id_257a7d10_fk_Favorite_id" FOREIGN KEY ("favorite_id") REFERENCES "Favorite" ("id") DEFERRABLE INITIALLY DEFERRED; (params ())
[13/Dec/2020 11:03:15] DEBUG [django.db.backends.schema:133] SET CONSTRAINTS "Favorite_substituted_id_42f9048c_fk_Product_id" IMMEDIATE; ALTER TABLE "Favorite" DROP CONSTRAINT "Favorite_substituted_id_42f9048c_fk_Product_id"; (params ())
[13/Dec/2020 11:03:15] DEBUG [django.db.backends.schema:133] ALTER TABLE "Favorite" ADD CONSTRAINT "Favorite_substituted_id_42f9048c_fk_Product_id" FOREIGN KEY ("substituted_id") REFERENCES "Product" ("id") DEFERRABLE INITIALLY DEFERRED; (params ())
[13/Dec/2020 11:03:15] DEBUG [django.db.backends.schema:133] ALTER TABLE "Favorite" DROP CONSTRAINT "Favorite_substituted_id_substitute_id_0e7f434f_uniq"; (params ())
[13/Dec/2020 11:03:15] DEBUG [django.db.backends.schema:133] CREATE TABLE "django_session" ("session_key" varchar(40) NOT NULL PRIMARY KEY, "session_data" text NOT NULL, "expire_date" timestamp with time zone NOT NULL); (params None)
[13/Dec/2020 11:03:15] DEBUG [django.db.backends.schema:133] CREATE INDEX "django_session_session_key_c0390e0f_like" ON "django_session" ("session_key" varchar_pattern_ops); (params ())
[13/Dec/2020 11:03:15] DEBUG [django.db.backends.schema:133] CREATE INDEX "django_session_expire_date_a5c62663" ON "django_session" ("expire_date"); (params ())
[13/Dec/2020 11:03:15] DEBUG [django.db.backends.schema:133] ALTER TABLE "User" DROP CONSTRAINT "User_email_key"; (params ())
[13/Dec/2020 11:03:15] DEBUG [django.db.backends.schema:133] ALTER TABLE "User" ALTER COLUMN "email" TYPE varchar(254); (params [])
[13/Dec/2020 11:03:15] DEBUG [django.db.backends.schema:133] DROP INDEX IF EXISTS "User_email_667201b5_like"; (params ())
[13/Dec/2020 11:03:15] DEBUG [django.db.backends.schema:133] ALTER TABLE "User" ALTER COLUMN "password" TYPE varchar(128); (params [])
[13/Dec/2020 11:03:19] WARNING [django.request:224] Not Found: /favicon.ico
[13/Dec/2020 11:03:38] DEBUG [django.db.backends.schema:133] CREATE TABLE "django_migrations" ("id" serial NOT NULL PRIMARY KEY, "app" varchar(255) NOT NULL, "name" varchar(255) NOT NULL, "applied" timestamp with time zone NOT NULL); (params None)
[13/Dec/2020 11:03:38] DEBUG [django.db.backends.schema:133] CREATE TABLE "django_content_type" ("id" serial NOT NULL PRIMARY KEY, "name" varchar(100) NOT NULL, "app_label" varchar(100) NOT NULL, "model" varchar(100) NOT NULL); (params None)
[13/Dec/2020 11:03:38] DEBUG [django.db.backends.schema:133] ALTER TABLE "django_content_type" ADD CONSTRAINT "django_content_type_app_label_model_76bd3d3b_uniq" UNIQUE ("app_label", "model"); (params ())
[13/Dec/2020 11:03:38] DEBUG [django.db.backends.schema:133] ALTER TABLE "django_content_type" ALTER COLUMN "name" DROP NOT NULL; (params [])
[13/Dec/2020 11:03:38] DEBUG [django.db.backends.schema:133] ALTER TABLE "django_content_type" DROP COLUMN "name" CASCADE; (params ())
[13/Dec/2020 11:03:38] DEBUG [django.db.backends.schema:133] CREATE TABLE "auth_permission" ("id" serial NOT NULL PRIMARY KEY, "name" varchar(50) NOT NULL, "content_type_id" integer NOT NULL, "codename" varchar(100) NOT NULL); (params None)
[13/Dec/2020 11:03:38] DEBUG [django.db.backends.schema:133] CREATE TABLE "auth_group" ("id" serial NOT NULL PRIMARY KEY, "name" varchar(80) NOT NULL UNIQUE); (params None)
[13/Dec/2020 11:03:38] DEBUG [django.db.backends.schema:133] CREATE TABLE "auth_group_permissions" ("id" serial NOT NULL PRIMARY KEY, "group_id" integer NOT NULL, "permission_id" integer NOT NULL); (params None)
[13/Dec/2020 11:03:38] DEBUG [django.db.backends.schema:133] ALTER TABLE "auth_permission" ADD CONSTRAINT "auth_permission_content_type_id_codename_01ab375a_uniq" UNIQUE ("content_type_id", "codename"); (params ())
[13/Dec/2020 11:03:38] DEBUG [django.db.backends.schema:133] ALTER TABLE "auth_permission" ADD CONSTRAINT "auth_permission_content_type_id_2f476e4b_fk_django_co" FOREIGN KEY ("content_type_id") REFERENCES "django_content_type" ("id") DEFERRABLE INITIALLY DEFERRED; (params ())
[13/Dec/2020 11:03:38] DEBUG [django.db.backends.schema:133] CREATE INDEX "auth_permission_content_type_id_2f476e4b" ON "auth_permission" ("content_type_id"); (params ())
[13/Dec/2020 11:03:38] DEBUG [django.db.backends.schema:133] CREATE INDEX "auth_group_name_a6ea08ec_like" ON "auth_group" ("name" varchar_pattern_ops); (params ())
[13/Dec/2020 11:03:38] DEBUG [django.db.backends.schema:133] ALTER TABLE "auth_group_permissions" ADD CONSTRAINT "auth_group_permissions_group_id_permission_id_0cd325b0_uniq" UNIQUE ("group_id", "permission_id"); (params ())
[13/Dec/2020 11:03:38] DEBUG [django.db.backends.schema:133] ALTER TABLE "auth_group_permissions" ADD CONSTRAINT "auth_group_permissions_group_id_b120cbf9_fk_auth_group_id" FOREIGN KEY ("group_id") REFERENCES "auth_group" ("id") DEFERRABLE INITIALLY DEFERRED; (params ())
[13/Dec/2020 11:03:38] DEBUG [django.db.backends.schema:133] ALTER TABLE "auth_group_permissions" ADD CONSTRAINT "auth_group_permissio_permission_id_84c5c92e_fk_auth_perm" FOREIGN KEY ("permission_id") REFERENCES "auth_permission" ("id") DEFERRABLE INITIALLY DEFERRED; (params ())
[13/Dec/2020 11:03:38] DEBUG [django.db.backends.schema:133] CREATE INDEX "auth_group_permissions_group_id_b120cbf9" ON "auth_group_permissions" ("group_id"); (params ())
[13/Dec/2020 11:03:38] DEBUG [django.db.backends.schema:133] CREATE INDEX "auth_group_permissions_permission_id_84c5c92e" ON "auth_group_permissions" ("permission_id"); (params ())
[13/Dec/2020 11:03:38] DEBUG [django.db.backends.schema:133] ALTER TABLE "auth_permission" ALTER COLUMN "name" TYPE varchar(255); (params [])
[13/Dec/2020 11:03:38] DEBUG [django.db.backends.schema:133] ALTER TABLE "auth_group" ALTER COLUMN "name" TYPE varchar(150); (params [])
[13/Dec/2020 11:03:38] DEBUG [django.db.backends.schema:133] CREATE TABLE "User" ("id" serial NOT NULL PRIMARY KEY, "last_login" timestamp with time zone NULL, "is_superuser" boolean NOT NULL, "username" varchar(150) NOT NULL UNIQUE, "last_name" varchar(150) NOT NULL, "is_staff" boolean NOT NULL, "is_active" boolean NOT NULL, "date_joined" timestamp with time zone NOT NULL, "email" varchar(255) NOT NULL UNIQUE, "password" varchar(200) NOT NULL, "first_name" varchar(200) NOT NULL); (params None)
[13/Dec/2020 11:03:39] DEBUG [django.db.backends.schema:133] CREATE TABLE "User_groups" ("id" serial NOT NULL PRIMARY KEY, "user_id" integer NOT NULL, "group_id" integer NOT NULL); (params None)
[13/Dec/2020 11:03:39] DEBUG [django.db.backends.schema:133] CREATE TABLE "User_user_permissions" ("id" serial NOT NULL PRIMARY KEY, "user_id" integer NOT NULL, "permission_id" integer NOT NULL); (params None)
[13/Dec/2020 11:03:39] DEBUG [django.db.backends.schema:133] CREATE INDEX "User_username_3851fdce_like" ON "User" ("username" varchar_pattern_ops); (params ())
[13/Dec/2020 11:03:39] DEBUG [django.db.backends.schema:133] CREATE INDEX "User_email_667201b5_like" ON "User" ("email" varchar_pattern_ops); (params ())
[13/Dec/2020 11:03:39] DEBUG [django.db.backends.schema:133] ALTER TABLE "User_groups" ADD CONSTRAINT "User_groups_user_id_group_id_d63e199e_uniq" UNIQUE ("user_id", "group_id"); (params ())
[13/Dec/2020 11:03:39] DEBUG [django.db.backends.schema:133] ALTER TABLE "User_groups" ADD CONSTRAINT "User_groups_user_id_8f675f72_fk_User_id" FOREIGN KEY ("user_id") REFERENCES "User" ("id") DEFERRABLE INITIALLY DEFERRED; (params ())
[13/Dec/2020 11:03:39] DEBUG [django.db.backends.schema:133] ALTER TABLE "User_groups" ADD CONSTRAINT "User_groups_group_id_328392a3_fk_auth_group_id" FOREIGN KEY ("group_id") REFERENCES "auth_group" ("id") DEFERRABLE INITIALLY DEFERRED; (params ())
[13/Dec/2020 11:03:39] DEBUG [django.db.backends.schema:133] CREATE INDEX "User_groups_user_id_8f675f72" ON "User_groups" ("user_id"); (params ())
[13/Dec/2020 11:03:39] DEBUG [django.db.backends.schema:133] CREATE INDEX "User_groups_group_id_328392a3" ON "User_groups" ("group_id"); (params ())
[13/Dec/2020 11:03:39] DEBUG [django.db.backends.schema:133] ALTER TABLE "User_user_permissions" ADD CONSTRAINT "User_user_permissions_user_id_permission_id_af0f54ec_uniq" UNIQUE ("user_id", "permission_id"); (params ())
[13/Dec/2020 11:03:39] DEBUG [django.db.backends.schema:133] ALTER TABLE "User_user_permissions" ADD CONSTRAINT "User_user_permissions_user_id_2c6da4d4_fk_User_id" FOREIGN KEY ("user_id") REFERENCES "User" ("id") DEFERRABLE INITIALLY DEFERRED; (params ())
[13/Dec/2020 11:03:39] DEBUG [django.db.backends.schema:133] ALTER TABLE "User_user_permissions" ADD CONSTRAINT "User_user_permission_permission_id_8e998ba4_fk_auth_perm" FOREIGN KEY ("permission_id") REFERENCES "auth_permission" ("id") DEFERRABLE INITIALLY DEFERRED; (params ())
[13/Dec/2020 11:03:39] DEBUG [django.db.backends.schema:133] CREATE INDEX "User_user_permissions_user_id_2c6da4d4" ON "User_user_permissions" ("user_id"); (params ())
[13/Dec/2020 11:03:39] DEBUG [django.db.backends.schema:133] CREATE INDEX "User_user_permissions_permission_id_8e998ba4" ON "User_user_permissions" ("permission_id"); (params ())
[13/Dec/2020 11:03:39] DEBUG [django.db.backends.schema:133] CREATE TABLE "django_admin_log" ("id" serial NOT NULL PRIMARY KEY, "action_time" timestamp with time zone NOT NULL, "object_id" text NULL, "object_repr" varchar(200) NOT NULL, "action_flag" smallint NOT NULL CHECK ("action_flag" >= 0), "change_message" text NOT NULL, "content_type_id" integer NULL, "user_id" integer NOT NULL); (params None)
[13/Dec/2020 11:03:39] DEBUG [django.db.backends.schema:133] ALTER TABLE "django_admin_log" ADD CONSTRAINT "django_admin_log_content_type_id_c4bce8eb_fk_django_co" FOREIGN KEY ("content_type_id") REFERENCES "django_content_type" ("id") DEFERRABLE INITIALLY DEFERRED; (params ())
[13/Dec/2020 11:03:39] DEBUG [django.db.backends.schema:133] ALTER TABLE "django_admin_log" ADD CONSTRAINT "django_admin_log_user_id_c564eba6_fk_User_id" FOREIGN KEY ("user_id") REFERENCES "User" ("id") DEFERRABLE INITIALLY DEFERRED; (params ())
[13/Dec/2020 11:03:39] DEBUG [django.db.backends.schema:133] CREATE INDEX "django_admin_log_content_type_id_c4bce8eb" ON "django_admin_log" ("content_type_id"); (params ())
[13/Dec/2020 11:03:39] DEBUG [django.db.backends.schema:133] CREATE INDEX "django_admin_log_user_id_c564eba6" ON "django_admin_log" ("user_id"); (params ())
[13/Dec/2020 11:03:39] DEBUG [django.db.backends.schema:133] CREATE TABLE "Category" ("id" serial NOT NULL PRIMARY KEY, "category_name" varchar(255) NOT NULL UNIQUE); (params None)
[13/Dec/2020 11:03:39] DEBUG [django.db.backends.schema:133] CREATE TABLE "Product" ("id" serial NOT NULL PRIMARY KEY, "barcode" varchar(200) NOT NULL UNIQUE, "product_name" varchar(500) NOT NULL, "nutrition_grade" varchar(1) NOT NULL, "url" varchar(500) NOT NULL, "product_image" varchar(500) NOT NULL, "nutrition_image" varchar(500) NULL); (params None)
[13/Dec/2020 11:03:39] DEBUG [django.db.backends.schema:133] CREATE TABLE "Product_category" ("id" serial NOT NULL PRIMARY KEY, "product_id" integer NOT NULL, "category_id" integer NOT NULL); (params None)
[13/Dec/2020 11:03:39] DEBUG [django.db.backends.schema:133] CREATE INDEX "Category_category_name_2dacc93e_like" ON "Category" ("category_name" varchar_pattern_ops); (params ())
[13/Dec/2020 11:03:39] DEBUG [django.db.backends.schema:133] CREATE INDEX "Product_barcode_e213f566_like" ON "Product" ("barcode" varchar_pattern_ops); (params ())
[13/Dec/2020 11:03:39] DEBUG [django.db.backends.schema:133] ALTER TABLE "Product_category" ADD CONSTRAINT "Product_category_product_id_category_id_f3e599fa_uniq" UNIQUE ("product_id", "category_id"); (params ())
[13/Dec/2020 11:03:39] DEBUG [django.db.backends.schema:133] ALTER TABLE "Product_category" ADD CONSTRAINT "Product_category_product_id_754e3bf6_fk_Product_id" FOREIGN KEY ("product_id") REFERENCES "Product" ("id") DEFERRABLE INITIALLY DEFERRED; (params ())
[13/Dec/2020 11:03:39] DEBUG [django.db.backends.schema:133] ALTER TABLE "Product_category" ADD CONSTRAINT "Product_category_category_id_e54223e1_fk_Category_id" FOREIGN KEY ("category_id") REFERENCES "Category" ("id") DEFERRABLE INITIALLY DEFERRED; (params ())
[13/Dec/2020 11:03:39] DEBUG [django.db.backends.schema:133] CREATE INDEX "Product_category_product_id_754e3bf6" ON "Product_category" ("product_id"); (params ())
[13/Dec/2020 11:03:39] DEBUG [django.db.backends.schema:133] CREATE INDEX "Product_category_category_id_e54223e1" ON "Product_category" ("category_id"); (params ())
[13/Dec/2020 11:03:39] DEBUG [django.db.backends.schema:133] CREATE TABLE "Favorite" ("id" serial NOT NULL PRIMARY KEY, "substitute_id" integer NOT NULL, "substituted_id" integer NOT NULL); (params None)
[13/Dec/2020 11:03:39] DEBUG [django.db.backends.schema:133] ALTER TABLE "Favorite" ADD CONSTRAINT "Favorite_substitute_id_1962b0e9_fk_Product_id" FOREIGN KEY ("substitute_id") REFERENCES "Product" ("id") DEFERRABLE INITIALLY DEFERRED; (params ())
[13/Dec/2020 11:03:39] DEBUG [django.db.backends.schema:133] ALTER TABLE "Favorite" ADD CONSTRAINT "Favorite_substituted_id_42f9048c_fk_Product_id" FOREIGN KEY ("substituted_id") REFERENCES "Product" ("id") DEFERRABLE INITIALLY DEFERRED; (params ())
[13/Dec/2020 11:03:39] DEBUG [django.db.backends.schema:133] CREATE INDEX "Favorite_substitute_id_1962b0e9" ON "Favorite" ("substitute_id"); (params ())
[13/Dec/2020 11:03:39] DEBUG [django.db.backends.schema:133] CREATE INDEX "Favorite_substituted_id_42f9048c" ON "Favorite" ("substituted_id"); (params ())
[13/Dec/2020 11:03:39] DEBUG [django.db.backends.schema:133] CREATE TABLE "Favorite_user" ("id" serial NOT NULL PRIMARY KEY, "favorite_id" integer NOT NULL, "user_id" integer NOT NULL); (params None)
[13/Dec/2020 11:03:39] DEBUG [django.db.backends.schema:133] ALTER TABLE "Favorite" ADD CONSTRAINT "Favorite_substituted_id_substitute_id_0e7f434f_uniq" UNIQUE ("substituted_id", "substitute_id"); (params ())
[13/Dec/2020 11:03:39] DEBUG [django.db.backends.schema:133] ALTER TABLE "Favorite_user" ADD CONSTRAINT "Favorite_user_favorite_id_user_id_cc27217d_uniq" UNIQUE ("favorite_id", "user_id"); (params ())
[13/Dec/2020 11:03:39] DEBUG [django.db.backends.schema:133] ALTER TABLE "Favorite_user" ADD CONSTRAINT "Favorite_user_favorite_id_257a7d10_fk_Favorite_id" FOREIGN KEY ("favorite_id") REFERENCES "Favorite" ("id") DEFERRABLE INITIALLY DEFERRED; (params ())
[13/Dec/2020 11:03:39] DEBUG [django.db.backends.schema:133] ALTER TABLE "Favorite_user" ADD CONSTRAINT "Favorite_user_user_id_870f5ad3_fk_User_id" FOREIGN KEY ("user_id") REFERENCES "User" ("id") DEFERRABLE INITIALLY DEFERRED; (params ())
[13/Dec/2020 11:03:39] DEBUG [django.db.backends.schema:133] CREATE INDEX "Favorite_user_favorite_id_257a7d10" ON "Favorite_user" ("favorite_id"); (params ())
[13/Dec/2020 11:03:39] DEBUG [django.db.backends.schema:133] CREATE INDEX "Favorite_user_user_id_870f5ad3" ON "Favorite_user" ("user_id"); (params ())
[13/Dec/2020 11:03:39] DEBUG [django.db.backends.schema:133] SET CONSTRAINTS "Favorite_substitute_id_1962b0e9_fk_Product_id" IMMEDIATE; ALTER TABLE "Favorite" DROP CONSTRAINT "Favorite_substitute_id_1962b0e9_fk_Product_id"; (params ())
[13/Dec/2020 11:03:39] DEBUG [django.db.backends.schema:133] ALTER TABLE "Favorite" ADD CONSTRAINT "Favorite_substitute_id_1962b0e9_fk_Product_id" FOREIGN KEY ("substitute_id") REFERENCES "Product" ("id") DEFERRABLE INITIALLY DEFERRED; (params ())
[13/Dec/2020 11:03:39] DEBUG [django.db.backends.schema:133] SET CONSTRAINTS "Favorite_substituted_id_42f9048c_fk_Product_id" IMMEDIATE; ALTER TABLE "Favorite" DROP CONSTRAINT "Favorite_substituted_id_42f9048c_fk_Product_id"; (params ())
[13/Dec/2020 11:03:39] DEBUG [django.db.backends.schema:133] ALTER TABLE "Favorite" ADD CONSTRAINT "Favorite_substituted_id_42f9048c_fk_Product_id" FOREIGN KEY ("substituted_id") REFERENCES "Product" ("id") DEFERRABLE INITIALLY DEFERRED; (params ())
[13/Dec/2020 11:03:39] DEBUG [django.db.backends.schema:133] SET CONSTRAINTS "Favorite_user_user_id_870f5ad3_fk_User_id" IMMEDIATE; ALTER TABLE "Favorite_user" DROP CONSTRAINT "Favorite_user_user_id_870f5ad3_fk_User_id"; (params ())
[13/Dec/2020 11:03:39] DEBUG [django.db.backends.schema:133] ALTER TABLE "Favorite_user" ADD CONSTRAINT "Favorite_user_user_id_870f5ad3_fk_User_id" FOREIGN KEY ("user_id") REFERENCES "User" ("id") DEFERRABLE INITIALLY DEFERRED; (params ())
[13/Dec/2020 11:03:39] DEBUG [django.db.backends.schema:133] SET CONSTRAINTS "Favorite_user_favorite_id_257a7d10_fk_Favorite_id" IMMEDIATE; ALTER TABLE "Favorite_user" DROP CONSTRAINT "Favorite_user_favorite_id_257a7d10_fk_Favorite_id"; (params ())
[13/Dec/2020 11:03:39] DEBUG [django.db.backends.schema:133] ALTER TABLE "Favorite_user" ADD CONSTRAINT "Favorite_user_favorite_id_257a7d10_fk_Favorite_id" FOREIGN KEY ("favorite_id") REFERENCES "Favorite" ("id") DEFERRABLE INITIALLY DEFERRED; (params ())
[13/Dec/2020 11:03:39] DEBUG [django.db.backends.schema:133] SET CONSTRAINTS "Favorite_substituted_id_42f9048c_fk_Product_id" IMMEDIATE; ALTER TABLE "Favorite" DROP CONSTRAINT "Favorite_substituted_id_42f9048c_fk_Product_id"; (params ())
[13/Dec/2020 11:03:39] DEBUG [django.db.backends.schema:133] ALTER TABLE "Favorite" ADD CONSTRAINT "Favorite_substituted_id_42f9048c_fk_Product_id" FOREIGN KEY ("substituted_id") REFERENCES "Product" ("id") DEFERRABLE INITIALLY DEFERRED; (params ())
[13/Dec/2020 11:03:39] DEBUG [django.db.backends.schema:133] ALTER TABLE "Favorite" DROP CONSTRAINT "Favorite_substituted_id_substitute_id_0e7f434f_uniq"; (params ())
[13/Dec/2020 11:03:39] DEBUG [django.db.backends.schema:133] CREATE TABLE "django_session" ("session_key" varchar(40) NOT NULL PRIMARY KEY, "session_data" text NOT NULL, "expire_date" timestamp with time zone NOT NULL); (params None)
[13/Dec/2020 11:03:39] DEBUG [django.db.backends.schema:133] CREATE INDEX "django_session_session_key_c0390e0f_like" ON "django_session" ("session_key" varchar_pattern_ops); (params ())
[13/Dec/2020 11:03:39] DEBUG [django.db.backends.schema:133] CREATE INDEX "django_session_expire_date_a5c62663" ON "django_session" ("expire_date"); (params ())
[13/Dec/2020 11:03:39] DEBUG [django.db.backends.schema:133] ALTER TABLE "User" DROP CONSTRAINT "User_email_key"; (params ())
[13/Dec/2020 11:03:39] DEBUG [django.db.backends.schema:133] ALTER TABLE "User" ALTER COLUMN "email" TYPE varchar(254); (params [])
[13/Dec/2020 11:03:39] DEBUG [django.db.backends.schema:133] DROP INDEX IF EXISTS "User_email_667201b5_like"; (params ())
[13/Dec/2020 11:03:39] DEBUG [django.db.backends.schema:133] ALTER TABLE "User" ALTER COLUMN "password" TYPE varchar(128); (params [])
[13/Dec/2020 11:03:42] WARNING [django.request:224] Not Found: /favicon.ico
[13/Dec/2020 11:07:58] DEBUG [django.db.backends.schema:133] CREATE TABLE "django_migrations" ("id" serial NOT NULL PRIMARY KEY, "app" varchar(255) NOT NULL, "name" varchar(255) NOT NULL, "applied" timestamp with time zone NOT NULL); (params None)
[13/Dec/2020 11:07:58] DEBUG [django.db.backends.schema:133] CREATE TABLE "django_content_type" ("id" serial NOT NULL PRIMARY KEY, "name" varchar(100) NOT NULL, "app_label" varchar(100) NOT NULL, "model" varchar(100) NOT NULL); (params None)
[13/Dec/2020 11:07:59] DEBUG [django.db.backends.schema:133] ALTER TABLE "django_content_type" ADD CONSTRAINT "django_content_type_app_label_model_76bd3d3b_uniq" UNIQUE ("app_label", "model"); (params ())
[13/Dec/2020 11:07:59] DEBUG [django.db.backends.schema:133] ALTER TABLE "django_content_type" ALTER COLUMN "name" DROP NOT NULL; (params [])
[13/Dec/2020 11:07:59] DEBUG [django.db.backends.schema:133] ALTER TABLE "django_content_type" DROP COLUMN "name" CASCADE; (params ())
[13/Dec/2020 11:07:59] DEBUG [django.db.backends.schema:133] CREATE TABLE "auth_permission" ("id" serial NOT NULL PRIMARY KEY, "name" varchar(50) NOT NULL, "content_type_id" integer NOT NULL, "codename" varchar(100) NOT NULL); (params None)
[13/Dec/2020 11:07:59] DEBUG [django.db.backends.schema:133] CREATE TABLE "auth_group" ("id" serial NOT NULL PRIMARY KEY, "name" varchar(80) NOT NULL UNIQUE); (params None)
[13/Dec/2020 11:07:59] DEBUG [django.db.backends.schema:133] CREATE TABLE "auth_group_permissions" ("id" serial NOT NULL PRIMARY KEY, "group_id" integer NOT NULL, "permission_id" integer NOT NULL); (params None)
[13/Dec/2020 11:07:59] DEBUG [django.db.backends.schema:133] ALTER TABLE "auth_permission" ADD CONSTRAINT "auth_permission_content_type_id_codename_01ab375a_uniq" UNIQUE ("content_type_id", "codename"); (params ())
[13/Dec/2020 11:07:59] DEBUG [django.db.backends.schema:133] ALTER TABLE "auth_permission" ADD CONSTRAINT "auth_permission_content_type_id_2f476e4b_fk_django_co" FOREIGN KEY ("content_type_id") REFERENCES "django_content_type" ("id") DEFERRABLE INITIALLY DEFERRED; (params ())
[13/Dec/2020 11:07:59] DEBUG [django.db.backends.schema:133] CREATE INDEX "auth_permission_content_type_id_2f476e4b" ON "auth_permission" ("content_type_id"); (params ())
[13/Dec/2020 11:07:59] DEBUG [django.db.backends.schema:133] CREATE INDEX "auth_group_name_a6ea08ec_like" ON "auth_group" ("name" varchar_pattern_ops); (params ())
[13/Dec/2020 11:07:59] DEBUG [django.db.backends.schema:133] ALTER TABLE "auth_group_permissions" ADD CONSTRAINT "auth_group_permissions_group_id_permission_id_0cd325b0_uniq" UNIQUE ("group_id", "permission_id"); (params ())
[13/Dec/2020 11:07:59] DEBUG [django.db.backends.schema:133] ALTER TABLE "auth_group_permissions" ADD CONSTRAINT "auth_group_permissions_group_id_b120cbf9_fk_auth_group_id" FOREIGN KEY ("group_id") REFERENCES "auth_group" ("id") DEFERRABLE INITIALLY DEFERRED; (params ())
[13/Dec/2020 11:07:59] DEBUG [django.db.backends.schema:133] ALTER TABLE "auth_group_permissions" ADD CONSTRAINT "auth_group_permissio_permission_id_84c5c92e_fk_auth_perm" FOREIGN KEY ("permission_id") REFERENCES "auth_permission" ("id") DEFERRABLE INITIALLY DEFERRED; (params ())
[13/Dec/2020 11:07:59] DEBUG [django.db.backends.schema:133] CREATE INDEX "auth_group_permissions_group_id_b120cbf9" ON "auth_group_permissions" ("group_id"); (params ())
[13/Dec/2020 11:07:59] DEBUG [django.db.backends.schema:133] CREATE INDEX "auth_group_permissions_permission_id_84c5c92e" ON "auth_group_permissions" ("permission_id"); (params ())
[13/Dec/2020 11:07:59] DEBUG [django.db.backends.schema:133] ALTER TABLE "auth_permission" ALTER COLUMN "name" TYPE varchar(255); (params [])
[13/Dec/2020 11:07:59] DEBUG [django.db.backends.schema:133] ALTER TABLE "auth_group" ALTER COLUMN "name" TYPE varchar(150); (params [])
[13/Dec/2020 11:07:59] DEBUG [django.db.backends.schema:133] CREATE TABLE "User" ("id" serial NOT NULL PRIMARY KEY, "last_login" timestamp with time zone NULL, "is_superuser" boolean NOT NULL, "username" varchar(150) NOT NULL UNIQUE, "last_name" varchar(150) NOT NULL, "is_staff" boolean NOT NULL, "is_active" boolean NOT NULL, "date_joined" timestamp with time zone NOT NULL, "email" varchar(255) NOT NULL UNIQUE, "password" varchar(200) NOT NULL, "first_name" varchar(200) NOT NULL); (params None)
[13/Dec/2020 11:07:59] DEBUG [django.db.backends.schema:133] CREATE TABLE "User_groups" ("id" serial NOT NULL PRIMARY KEY, "user_id" integer NOT NULL, "group_id" integer NOT NULL); (params None)
[13/Dec/2020 11:07:59] DEBUG [django.db.backends.schema:133] CREATE TABLE "User_user_permissions" ("id" serial NOT NULL PRIMARY KEY, "user_id" integer NOT NULL, "permission_id" integer NOT NULL); (params None)
[13/Dec/2020 11:07:59] DEBUG [django.db.backends.schema:133] CREATE INDEX "User_username_3851fdce_like" ON "User" ("username" varchar_pattern_ops); (params ())
[13/Dec/2020 11:07:59] DEBUG [django.db.backends.schema:133] CREATE INDEX "User_email_667201b5_like" ON "User" ("email" varchar_pattern_ops); (params ())
[13/Dec/2020 11:07:59] DEBUG [django.db.backends.schema:133] ALTER TABLE "User_groups" ADD CONSTRAINT "User_groups_user_id_group_id_d63e199e_uniq" UNIQUE ("user_id", "group_id"); (params ())
[13/Dec/2020 11:07:59] DEBUG [django.db.backends.schema:133] ALTER TABLE "User_groups" ADD CONSTRAINT "User_groups_user_id_8f675f72_fk_User_id" FOREIGN KEY ("user_id") REFERENCES "User" ("id") DEFERRABLE INITIALLY DEFERRED; (params ())
[13/Dec/2020 11:07:59] DEBUG [django.db.backends.schema:133] ALTER TABLE "User_groups" ADD CONSTRAINT "User_groups_group_id_328392a3_fk_auth_group_id" FOREIGN KEY ("group_id") REFERENCES "auth_group" ("id") DEFERRABLE INITIALLY DEFERRED; (params ())
[13/Dec/2020 11:07:59] DEBUG [django.db.backends.schema:133] CREATE INDEX "User_groups_user_id_8f675f72" ON "User_groups" ("user_id"); (params ())
[13/Dec/2020 11:07:59] DEBUG [django.db.backends.schema:133] CREATE INDEX "User_groups_group_id_328392a3" ON "User_groups" ("group_id"); (params ())
[13/Dec/2020 11:07:59] DEBUG [django.db.backends.schema:133] ALTER TABLE "User_user_permissions" ADD CONSTRAINT "User_user_permissions_user_id_permission_id_af0f54ec_uniq" UNIQUE ("user_id", "permission_id"); (params ())
[13/Dec/2020 11:07:59] DEBUG [django.db.backends.schema:133] ALTER TABLE "User_user_permissions" ADD CONSTRAINT "User_user_permissions_user_id_2c6da4d4_fk_User_id" FOREIGN KEY ("user_id") REFERENCES "User" ("id") DEFERRABLE INITIALLY DEFERRED; (params ())
[13/Dec/2020 11:07:59] DEBUG [django.db.backends.schema:133] ALTER TABLE "User_user_permissions" ADD CONSTRAINT "User_user_permission_permission_id_8e998ba4_fk_auth_perm" FOREIGN KEY ("permission_id") REFERENCES "auth_permission" ("id") DEFERRABLE INITIALLY DEFERRED; (params ())
[13/Dec/2020 11:07:59] DEBUG [django.db.backends.schema:133] CREATE INDEX "User_user_permissions_user_id_2c6da4d4" ON "User_user_permissions" ("user_id"); (params ())
[13/Dec/2020 11:07:59] DEBUG [django.db.backends.schema:133] CREATE INDEX "User_user_permissions_permission_id_8e998ba4" ON "User_user_permissions" ("permission_id"); (params ())
[13/Dec/2020 11:07:59] DEBUG [django.db.backends.schema:133] CREATE TABLE "django_admin_log" ("id" serial NOT NULL PRIMARY KEY, "action_time" timestamp with time zone NOT NULL, "object_id" text NULL, "object_repr" varchar(200) NOT NULL, "action_flag" smallint NOT NULL CHECK ("action_flag" >= 0), "change_message" text NOT NULL, "content_type_id" integer NULL, "user_id" integer NOT NULL); (params None)
[13/Dec/2020 11:07:59] DEBUG [django.db.backends.schema:133] ALTER TABLE "django_admin_log" ADD CONSTRAINT "django_admin_log_content_type_id_c4bce8eb_fk_django_co" FOREIGN KEY ("content_type_id") REFERENCES "django_content_type" ("id") DEFERRABLE INITIALLY DEFERRED; (params ())
[13/Dec/2020 11:07:59] DEBUG [django.db.backends.schema:133] ALTER TABLE "django_admin_log" ADD CONSTRAINT "django_admin_log_user_id_c564eba6_fk_User_id" FOREIGN KEY ("user_id") REFERENCES "User" ("id") DEFERRABLE INITIALLY DEFERRED; (params ())
[13/Dec/2020 11:07:59] DEBUG [django.db.backends.schema:133] CREATE INDEX "django_admin_log_content_type_id_c4bce8eb" ON "django_admin_log" ("content_type_id"); (params ())
[13/Dec/2020 11:07:59] DEBUG [django.db.backends.schema:133] CREATE INDEX "django_admin_log_user_id_c564eba6" ON "django_admin_log" ("user_id"); (params ())
[13/Dec/2020 11:07:59] DEBUG [django.db.backends.schema:133] CREATE TABLE "Category" ("id" serial NOT NULL PRIMARY KEY, "category_name" varchar(255) NOT NULL UNIQUE); (params None)
[13/Dec/2020 11:07:59] DEBUG [django.db.backends.schema:133] CREATE TABLE "Product" ("id" serial NOT NULL PRIMARY KEY, "barcode" varchar(200) NOT NULL UNIQUE, "product_name" varchar(500) NOT NULL, "nutrition_grade" varchar(1) NOT NULL, "url" varchar(500) NOT NULL, "product_image" varchar(500) NOT NULL, "nutrition_image" varchar(500) NULL); (params None)
[13/Dec/2020 11:07:59] DEBUG [django.db.backends.schema:133] CREATE TABLE "Product_category" ("id" serial NOT NULL PRIMARY KEY, "product_id" integer NOT NULL, "category_id" integer NOT NULL); (params None)
[13/Dec/2020 11:07:59] DEBUG [django.db.backends.schema:133] CREATE INDEX "Category_category_name_2dacc93e_like" ON "Category" ("category_name" varchar_pattern_ops); (params ())
[13/Dec/2020 11:07:59] DEBUG [django.db.backends.schema:133] CREATE INDEX "Product_barcode_e213f566_like" ON "Product" ("barcode" varchar_pattern_ops); (params ())
[13/Dec/2020 11:07:59] DEBUG [django.db.backends.schema:133] ALTER TABLE "Product_category" ADD CONSTRAINT "Product_category_product_id_category_id_f3e599fa_uniq" UNIQUE ("product_id", "category_id"); (params ())
[13/Dec/2020 11:07:59] DEBUG [django.db.backends.schema:133] ALTER TABLE "Product_category" ADD CONSTRAINT "Product_category_product_id_754e3bf6_fk_Product_id" FOREIGN KEY ("product_id") REFERENCES "Product" ("id") DEFERRABLE INITIALLY DEFERRED; (params ())
[13/Dec/2020 11:07:59] DEBUG [django.db.backends.schema:133] ALTER TABLE "Product_category" ADD CONSTRAINT "Product_category_category_id_e54223e1_fk_Category_id" FOREIGN KEY ("category_id") REFERENCES "Category" ("id") DEFERRABLE INITIALLY DEFERRED; (params ())
[13/Dec/2020 11:07:59] DEBUG [django.db.backends.schema:133] CREATE INDEX "Product_category_product_id_754e3bf6" ON "Product_category" ("product_id"); (params ())
[13/Dec/2020 11:07:59] DEBUG [django.db.backends.schema:133] CREATE INDEX "Product_category_category_id_e54223e1" ON "Product_category" ("category_id"); (params ())
[13/Dec/2020 11:07:59] DEBUG [django.db.backends.schema:133] CREATE TABLE "Favorite" ("id" serial NOT NULL PRIMARY KEY, "substitute_id" integer NOT NULL, "substituted_id" integer NOT NULL); (params None)
[13/Dec/2020 11:07:59] DEBUG [django.db.backends.schema:133] ALTER TABLE "Favorite" ADD CONSTRAINT "Favorite_substitute_id_1962b0e9_fk_Product_id" FOREIGN KEY ("substitute_id") REFERENCES "Product" ("id") DEFERRABLE INITIALLY DEFERRED; (params ())
[13/Dec/2020 11:07:59] DEBUG [django.db.backends.schema:133] ALTER TABLE "Favorite" ADD CONSTRAINT "Favorite_substituted_id_42f9048c_fk_Product_id" FOREIGN KEY ("substituted_id") REFERENCES "Product" ("id") DEFERRABLE INITIALLY DEFERRED; (params ())
[13/Dec/2020 11:07:59] DEBUG [django.db.backends.schema:133] CREATE INDEX "Favorite_substitute_id_1962b0e9" ON "Favorite" ("substitute_id"); (params ())
[13/Dec/2020 11:07:59] DEBUG [django.db.backends.schema:133] CREATE INDEX "Favorite_substituted_id_42f9048c" ON "Favorite" ("substituted_id"); (params ())
[13/Dec/2020 11:07:59] DEBUG [django.db.backends.schema:133] CREATE TABLE "Favorite_user" ("id" serial NOT NULL PRIMARY KEY, "favorite_id" integer NOT NULL, "user_id" integer NOT NULL); (params None)
[13/Dec/2020 11:07:59] DEBUG [django.db.backends.schema:133] ALTER TABLE "Favorite" ADD CONSTRAINT "Favorite_substituted_id_substitute_id_0e7f434f_uniq" UNIQUE ("substituted_id", "substitute_id"); (params ())
[13/Dec/2020 11:07:59] DEBUG [django.db.backends.schema:133] ALTER TABLE "Favorite_user" ADD CONSTRAINT "Favorite_user_favorite_id_user_id_cc27217d_uniq" UNIQUE ("favorite_id", "user_id"); (params ())
[13/Dec/2020 11:07:59] DEBUG [django.db.backends.schema:133] ALTER TABLE "Favorite_user" ADD CONSTRAINT "Favorite_user_favorite_id_257a7d10_fk_Favorite_id" FOREIGN KEY ("favorite_id") REFERENCES "Favorite" ("id") DEFERRABLE INITIALLY DEFERRED; (params ())
[13/Dec/2020 11:07:59] DEBUG [django.db.backends.schema:133] ALTER TABLE "Favorite_user" ADD CONSTRAINT "Favorite_user_user_id_870f5ad3_fk_User_id" FOREIGN KEY ("user_id") REFERENCES "User" ("id") DEFERRABLE INITIALLY DEFERRED; (params ())
[13/Dec/2020 11:07:59] DEBUG [django.db.backends.schema:133] CREATE INDEX "Favorite_user_favorite_id_257a7d10" ON "Favorite_user" ("favorite_id"); (params ())
[13/Dec/2020 11:07:59] DEBUG [django.db.backends.schema:133] CREATE INDEX "Favorite_user_user_id_870f5ad3" ON "Favorite_user" ("user_id"); (params ())
[13/Dec/2020 11:07:59] DEBUG [django.db.backends.schema:133] SET CONSTRAINTS "Favorite_substitute_id_1962b0e9_fk_Product_id" IMMEDIATE; ALTER TABLE "Favorite" DROP CONSTRAINT "Favorite_substitute_id_1962b0e9_fk_Product_id"; (params ())
[13/Dec/2020 11:07:59] DEBUG [django.db.backends.schema:133] ALTER TABLE "Favorite" ADD CONSTRAINT "Favorite_substitute_id_1962b0e9_fk_Product_id" FOREIGN KEY ("substitute_id") REFERENCES "Product" ("id") DEFERRABLE INITIALLY DEFERRED; (params ())
[13/Dec/2020 11:07:59] DEBUG [django.db.backends.schema:133] SET CONSTRAINTS "Favorite_substituted_id_42f9048c_fk_Product_id" IMMEDIATE; ALTER TABLE "Favorite" DROP CONSTRAINT "Favorite_substituted_id_42f9048c_fk_Product_id"; (params ())
[13/Dec/2020 11:07:59] DEBUG [django.db.backends.schema:133] ALTER TABLE "Favorite" ADD CONSTRAINT "Favorite_substituted_id_42f9048c_fk_Product_id" FOREIGN KEY ("substituted_id") REFERENCES "Product" ("id") DEFERRABLE INITIALLY DEFERRED; (params ())
[13/Dec/2020 11:07:59] DEBUG [django.db.backends.schema:133] SET CONSTRAINTS "Favorite_user_user_id_870f5ad3_fk_User_id" IMMEDIATE; ALTER TABLE "Favorite_user" DROP CONSTRAINT "Favorite_user_user_id_870f5ad3_fk_User_id"; (params ())
[13/Dec/2020 11:07:59] DEBUG [django.db.backends.schema:133] ALTER TABLE "Favorite_user" ADD CONSTRAINT "Favorite_user_user_id_870f5ad3_fk_User_id" FOREIGN KEY ("user_id") REFERENCES "User" ("id") DEFERRABLE INITIALLY DEFERRED; (params ())
[13/Dec/2020 11:07:59] DEBUG [django.db.backends.schema:133] SET CONSTRAINTS "Favorite_user_favorite_id_257a7d10_fk_Favorite_id" IMMEDIATE; ALTER TABLE "Favorite_user" DROP CONSTRAINT "Favorite_user_favorite_id_257a7d10_fk_Favorite_id"; (params ())
[13/Dec/2020 11:07:59] DEBUG [django.db.backends.schema:133] ALTER TABLE "Favorite_user" ADD CONSTRAINT "Favorite_user_favorite_id_257a7d10_fk_Favorite_id" FOREIGN KEY ("favorite_id") REFERENCES "Favorite" ("id") DEFERRABLE INITIALLY DEFERRED; (params ())
[13/Dec/2020 11:07:59] DEBUG [django.db.backends.schema:133] SET CONSTRAINTS "Favorite_substituted_id_42f9048c_fk_Product_id" IMMEDIATE; ALTER TABLE "Favorite" DROP CONSTRAINT "Favorite_substituted_id_42f9048c_fk_Product_id"; (params ())
[13/Dec/2020 11:07:59] DEBUG [django.db.backends.schema:133] ALTER TABLE "Favorite" ADD CONSTRAINT "Favorite_substituted_id_42f9048c_fk_Product_id" FOREIGN KEY ("substituted_id") REFERENCES "Product" ("id") DEFERRABLE INITIALLY DEFERRED; (params ())
[13/Dec/2020 11:07:59] DEBUG [django.db.backends.schema:133] ALTER TABLE "Favorite" DROP CONSTRAINT "Favorite_substituted_id_substitute_id_0e7f434f_uniq"; (params ())
[13/Dec/2020 11:07:59] DEBUG [django.db.backends.schema:133] CREATE TABLE "django_session" ("session_key" varchar(40) NOT NULL PRIMARY KEY, "session_data" text NOT NULL, "expire_date" timestamp with time zone NOT NULL); (params None)
[13/Dec/2020 11:07:59] DEBUG [django.db.backends.schema:133] CREATE INDEX "django_session_session_key_c0390e0f_like" ON "django_session" ("session_key" varchar_pattern_ops); (params ())
[13/Dec/2020 11:07:59] DEBUG [django.db.backends.schema:133] CREATE INDEX "django_session_expire_date_a5c62663" ON "django_session" ("expire_date"); (params ())
[13/Dec/2020 11:07:59] DEBUG [django.db.backends.schema:133] ALTER TABLE "User" DROP CONSTRAINT "User_email_key"; (params ())
[13/Dec/2020 11:07:59] DEBUG [django.db.backends.schema:133] ALTER TABLE "User" ALTER COLUMN "email" TYPE varchar(254); (params [])
[13/Dec/2020 11:07:59] DEBUG [django.db.backends.schema:133] DROP INDEX IF EXISTS "User_email_667201b5_like"; (params ())
[13/Dec/2020 11:07:59] DEBUG [django.db.backends.schema:133] ALTER TABLE "User" ALTER COLUMN "password" TYPE varchar(128); (params [])
[13/Dec/2020 11:08:03] WARNING [django.request:224] Not Found: /favicon.ico
[13/Dec/2020 11:10:30] DEBUG [django.db.backends.schema:133] CREATE TABLE "django_migrations" ("id" serial NOT NULL PRIMARY KEY, "app" varchar(255) NOT NULL, "name" varchar(255) NOT NULL, "applied" timestamp with time zone NOT NULL); (params None)
[13/Dec/2020 11:10:30] DEBUG [django.db.backends.schema:133] CREATE TABLE "django_content_type" ("id" serial NOT NULL PRIMARY KEY, "name" varchar(100) NOT NULL, "app_label" varchar(100) NOT NULL, "model" varchar(100) NOT NULL); (params None)
[13/Dec/2020 11:10:30] DEBUG [django.db.backends.schema:133] ALTER TABLE "django_content_type" ADD CONSTRAINT "django_content_type_app_label_model_76bd3d3b_uniq" UNIQUE ("app_label", "model"); (params ())
[13/Dec/2020 11:10:30] DEBUG [django.db.backends.schema:133] ALTER TABLE "django_content_type" ALTER COLUMN "name" DROP NOT NULL; (params [])
[13/Dec/2020 11:10:30] DEBUG [django.db.backends.schema:133] ALTER TABLE "django_content_type" DROP COLUMN "name" CASCADE; (params ())
[13/Dec/2020 11:10:30] DEBUG [django.db.backends.schema:133] CREATE TABLE "auth_permission" ("id" serial NOT NULL PRIMARY KEY, "name" varchar(50) NOT NULL, "content_type_id" integer NOT NULL, "codename" varchar(100) NOT NULL); (params None)
[13/Dec/2020 11:10:30] DEBUG [django.db.backends.schema:133] CREATE TABLE "auth_group" ("id" serial NOT NULL PRIMARY KEY, "name" varchar(80) NOT NULL UNIQUE); (params None)
[13/Dec/2020 11:10:30] DEBUG [django.db.backends.schema:133] CREATE TABLE "auth_group_permissions" ("id" serial NOT NULL PRIMARY KEY, "group_id" integer NOT NULL, "permission_id" integer NOT NULL); (params None)
[13/Dec/2020 11:10:30] DEBUG [django.db.backends.schema:133] ALTER TABLE "auth_permission" ADD CONSTRAINT "auth_permission_content_type_id_codename_01ab375a_uniq" UNIQUE ("content_type_id", "codename"); (params ())
[13/Dec/2020 11:10:30] DEBUG [django.db.backends.schema:133] ALTER TABLE "auth_permission" ADD CONSTRAINT "auth_permission_content_type_id_2f476e4b_fk_django_co" FOREIGN KEY ("content_type_id") REFERENCES "django_content_type" ("id") DEFERRABLE INITIALLY DEFERRED; (params ())
[13/Dec/2020 11:10:30] DEBUG [django.db.backends.schema:133] CREATE INDEX "auth_permission_content_type_id_2f476e4b" ON "auth_permission" ("content_type_id"); (params ())
[13/Dec/2020 11:10:30] DEBUG [django.db.backends.schema:133] CREATE INDEX "auth_group_name_a6ea08ec_like" ON "auth_group" ("name" varchar_pattern_ops); (params ())
[13/Dec/2020 11:10:30] DEBUG [django.db.backends.schema:133] ALTER TABLE "auth_group_permissions" ADD CONSTRAINT "auth_group_permissions_group_id_permission_id_0cd325b0_uniq" UNIQUE ("group_id", "permission_id"); (params ())
[13/Dec/2020 11:10:30] DEBUG [django.db.backends.schema:133] ALTER TABLE "auth_group_permissions" ADD CONSTRAINT "auth_group_permissions_group_id_b120cbf9_fk_auth_group_id" FOREIGN KEY ("group_id") REFERENCES "auth_group" ("id") DEFERRABLE INITIALLY DEFERRED; (params ())
[13/Dec/2020 11:10:30] DEBUG [django.db.backends.schema:133] ALTER TABLE "auth_group_permissions" ADD CONSTRAINT "auth_group_permissio_permission_id_84c5c92e_fk_auth_perm" FOREIGN KEY ("permission_id") REFERENCES "auth_permission" ("id") DEFERRABLE INITIALLY DEFERRED; (params ())
[13/Dec/2020 11:10:30] DEBUG [django.db.backends.schema:133] CREATE INDEX "auth_group_permissions_group_id_b120cbf9" ON "auth_group_permissions" ("group_id"); (params ())
[13/Dec/2020 11:10:30] DEBUG [django.db.backends.schema:133] CREATE INDEX "auth_group_permissions_permission_id_84c5c92e" ON "auth_group_permissions" ("permission_id"); (params ())
[13/Dec/2020 11:10:30] DEBUG [django.db.backends.schema:133] ALTER TABLE "auth_permission" ALTER COLUMN "name" TYPE varchar(255); (params [])
[13/Dec/2020 11:10:30] DEBUG [django.db.backends.schema:133] ALTER TABLE "auth_group" ALTER COLUMN "name" TYPE varchar(150); (params [])
[13/Dec/2020 11:10:30] DEBUG [django.db.backends.schema:133] CREATE TABLE "User" ("id" serial NOT NULL PRIMARY KEY, "last_login" timestamp with time zone NULL, "is_superuser" boolean NOT NULL, "username" varchar(150) NOT NULL UNIQUE, "last_name" varchar(150) NOT NULL, "is_staff" boolean NOT NULL, "is_active" boolean NOT NULL, "date_joined" timestamp with time zone NOT NULL, "email" varchar(255) NOT NULL UNIQUE, "password" varchar(200) NOT NULL, "first_name" varchar(200) NOT NULL); (params None)
[13/Dec/2020 11:10:30] DEBUG [django.db.backends.schema:133] CREATE TABLE "User_groups" ("id" serial NOT NULL PRIMARY KEY, "user_id" integer NOT NULL, "group_id" integer NOT NULL); (params None)
[13/Dec/2020 11:10:30] DEBUG [django.db.backends.schema:133] CREATE TABLE "User_user_permissions" ("id" serial NOT NULL PRIMARY KEY, "user_id" integer NOT NULL, "permission_id" integer NOT NULL); (params None)
[13/Dec/2020 11:10:30] DEBUG [django.db.backends.schema:133] CREATE INDEX "User_username_3851fdce_like" ON "User" ("username" varchar_pattern_ops); (params ())
[13/Dec/2020 11:10:30] DEBUG [django.db.backends.schema:133] CREATE INDEX "User_email_667201b5_like" ON "User" ("email" varchar_pattern_ops); (params ())
[13/Dec/2020 11:10:30] DEBUG [django.db.backends.schema:133] ALTER TABLE "User_groups" ADD CONSTRAINT "User_groups_user_id_group_id_d63e199e_uniq" UNIQUE ("user_id", "group_id"); (params ())
[13/Dec/2020 11:10:30] DEBUG [django.db.backends.schema:133] ALTER TABLE "User_groups" ADD CONSTRAINT "User_groups_user_id_8f675f72_fk_User_id" FOREIGN KEY ("user_id") REFERENCES "User" ("id") DEFERRABLE INITIALLY DEFERRED; (params ())
[13/Dec/2020 11:10:30] DEBUG [django.db.backends.schema:133] ALTER TABLE "User_groups" ADD CONSTRAINT "User_groups_group_id_328392a3_fk_auth_group_id" FOREIGN KEY ("group_id") REFERENCES "auth_group" ("id") DEFERRABLE INITIALLY DEFERRED; (params ())
[13/Dec/2020 11:10:30] DEBUG [django.db.backends.schema:133] CREATE INDEX "User_groups_user_id_8f675f72" ON "User_groups" ("user_id"); (params ())
[13/Dec/2020 11:10:30] DEBUG [django.db.backends.schema:133] CREATE INDEX "User_groups_group_id_328392a3" ON "User_groups" ("group_id"); (params ())
[13/Dec/2020 11:10:30] DEBUG [django.db.backends.schema:133] ALTER TABLE "User_user_permissions" ADD CONSTRAINT "User_user_permissions_user_id_permission_id_af0f54ec_uniq" UNIQUE ("user_id", "permission_id"); (params ())
[13/Dec/2020 11:10:30] DEBUG [django.db.backends.schema:133] ALTER TABLE "User_user_permissions" ADD CONSTRAINT "User_user_permissions_user_id_2c6da4d4_fk_User_id" FOREIGN KEY ("user_id") REFERENCES "User" ("id") DEFERRABLE INITIALLY DEFERRED; (params ())
[13/Dec/2020 11:10:30] DEBUG [django.db.backends.schema:133] ALTER TABLE "User_user_permissions" ADD CONSTRAINT "User_user_permission_permission_id_8e998ba4_fk_auth_perm" FOREIGN KEY ("permission_id") REFERENCES "auth_permission" ("id") DEFERRABLE INITIALLY DEFERRED; (params ())
[13/Dec/2020 11:10:30] DEBUG [django.db.backends.schema:133] CREATE INDEX "User_user_permissions_user_id_2c6da4d4" ON "User_user_permissions" ("user_id"); (params ())
[13/Dec/2020 11:10:30] DEBUG [django.db.backends.schema:133] CREATE INDEX "User_user_permissions_permission_id_8e998ba4" ON "User_user_permissions" ("permission_id"); (params ())
[13/Dec/2020 11:10:30] DEBUG [django.db.backends.schema:133] CREATE TABLE "django_admin_log" ("id" serial NOT NULL PRIMARY KEY, "action_time" timestamp with time zone NOT NULL, "object_id" text NULL, "object_repr" varchar(200) NOT NULL, "action_flag" smallint NOT NULL CHECK ("action_flag" >= 0), "change_message" text NOT NULL, "content_type_id" integer NULL, "user_id" integer NOT NULL); (params None)
[13/Dec/2020 11:10:30] DEBUG [django.db.backends.schema:133] ALTER TABLE "django_admin_log" ADD CONSTRAINT "django_admin_log_content_type_id_c4bce8eb_fk_django_co" FOREIGN KEY ("content_type_id") REFERENCES "django_content_type" ("id") DEFERRABLE INITIALLY DEFERRED; (params ())
[13/Dec/2020 11:10:30] DEBUG [django.db.backends.schema:133] ALTER TABLE "django_admin_log" ADD CONSTRAINT "django_admin_log_user_id_c564eba6_fk_User_id" FOREIGN KEY ("user_id") REFERENCES "User" ("id") DEFERRABLE INITIALLY DEFERRED; (params ())
[13/Dec/2020 11:10:30] DEBUG [django.db.backends.schema:133] CREATE INDEX "django_admin_log_content_type_id_c4bce8eb" ON "django_admin_log" ("content_type_id"); (params ())
[13/Dec/2020 11:10:30] DEBUG [django.db.backends.schema:133] CREATE INDEX "django_admin_log_user_id_c564eba6" ON "django_admin_log" ("user_id"); (params ())
[13/Dec/2020 11:10:30] DEBUG [django.db.backends.schema:133] CREATE TABLE "Category" ("id" serial NOT NULL PRIMARY KEY, "category_name" varchar(255) NOT NULL UNIQUE); (params None)
[13/Dec/2020 11:10:30] DEBUG [django.db.backends.schema:133] CREATE TABLE "Product" ("id" serial NOT NULL PRIMARY KEY, "barcode" varchar(200) NOT NULL UNIQUE, "product_name" varchar(500) NOT NULL, "nutrition_grade" varchar(1) NOT NULL, "url" varchar(500) NOT NULL, "product_image" varchar(500) NOT NULL, "nutrition_image" varchar(500) NULL); (params None)
[13/Dec/2020 11:10:30] DEBUG [django.db.backends.schema:133] CREATE TABLE "Product_category" ("id" serial NOT NULL PRIMARY KEY, "product_id" integer NOT NULL, "category_id" integer NOT NULL); (params None)
[13/Dec/2020 11:10:30] DEBUG [django.db.backends.schema:133] CREATE INDEX "Category_category_name_2dacc93e_like" ON "Category" ("category_name" varchar_pattern_ops); (params ())
[13/Dec/2020 11:10:30] DEBUG [django.db.backends.schema:133] CREATE INDEX "Product_barcode_e213f566_like" ON "Product" ("barcode" varchar_pattern_ops); (params ())
[13/Dec/2020 11:10:30] DEBUG [django.db.backends.schema:133] ALTER TABLE "Product_category" ADD CONSTRAINT "Product_category_product_id_category_id_f3e599fa_uniq" UNIQUE ("product_id", "category_id"); (params ())
[13/Dec/2020 11:10:30] DEBUG [django.db.backends.schema:133] ALTER TABLE "Product_category" ADD CONSTRAINT "Product_category_product_id_754e3bf6_fk_Product_id" FOREIGN KEY ("product_id") REFERENCES "Product" ("id") DEFERRABLE INITIALLY DEFERRED; (params ())
[13/Dec/2020 11:10:30] DEBUG [django.db.backends.schema:133] ALTER TABLE "Product_category" ADD CONSTRAINT "Product_category_category_id_e54223e1_fk_Category_id" FOREIGN KEY ("category_id") REFERENCES "Category" ("id") DEFERRABLE INITIALLY DEFERRED; (params ())
[13/Dec/2020 11:10:30] DEBUG [django.db.backends.schema:133] CREATE INDEX "Product_category_product_id_754e3bf6" ON "Product_category" ("product_id"); (params ())
[13/Dec/2020 11:10:30] DEBUG [django.db.backends.schema:133] CREATE INDEX "Product_category_category_id_e54223e1" ON "Product_category" ("category_id"); (params ())
[13/Dec/2020 11:10:30] DEBUG [django.db.backends.schema:133] CREATE TABLE "Favorite" ("id" serial NOT NULL PRIMARY KEY, "substitute_id" integer NOT NULL, "substituted_id" integer NOT NULL); (params None)
[13/Dec/2020 11:10:30] DEBUG [django.db.backends.schema:133] ALTER TABLE "Favorite" ADD CONSTRAINT "Favorite_substitute_id_1962b0e9_fk_Product_id" FOREIGN KEY ("substitute_id") REFERENCES "Product" ("id") DEFERRABLE INITIALLY DEFERRED; (params ())
[13/Dec/2020 11:10:30] DEBUG [django.db.backends.schema:133] ALTER TABLE "Favorite" ADD CONSTRAINT "Favorite_substituted_id_42f9048c_fk_Product_id" FOREIGN KEY ("substituted_id") REFERENCES "Product" ("id") DEFERRABLE INITIALLY DEFERRED; (params ())
[13/Dec/2020 11:10:30] DEBUG [django.db.backends.schema:133] CREATE INDEX "Favorite_substitute_id_1962b0e9" ON "Favorite" ("substitute_id"); (params ())
[13/Dec/2020 11:10:30] DEBUG [django.db.backends.schema:133] CREATE INDEX "Favorite_substituted_id_42f9048c" ON "Favorite" ("substituted_id"); (params ())
[13/Dec/2020 11:10:30] DEBUG [django.db.backends.schema:133] CREATE TABLE "Favorite_user" ("id" serial NOT NULL PRIMARY KEY, "favorite_id" integer NOT NULL, "user_id" integer NOT NULL); (params None)
[13/Dec/2020 11:10:30] DEBUG [django.db.backends.schema:133] ALTER TABLE "Favorite" ADD CONSTRAINT "Favorite_substituted_id_substitute_id_0e7f434f_uniq" UNIQUE ("substituted_id", "substitute_id"); (params ())
[13/Dec/2020 11:10:30] DEBUG [django.db.backends.schema:133] ALTER TABLE "Favorite_user" ADD CONSTRAINT "Favorite_user_favorite_id_user_id_cc27217d_uniq" UNIQUE ("favorite_id", "user_id"); (params ())
[13/Dec/2020 11:10:30] DEBUG [django.db.backends.schema:133] ALTER TABLE "Favorite_user" ADD CONSTRAINT "Favorite_user_favorite_id_257a7d10_fk_Favorite_id" FOREIGN KEY ("favorite_id") REFERENCES "Favorite" ("id") DEFERRABLE INITIALLY DEFERRED; (params ())
[13/Dec/2020 11:10:30] DEBUG [django.db.backends.schema:133] ALTER TABLE "Favorite_user" ADD CONSTRAINT "Favorite_user_user_id_870f5ad3_fk_User_id" FOREIGN KEY ("user_id") REFERENCES "User" ("id") DEFERRABLE INITIALLY DEFERRED; (params ())
[13/Dec/2020 11:10:30] DEBUG [django.db.backends.schema:133] CREATE INDEX "Favorite_user_favorite_id_257a7d10" ON "Favorite_user" ("favorite_id"); (params ())
[13/Dec/2020 11:10:30] DEBUG [django.db.backends.schema:133] CREATE INDEX "Favorite_user_user_id_870f5ad3" ON "Favorite_user" ("user_id"); (params ())
[13/Dec/2020 11:10:30] DEBUG [django.db.backends.schema:133] SET CONSTRAINTS "Favorite_substitute_id_1962b0e9_fk_Product_id" IMMEDIATE; ALTER TABLE "Favorite" DROP CONSTRAINT "Favorite_substitute_id_1962b0e9_fk_Product_id"; (params ())
[13/Dec/2020 11:10:30] DEBUG [django.db.backends.schema:133] ALTER TABLE "Favorite" ADD CONSTRAINT "Favorite_substitute_id_1962b0e9_fk_Product_id" FOREIGN KEY ("substitute_id") REFERENCES "Product" ("id") DEFERRABLE INITIALLY DEFERRED; (params ())
[13/Dec/2020 11:10:30] DEBUG [django.db.backends.schema:133] SET CONSTRAINTS "Favorite_substituted_id_42f9048c_fk_Product_id" IMMEDIATE; ALTER TABLE "Favorite" DROP CONSTRAINT "Favorite_substituted_id_42f9048c_fk_Product_id"; (params ())
[13/Dec/2020 11:10:30] DEBUG [django.db.backends.schema:133] ALTER TABLE "Favorite" ADD CONSTRAINT "Favorite_substituted_id_42f9048c_fk_Product_id" FOREIGN KEY ("substituted_id") REFERENCES "Product" ("id") DEFERRABLE INITIALLY DEFERRED; (params ())
[13/Dec/2020 11:10:30] DEBUG [django.db.backends.schema:133] SET CONSTRAINTS "Favorite_user_user_id_870f5ad3_fk_User_id" IMMEDIATE; ALTER TABLE "Favorite_user" DROP CONSTRAINT "Favorite_user_user_id_870f5ad3_fk_User_id"; (params ())
[13/Dec/2020 11:10:30] DEBUG [django.db.backends.schema:133] ALTER TABLE "Favorite_user" ADD CONSTRAINT "Favorite_user_user_id_870f5ad3_fk_User_id" FOREIGN KEY ("user_id") REFERENCES "User" ("id") DEFERRABLE INITIALLY DEFERRED; (params ())
[13/Dec/2020 11:10:30] DEBUG [django.db.backends.schema:133] SET CONSTRAINTS "Favorite_user_favorite_id_257a7d10_fk_Favorite_id" IMMEDIATE; ALTER TABLE "Favorite_user" DROP CONSTRAINT "Favorite_user_favorite_id_257a7d10_fk_Favorite_id"; (params ())
[13/Dec/2020 11:10:30] DEBUG [django.db.backends.schema:133] ALTER TABLE "Favorite_user" ADD CONSTRAINT "Favorite_user_favorite_id_257a7d10_fk_Favorite_id" FOREIGN KEY ("favorite_id") REFERENCES "Favorite" ("id") DEFERRABLE INITIALLY DEFERRED; (params ())
[13/Dec/2020 11:10:30] DEBUG [django.db.backends.schema:133] SET CONSTRAINTS "Favorite_substituted_id_42f9048c_fk_Product_id" IMMEDIATE; ALTER TABLE "Favorite" DROP CONSTRAINT "Favorite_substituted_id_42f9048c_fk_Product_id"; (params ())
[13/Dec/2020 11:10:30] DEBUG [django.db.backends.schema:133] ALTER TABLE "Favorite" ADD CONSTRAINT "Favorite_substituted_id_42f9048c_fk_Product_id" FOREIGN KEY ("substituted_id") REFERENCES "Product" ("id") DEFERRABLE INITIALLY DEFERRED; (params ())
[13/Dec/2020 11:10:30] DEBUG [django.db.backends.schema:133] ALTER TABLE "Favorite" DROP CONSTRAINT "Favorite_substituted_id_substitute_id_0e7f434f_uniq"; (params ())
[13/Dec/2020 11:10:30] DEBUG [django.db.backends.schema:133] CREATE TABLE "django_session" ("session_key" varchar(40) NOT NULL PRIMARY KEY, "session_data" text NOT NULL, "expire_date" timestamp with time zone NOT NULL); (params None)
[13/Dec/2020 11:10:30] DEBUG [django.db.backends.schema:133] CREATE INDEX "django_session_session_key_c0390e0f_like" ON "django_session" ("session_key" varchar_pattern_ops); (params ())
[13/Dec/2020 11:10:30] DEBUG [django.db.backends.schema:133] CREATE INDEX "django_session_expire_date_a5c62663" ON "django_session" ("expire_date"); (params ())
[13/Dec/2020 11:10:30] DEBUG [django.db.backends.schema:133] ALTER TABLE "User" DROP CONSTRAINT "User_email_key"; (params ())
[13/Dec/2020 11:10:30] DEBUG [django.db.backends.schema:133] ALTER TABLE "User" ALTER COLUMN "email" TYPE varchar(254); (params [])
[13/Dec/2020 11:10:30] DEBUG [django.db.backends.schema:133] DROP INDEX IF EXISTS "User_email_667201b5_like"; (params ())
[13/Dec/2020 11:10:30] DEBUG [django.db.backends.schema:133] ALTER TABLE "User" ALTER COLUMN "password" TYPE varchar(128); (params [])
[13/Dec/2020 11:10:35] DEBUG [django.template:869] Exception while resolving variable 'form' in template 'users/login.html'.
Traceback (most recent call last):
  File "/Users/admin/.local/share/virtualenvs/P8_01_site-SWKIygY6/lib/python3.8/site-packages/django/template/base.py", line 829, in _resolve_lookup
    current = current[bit]
  File "/Users/admin/.local/share/virtualenvs/P8_01_site-SWKIygY6/lib/python3.8/site-packages/django/template/context.py", line 83, in __getitem__
    raise KeyError(key)
KeyError: 'form'

During handling of the above exception, another exception occurred:

Traceback (most recent call last):
  File "/Users/admin/.local/share/virtualenvs/P8_01_site-SWKIygY6/lib/python3.8/site-packages/django/template/base.py", line 835, in _resolve_lookup
    if isinstance(current, BaseContext) and getattr(type(current), bit):
AttributeError: type object 'RequestContext' has no attribute 'form'

During handling of the above exception, another exception occurred:

Traceback (most recent call last):
  File "/Users/admin/.local/share/virtualenvs/P8_01_site-SWKIygY6/lib/python3.8/site-packages/django/template/base.py", line 843, in _resolve_lookup
    current = current[int(bit)]
ValueError: invalid literal for int() with base 10: 'form'

During handling of the above exception, another exception occurred:

Traceback (most recent call last):
  File "/Users/admin/.local/share/virtualenvs/P8_01_site-SWKIygY6/lib/python3.8/site-packages/django/template/base.py", line 848, in _resolve_lookup
    raise VariableDoesNotExist("Failed lookup for key "
django.template.base.VariableDoesNotExist: Failed lookup for key [form] in [{'True': True, 'False': False, 'None': None}, {'csrf_token': <SimpleLazyObject: 'SrOIO8jmdvAaWw0xE7Aaq7CSyAR8FvXlkfL5u2aeJGLIygKPtJ1CzETo6cK4tNi9'>, 'request': <WSGIRequest: GET '/users/login'>, 'user': <SimpleLazyObject: <function AuthenticationMiddleware.process_request.<locals>.<lambda> at 0x7f8f2a0e8940>>, 'perms': <django.contrib.auth.context_processors.PermWrapper object at 0x7f8f2ad11520>, 'messages': <django.contrib.messages.storage.fallback.FallbackStorage object at 0x7f8f2aae8850>, 'DEFAULT_MESSAGE_LEVELS': {'DEBUG': 10, 'INFO': 20, 'SUCCESS': 25, 'WARNING': 30, 'ERROR': 40}}, {}, {'view': <users.views.ConnectView object at 0x7f8f2aae8880>, 'next': '', 'site': <django.contrib.sites.requests.RequestSite object at 0x7f8f2ad032b0>, 'site_name': 'localhost:56909', 'login_form': <AuthenticationForm bound=False, valid=Unknown, fields=(username;password)>}, {'block': <Block Node: nav. Contents: [<TextNode: '\n            <nav class="'>, <django.templatetags.static.StaticNode object at 0x7f8f2ad33550>, <TextNode: '">\n                \t\t<a c'>, <django.template.defaulttags.URLNode object at 0x7f8f2ad336d0>, <TextNode: '">Pur Beurre</a>\n        '>, <django.template.defaulttags.URLNode object at 0x7f8f2ad33760>, <TextNode: '" method="POST">\n        '>, <django.template.defaulttags.CsrfTokenNode object at 0x7f8f2ad338b0>, <TextNode: '\n                        '>, <Variable Node: form>, <TextNode: '\n                        '>, <IfNode>, <TextNode: ' \n                       '>, <IfNode>, <TextNode: ' \n                       '>, <IfNode>, <TextNode: ' \n                       '>]>}]
[13/Dec/2020 11:10:35] DEBUG [django.template:869] Exception while resolving variable 'include_media' in template 'bootstrap4/uni_form.html'.
Traceback (most recent call last):
  File "/Users/admin/.local/share/virtualenvs/P8_01_site-SWKIygY6/lib/python3.8/site-packages/django/template/base.py", line 829, in _resolve_lookup
    current = current[bit]
  File "/Users/admin/.local/share/virtualenvs/P8_01_site-SWKIygY6/lib/python3.8/site-packages/django/template/context.py", line 83, in __getitem__
    raise KeyError(key)
KeyError: 'include_media'

During handling of the above exception, another exception occurred:

Traceback (most recent call last):
  File "/Users/admin/.local/share/virtualenvs/P8_01_site-SWKIygY6/lib/python3.8/site-packages/django/template/base.py", line 835, in _resolve_lookup
    if isinstance(current, BaseContext) and getattr(type(current), bit):
AttributeError: type object 'Context' has no attribute 'include_media'

During handling of the above exception, another exception occurred:

Traceback (most recent call last):
  File "/Users/admin/.local/share/virtualenvs/P8_01_site-SWKIygY6/lib/python3.8/site-packages/django/template/base.py", line 843, in _resolve_lookup
    current = current[int(bit)]
ValueError: invalid literal for int() with base 10: 'include_media'

During handling of the above exception, another exception occurred:

Traceback (most recent call last):
  File "/Users/admin/.local/share/virtualenvs/P8_01_site-SWKIygY6/lib/python3.8/site-packages/django/template/base.py", line 848, in _resolve_lookup
    raise VariableDoesNotExist("Failed lookup for key "
django.template.base.VariableDoesNotExist: Failed lookup for key [include_media] in [{'True': True, 'False': False, 'None': None}, {'True': True, 'False': False, 'None': None, 'field_class': '', 'field_template': 'bootstrap4/field.html', 'form_show_errors': True, 'form_show_labels': True, 'label_class': '', 'form': <AuthenticationForm bound=False, valid=Unknown, fields=(username;password)>}]
[13/Dec/2020 11:10:35] DEBUG [django.template:869] Exception while resolving variable 'tag' in template 'bootstrap4/uni_form.html'.
Traceback (most recent call last):
  File "/Users/admin/.local/share/virtualenvs/P8_01_site-SWKIygY6/lib/python3.8/site-packages/django/template/base.py", line 829, in _resolve_lookup
    current = current[bit]
  File "/Users/admin/.local/share/virtualenvs/P8_01_site-SWKIygY6/lib/python3.8/site-packages/django/template/context.py", line 83, in __getitem__
    raise KeyError(key)
KeyError: 'tag'

During handling of the above exception, another exception occurred:

Traceback (most recent call last):
  File "/Users/admin/.local/share/virtualenvs/P8_01_site-SWKIygY6/lib/python3.8/site-packages/django/template/base.py", line 835, in _resolve_lookup
    if isinstance(current, BaseContext) and getattr(type(current), bit):
AttributeError: type object 'Context' has no attribute 'tag'

During handling of the above exception, another exception occurred:

Traceback (most recent call last):
  File "/Users/admin/.local/share/virtualenvs/P8_01_site-SWKIygY6/lib/python3.8/site-packages/django/template/base.py", line 843, in _resolve_lookup
    current = current[int(bit)]
ValueError: invalid literal for int() with base 10: 'tag'

During handling of the above exception, another exception occurred:

Traceback (most recent call last):
  File "/Users/admin/.local/share/virtualenvs/P8_01_site-SWKIygY6/lib/python3.8/site-packages/django/template/base.py", line 848, in _resolve_lookup
    raise VariableDoesNotExist("Failed lookup for key "
django.template.base.VariableDoesNotExist: Failed lookup for key [tag] in [{'True': True, 'False': False, 'None': None}, {'True': True, 'False': False, 'None': None, 'field_class': '', 'field_template': 'bootstrap4/field.html', 'form_show_errors': True, 'form_show_labels': True, 'label_class': '', 'form': <AuthenticationForm bound=False, valid=False, fields=(username;password)>}, {'forloop': {'parentloop': {}, 'counter0': 0, 'counter': 1, 'revcounter': 2, 'revcounter0': 1, 'first': True, 'last': False}, 'field': <django.forms.boundfield.BoundField object at 0x7f8f2ad37220>}, {}]
[13/Dec/2020 11:10:35] DEBUG [django.template:869] Exception while resolving variable 'form_class' in template 'bootstrap4/uni_form.html'.
Traceback (most recent call last):
  File "/Users/admin/.local/share/virtualenvs/P8_01_site-SWKIygY6/lib/python3.8/site-packages/django/template/base.py", line 829, in _resolve_lookup
    current = current[bit]
  File "/Users/admin/.local/share/virtualenvs/P8_01_site-SWKIygY6/lib/python3.8/site-packages/django/template/context.py", line 83, in __getitem__
    raise KeyError(key)
KeyError: 'form_class'

During handling of the above exception, another exception occurred:

Traceback (most recent call last):
  File "/Users/admin/.local/share/virtualenvs/P8_01_site-SWKIygY6/lib/python3.8/site-packages/django/template/base.py", line 835, in _resolve_lookup
    if isinstance(current, BaseContext) and getattr(type(current), bit):
AttributeError: type object 'Context' has no attribute 'form_class'

During handling of the above exception, another exception occurred:

Traceback (most recent call last):
  File "/Users/admin/.local/share/virtualenvs/P8_01_site-SWKIygY6/lib/python3.8/site-packages/django/template/base.py", line 843, in _resolve_lookup
    current = current[int(bit)]
ValueError: invalid literal for int() with base 10: 'form_class'

During handling of the above exception, another exception occurred:

Traceback (most recent call last):
  File "/Users/admin/.local/share/virtualenvs/P8_01_site-SWKIygY6/lib/python3.8/site-packages/django/template/base.py", line 848, in _resolve_lookup
    raise VariableDoesNotExist("Failed lookup for key "
django.template.base.VariableDoesNotExist: Failed lookup for key [form_class] in [{'True': True, 'False': False, 'None': None}, {'True': True, 'False': False, 'None': None, 'field_class': '', 'field_template': 'bootstrap4/field.html', 'form_show_errors': True, 'form_show_labels': True, 'label_class': '', 'form': <AuthenticationForm bound=False, valid=False, fields=(username;password)>}, {'forloop': {'parentloop': {}, 'counter0': 0, 'counter': 1, 'revcounter': 2, 'revcounter0': 1, 'first': True, 'last': False}, 'field': <django.forms.boundfield.BoundField object at 0x7f8f2ad37220>}, {}]
[13/Dec/2020 11:10:35] DEBUG [django.template:869] Exception while resolving variable 'wrapper_class' in template 'bootstrap4/uni_form.html'.
Traceback (most recent call last):
  File "/Users/admin/.local/share/virtualenvs/P8_01_site-SWKIygY6/lib/python3.8/site-packages/django/template/base.py", line 829, in _resolve_lookup
    current = current[bit]
  File "/Users/admin/.local/share/virtualenvs/P8_01_site-SWKIygY6/lib/python3.8/site-packages/django/template/context.py", line 83, in __getitem__
    raise KeyError(key)
KeyError: 'wrapper_class'

During handling of the above exception, another exception occurred:

Traceback (most recent call last):
  File "/Users/admin/.local/share/virtualenvs/P8_01_site-SWKIygY6/lib/python3.8/site-packages/django/template/base.py", line 835, in _resolve_lookup
    if isinstance(current, BaseContext) and getattr(type(current), bit):
AttributeError: type object 'Context' has no attribute 'wrapper_class'

During handling of the above exception, another exception occurred:

Traceback (most recent call last):
  File "/Users/admin/.local/share/virtualenvs/P8_01_site-SWKIygY6/lib/python3.8/site-packages/django/template/base.py", line 843, in _resolve_lookup
    current = current[int(bit)]
ValueError: invalid literal for int() with base 10: 'wrapper_class'

During handling of the above exception, another exception occurred:

Traceback (most recent call last):
  File "/Users/admin/.local/share/virtualenvs/P8_01_site-SWKIygY6/lib/python3.8/site-packages/django/template/base.py", line 848, in _resolve_lookup
    raise VariableDoesNotExist("Failed lookup for key "
django.template.base.VariableDoesNotExist: Failed lookup for key [wrapper_class] in [{'True': True, 'False': False, 'None': None}, {'True': True, 'False': False, 'None': None, 'field_class': '', 'field_template': 'bootstrap4/field.html', 'form_show_errors': True, 'form_show_labels': True, 'label_class': '', 'form': <AuthenticationForm bound=False, valid=False, fields=(username;password)>}, {'forloop': {'parentloop': {}, 'counter0': 0, 'counter': 1, 'revcounter': 2, 'revcounter0': 1, 'first': True, 'last': False}, 'field': <django.forms.boundfield.BoundField object at 0x7f8f2ad37220>}, {}]
[13/Dec/2020 11:10:35] DEBUG [django.template:869] Exception while resolving variable 'form_class' in template 'bootstrap4/uni_form.html'.
Traceback (most recent call last):
  File "/Users/admin/.local/share/virtualenvs/P8_01_site-SWKIygY6/lib/python3.8/site-packages/django/template/base.py", line 829, in _resolve_lookup
    current = current[bit]
  File "/Users/admin/.local/share/virtualenvs/P8_01_site-SWKIygY6/lib/python3.8/site-packages/django/template/context.py", line 83, in __getitem__
    raise KeyError(key)
KeyError: 'form_class'

During handling of the above exception, another exception occurred:

Traceback (most recent call last):
  File "/Users/admin/.local/share/virtualenvs/P8_01_site-SWKIygY6/lib/python3.8/site-packages/django/template/base.py", line 835, in _resolve_lookup
    if isinstance(current, BaseContext) and getattr(type(current), bit):
AttributeError: type object 'Context' has no attribute 'form_class'

During handling of the above exception, another exception occurred:

Traceback (most recent call last):
  File "/Users/admin/.local/share/virtualenvs/P8_01_site-SWKIygY6/lib/python3.8/site-packages/django/template/base.py", line 843, in _resolve_lookup
    current = current[int(bit)]
ValueError: invalid literal for int() with base 10: 'form_class'

During handling of the above exception, another exception occurred:

Traceback (most recent call last):
  File "/Users/admin/.local/share/virtualenvs/P8_01_site-SWKIygY6/lib/python3.8/site-packages/django/template/base.py", line 848, in _resolve_lookup
    raise VariableDoesNotExist("Failed lookup for key "
django.template.base.VariableDoesNotExist: Failed lookup for key [form_class] in [{'True': True, 'False': False, 'None': None}, {'True': True, 'False': False, 'None': None, 'field_class': '', 'field_template': 'bootstrap4/field.html', 'form_show_errors': True, 'form_show_labels': True, 'label_class': '', 'form': <AuthenticationForm bound=False, valid=False, fields=(username;password)>}, {'forloop': {'parentloop': {}, 'counter0': 0, 'counter': 1, 'revcounter': 2, 'revcounter0': 1, 'first': True, 'last': False}, 'field': <django.forms.boundfield.BoundField object at 0x7f8f2ad37220>}, {}]
[13/Dec/2020 11:10:35] DEBUG [django.template:869] Exception while resolving variable 'html5_required' in template 'bootstrap4/uni_form.html'.
Traceback (most recent call last):
  File "/Users/admin/.local/share/virtualenvs/P8_01_site-SWKIygY6/lib/python3.8/site-packages/django/template/base.py", line 829, in _resolve_lookup
    current = current[bit]
  File "/Users/admin/.local/share/virtualenvs/P8_01_site-SWKIygY6/lib/python3.8/site-packages/django/template/context.py", line 83, in __getitem__
    raise KeyError(key)
KeyError: 'html5_required'

During handling of the above exception, another exception occurred:

Traceback (most recent call last):
  File "/Users/admin/.local/share/virtualenvs/P8_01_site-SWKIygY6/lib/python3.8/site-packages/django/template/base.py", line 835, in _resolve_lookup
    if isinstance(current, BaseContext) and getattr(type(current), bit):
AttributeError: type object 'Context' has no attribute 'html5_required'

During handling of the above exception, another exception occurred:

Traceback (most recent call last):
  File "/Users/admin/.local/share/virtualenvs/P8_01_site-SWKIygY6/lib/python3.8/site-packages/django/template/base.py", line 843, in _resolve_lookup
    current = current[int(bit)]
ValueError: invalid literal for int() with base 10: 'html5_required'

During handling of the above exception, another exception occurred:

Traceback (most recent call last):
  File "/Users/admin/.local/share/virtualenvs/P8_01_site-SWKIygY6/lib/python3.8/site-packages/django/template/base.py", line 848, in _resolve_lookup
    raise VariableDoesNotExist("Failed lookup for key "
django.template.base.VariableDoesNotExist: Failed lookup for key [html5_required] in [{'True': True, 'False': False, 'None': None}, {'True': True, 'False': False, 'None': None, 'field_class': '', 'field_template': 'bootstrap4/field.html', 'form_show_errors': True, 'form_show_labels': True, 'label_class': '', 'form': <AuthenticationForm bound=False, valid=False, fields=(username;password)>}, {'forloop': {'parentloop': {}, 'counter0': 0, 'counter': 1, 'revcounter': 2, 'revcounter0': 1, 'first': True, 'last': False}, 'field': <django.forms.boundfield.BoundField object at 0x7f8f2ad37220>}, {}]
[13/Dec/2020 11:10:35] DEBUG [django.template:869] Exception while resolving variable 'help_text_inline' in template 'bootstrap4/uni_form.html'.
Traceback (most recent call last):
  File "/Users/admin/.local/share/virtualenvs/P8_01_site-SWKIygY6/lib/python3.8/site-packages/django/template/base.py", line 829, in _resolve_lookup
    current = current[bit]
  File "/Users/admin/.local/share/virtualenvs/P8_01_site-SWKIygY6/lib/python3.8/site-packages/django/template/context.py", line 83, in __getitem__
    raise KeyError(key)
KeyError: 'help_text_inline'

During handling of the above exception, another exception occurred:

Traceback (most recent call last):
  File "/Users/admin/.local/share/virtualenvs/P8_01_site-SWKIygY6/lib/python3.8/site-packages/django/template/base.py", line 835, in _resolve_lookup
    if isinstance(current, BaseContext) and getattr(type(current), bit):
AttributeError: type object 'Context' has no attribute 'help_text_inline'

During handling of the above exception, another exception occurred:

Traceback (most recent call last):
  File "/Users/admin/.local/share/virtualenvs/P8_01_site-SWKIygY6/lib/python3.8/site-packages/django/template/base.py", line 843, in _resolve_lookup
    current = current[int(bit)]
ValueError: invalid literal for int() with base 10: 'help_text_inline'

During handling of the above exception, another exception occurred:

Traceback (most recent call last):
  File "/Users/admin/.local/share/virtualenvs/P8_01_site-SWKIygY6/lib/python3.8/site-packages/django/template/base.py", line 848, in _resolve_lookup
    raise VariableDoesNotExist("Failed lookup for key "
django.template.base.VariableDoesNotExist: Failed lookup for key [help_text_inline] in [{'True': True, 'False': False, 'None': None}, {'True': True, 'False': False, 'None': None, 'field_class': '', 'field_template': 'bootstrap4/field.html', 'form_show_errors': True, 'form_show_labels': True, 'label_class': '', 'form': <AuthenticationForm bound=False, valid=False, fields=(username;password)>}, {'forloop': {'parentloop': {}, 'counter0': 0, 'counter': 1, 'revcounter': 2, 'revcounter0': 1, 'first': True, 'last': False}, 'field': <django.forms.boundfield.BoundField object at 0x7f8f2ad37220>}, {}, {}]
[13/Dec/2020 11:10:35] DEBUG [django.template:869] Exception while resolving variable 'error_text_inline' in template 'bootstrap4/uni_form.html'.
Traceback (most recent call last):
  File "/Users/admin/.local/share/virtualenvs/P8_01_site-SWKIygY6/lib/python3.8/site-packages/django/template/base.py", line 829, in _resolve_lookup
    current = current[bit]
  File "/Users/admin/.local/share/virtualenvs/P8_01_site-SWKIygY6/lib/python3.8/site-packages/django/template/context.py", line 83, in __getitem__
    raise KeyError(key)
KeyError: 'error_text_inline'

During handling of the above exception, another exception occurred:

Traceback (most recent call last):
  File "/Users/admin/.local/share/virtualenvs/P8_01_site-SWKIygY6/lib/python3.8/site-packages/django/template/base.py", line 835, in _resolve_lookup
    if isinstance(current, BaseContext) and getattr(type(current), bit):
AttributeError: type object 'Context' has no attribute 'error_text_inline'

During handling of the above exception, another exception occurred:

Traceback (most recent call last):
  File "/Users/admin/.local/share/virtualenvs/P8_01_site-SWKIygY6/lib/python3.8/site-packages/django/template/base.py", line 843, in _resolve_lookup
    current = current[int(bit)]
ValueError: invalid literal for int() with base 10: 'error_text_inline'

During handling of the above exception, another exception occurred:

Traceback (most recent call last):
  File "/Users/admin/.local/share/virtualenvs/P8_01_site-SWKIygY6/lib/python3.8/site-packages/django/template/base.py", line 848, in _resolve_lookup
    raise VariableDoesNotExist("Failed lookup for key "
django.template.base.VariableDoesNotExist: Failed lookup for key [error_text_inline] in [{'True': True, 'False': False, 'None': None}, {'True': True, 'False': False, 'None': None, 'field_class': '', 'field_template': 'bootstrap4/field.html', 'form_show_errors': True, 'form_show_labels': True, 'label_class': '', 'form': <AuthenticationForm bound=False, valid=False, fields=(username;password)>}, {'forloop': {'parentloop': {}, 'counter0': 0, 'counter': 1, 'revcounter': 2, 'revcounter0': 1, 'first': True, 'last': False}, 'field': <django.forms.boundfield.BoundField object at 0x7f8f2ad37220>}, {}, {}]
[13/Dec/2020 11:10:35] DEBUG [django.template:869] Exception while resolving variable 'help_text_inline' in template 'bootstrap4/uni_form.html'.
Traceback (most recent call last):
  File "/Users/admin/.local/share/virtualenvs/P8_01_site-SWKIygY6/lib/python3.8/site-packages/django/template/base.py", line 829, in _resolve_lookup
    current = current[bit]
  File "/Users/admin/.local/share/virtualenvs/P8_01_site-SWKIygY6/lib/python3.8/site-packages/django/template/context.py", line 83, in __getitem__
    raise KeyError(key)
KeyError: 'help_text_inline'

During handling of the above exception, another exception occurred:

Traceback (most recent call last):
  File "/Users/admin/.local/share/virtualenvs/P8_01_site-SWKIygY6/lib/python3.8/site-packages/django/template/base.py", line 835, in _resolve_lookup
    if isinstance(current, BaseContext) and getattr(type(current), bit):
AttributeError: type object 'Context' has no attribute 'help_text_inline'

During handling of the above exception, another exception occurred:

Traceback (most recent call last):
  File "/Users/admin/.local/share/virtualenvs/P8_01_site-SWKIygY6/lib/python3.8/site-packages/django/template/base.py", line 843, in _resolve_lookup
    current = current[int(bit)]
ValueError: invalid literal for int() with base 10: 'help_text_inline'

During handling of the above exception, another exception occurred:

Traceback (most recent call last):
  File "/Users/admin/.local/share/virtualenvs/P8_01_site-SWKIygY6/lib/python3.8/site-packages/django/template/base.py", line 848, in _resolve_lookup
    raise VariableDoesNotExist("Failed lookup for key "
django.template.base.VariableDoesNotExist: Failed lookup for key [help_text_inline] in [{'True': True, 'False': False, 'None': None}, {'True': True, 'False': False, 'None': None, 'field_class': '', 'field_template': 'bootstrap4/field.html', 'form_show_errors': True, 'form_show_labels': True, 'label_class': '', 'form': <AuthenticationForm bound=False, valid=False, fields=(username;password)>}, {'forloop': {'parentloop': {}, 'counter0': 0, 'counter': 1, 'revcounter': 2, 'revcounter0': 1, 'first': True, 'last': False}, 'field': <django.forms.boundfield.BoundField object at 0x7f8f2ad37220>}, {}, {}]
[13/Dec/2020 11:10:35] DEBUG [django.template:869] Exception while resolving variable 'tag' in template 'bootstrap4/uni_form.html'.
Traceback (most recent call last):
  File "/Users/admin/.local/share/virtualenvs/P8_01_site-SWKIygY6/lib/python3.8/site-packages/django/template/base.py", line 829, in _resolve_lookup
    current = current[bit]
  File "/Users/admin/.local/share/virtualenvs/P8_01_site-SWKIygY6/lib/python3.8/site-packages/django/template/context.py", line 83, in __getitem__
    raise KeyError(key)
KeyError: 'tag'

During handling of the above exception, another exception occurred:

Traceback (most recent call last):
  File "/Users/admin/.local/share/virtualenvs/P8_01_site-SWKIygY6/lib/python3.8/site-packages/django/template/base.py", line 835, in _resolve_lookup
    if isinstance(current, BaseContext) and getattr(type(current), bit):
AttributeError: type object 'Context' has no attribute 'tag'

During handling of the above exception, another exception occurred:

Traceback (most recent call last):
  File "/Users/admin/.local/share/virtualenvs/P8_01_site-SWKIygY6/lib/python3.8/site-packages/django/template/base.py", line 843, in _resolve_lookup
    current = current[int(bit)]
ValueError: invalid literal for int() with base 10: 'tag'

During handling of the above exception, another exception occurred:

Traceback (most recent call last):
  File "/Users/admin/.local/share/virtualenvs/P8_01_site-SWKIygY6/lib/python3.8/site-packages/django/template/base.py", line 848, in _resolve_lookup
    raise VariableDoesNotExist("Failed lookup for key "
django.template.base.VariableDoesNotExist: Failed lookup for key [tag] in [{'True': True, 'False': False, 'None': None}, {'True': True, 'False': False, 'None': None, 'field_class': '', 'field_template': 'bootstrap4/field.html', 'form_show_errors': True, 'form_show_labels': True, 'label_class': '', 'form': <AuthenticationForm bound=False, valid=False, fields=(username;password)>}, {'forloop': {'parentloop': {}, 'counter0': 0, 'counter': 1, 'revcounter': 2, 'revcounter0': 1, 'first': True, 'last': False}, 'field': <django.forms.boundfield.BoundField object at 0x7f8f2ad37220>}, {}]
[13/Dec/2020 11:10:35] DEBUG [django.template:869] Exception while resolving variable 'tag' in template 'bootstrap4/uni_form.html'.
Traceback (most recent call last):
  File "/Users/admin/.local/share/virtualenvs/P8_01_site-SWKIygY6/lib/python3.8/site-packages/django/template/base.py", line 829, in _resolve_lookup
    current = current[bit]
  File "/Users/admin/.local/share/virtualenvs/P8_01_site-SWKIygY6/lib/python3.8/site-packages/django/template/context.py", line 83, in __getitem__
    raise KeyError(key)
KeyError: 'tag'

During handling of the above exception, another exception occurred:

Traceback (most recent call last):
  File "/Users/admin/.local/share/virtualenvs/P8_01_site-SWKIygY6/lib/python3.8/site-packages/django/template/base.py", line 835, in _resolve_lookup
    if isinstance(current, BaseContext) and getattr(type(current), bit):
AttributeError: type object 'Context' has no attribute 'tag'

During handling of the above exception, another exception occurred:

Traceback (most recent call last):
  File "/Users/admin/.local/share/virtualenvs/P8_01_site-SWKIygY6/lib/python3.8/site-packages/django/template/base.py", line 843, in _resolve_lookup
    current = current[int(bit)]
ValueError: invalid literal for int() with base 10: 'tag'

During handling of the above exception, another exception occurred:

Traceback (most recent call last):
  File "/Users/admin/.local/share/virtualenvs/P8_01_site-SWKIygY6/lib/python3.8/site-packages/django/template/base.py", line 848, in _resolve_lookup
    raise VariableDoesNotExist("Failed lookup for key "
django.template.base.VariableDoesNotExist: Failed lookup for key [tag] in [{'True': True, 'False': False, 'None': None}, {'True': True, 'False': False, 'None': None, 'field_class': '', 'field_template': 'bootstrap4/field.html', 'form_show_errors': True, 'form_show_labels': True, 'label_class': '', 'form': <AuthenticationForm bound=False, valid=False, fields=(username;password)>}, {'forloop': {'parentloop': {}, 'counter0': 1, 'counter': 2, 'revcounter': 1, 'revcounter0': 0, 'first': False, 'last': True}, 'field': <django.forms.boundfield.BoundField object at 0x7f8f2ad37460>}, {}]
[13/Dec/2020 11:10:35] DEBUG [django.template:869] Exception while resolving variable 'form_class' in template 'bootstrap4/uni_form.html'.
Traceback (most recent call last):
  File "/Users/admin/.local/share/virtualenvs/P8_01_site-SWKIygY6/lib/python3.8/site-packages/django/template/base.py", line 829, in _resolve_lookup
    current = current[bit]
  File "/Users/admin/.local/share/virtualenvs/P8_01_site-SWKIygY6/lib/python3.8/site-packages/django/template/context.py", line 83, in __getitem__
    raise KeyError(key)
KeyError: 'form_class'

During handling of the above exception, another exception occurred:

Traceback (most recent call last):
  File "/Users/admin/.local/share/virtualenvs/P8_01_site-SWKIygY6/lib/python3.8/site-packages/django/template/base.py", line 835, in _resolve_lookup
    if isinstance(current, BaseContext) and getattr(type(current), bit):
AttributeError: type object 'Context' has no attribute 'form_class'

During handling of the above exception, another exception occurred:

Traceback (most recent call last):
  File "/Users/admin/.local/share/virtualenvs/P8_01_site-SWKIygY6/lib/python3.8/site-packages/django/template/base.py", line 843, in _resolve_lookup
    current = current[int(bit)]
ValueError: invalid literal for int() with base 10: 'form_class'

During handling of the above exception, another exception occurred:

Traceback (most recent call last):
  File "/Users/admin/.local/share/virtualenvs/P8_01_site-SWKIygY6/lib/python3.8/site-packages/django/template/base.py", line 848, in _resolve_lookup
    raise VariableDoesNotExist("Failed lookup for key "
django.template.base.VariableDoesNotExist: Failed lookup for key [form_class] in [{'True': True, 'False': False, 'None': None}, {'True': True, 'False': False, 'None': None, 'field_class': '', 'field_template': 'bootstrap4/field.html', 'form_show_errors': True, 'form_show_labels': True, 'label_class': '', 'form': <AuthenticationForm bound=False, valid=False, fields=(username;password)>}, {'forloop': {'parentloop': {}, 'counter0': 1, 'counter': 2, 'revcounter': 1, 'revcounter0': 0, 'first': False, 'last': True}, 'field': <django.forms.boundfield.BoundField object at 0x7f8f2ad37460>}, {}]
[13/Dec/2020 11:10:35] DEBUG [django.template:869] Exception while resolving variable 'wrapper_class' in template 'bootstrap4/uni_form.html'.
Traceback (most recent call last):
  File "/Users/admin/.local/share/virtualenvs/P8_01_site-SWKIygY6/lib/python3.8/site-packages/django/template/base.py", line 829, in _resolve_lookup
    current = current[bit]
  File "/Users/admin/.local/share/virtualenvs/P8_01_site-SWKIygY6/lib/python3.8/site-packages/django/template/context.py", line 83, in __getitem__
    raise KeyError(key)
KeyError: 'wrapper_class'

During handling of the above exception, another exception occurred:

Traceback (most recent call last):
  File "/Users/admin/.local/share/virtualenvs/P8_01_site-SWKIygY6/lib/python3.8/site-packages/django/template/base.py", line 835, in _resolve_lookup
    if isinstance(current, BaseContext) and getattr(type(current), bit):
AttributeError: type object 'Context' has no attribute 'wrapper_class'

During handling of the above exception, another exception occurred:

Traceback (most recent call last):
  File "/Users/admin/.local/share/virtualenvs/P8_01_site-SWKIygY6/lib/python3.8/site-packages/django/template/base.py", line 843, in _resolve_lookup
    current = current[int(bit)]
ValueError: invalid literal for int() with base 10: 'wrapper_class'

During handling of the above exception, another exception occurred:

Traceback (most recent call last):
  File "/Users/admin/.local/share/virtualenvs/P8_01_site-SWKIygY6/lib/python3.8/site-packages/django/template/base.py", line 848, in _resolve_lookup
    raise VariableDoesNotExist("Failed lookup for key "
django.template.base.VariableDoesNotExist: Failed lookup for key [wrapper_class] in [{'True': True, 'False': False, 'None': None}, {'True': True, 'False': False, 'None': None, 'field_class': '', 'field_template': 'bootstrap4/field.html', 'form_show_errors': True, 'form_show_labels': True, 'label_class': '', 'form': <AuthenticationForm bound=False, valid=False, fields=(username;password)>}, {'forloop': {'parentloop': {}, 'counter0': 1, 'counter': 2, 'revcounter': 1, 'revcounter0': 0, 'first': False, 'last': True}, 'field': <django.forms.boundfield.BoundField object at 0x7f8f2ad37460>}, {}]
[13/Dec/2020 11:10:35] DEBUG [django.template:869] Exception while resolving variable 'form_class' in template 'bootstrap4/uni_form.html'.
Traceback (most recent call last):
  File "/Users/admin/.local/share/virtualenvs/P8_01_site-SWKIygY6/lib/python3.8/site-packages/django/template/base.py", line 829, in _resolve_lookup
    current = current[bit]
  File "/Users/admin/.local/share/virtualenvs/P8_01_site-SWKIygY6/lib/python3.8/site-packages/django/template/context.py", line 83, in __getitem__
    raise KeyError(key)
KeyError: 'form_class'

During handling of the above exception, another exception occurred:

Traceback (most recent call last):
  File "/Users/admin/.local/share/virtualenvs/P8_01_site-SWKIygY6/lib/python3.8/site-packages/django/template/base.py", line 835, in _resolve_lookup
    if isinstance(current, BaseContext) and getattr(type(current), bit):
AttributeError: type object 'Context' has no attribute 'form_class'

During handling of the above exception, another exception occurred:

Traceback (most recent call last):
  File "/Users/admin/.local/share/virtualenvs/P8_01_site-SWKIygY6/lib/python3.8/site-packages/django/template/base.py", line 843, in _resolve_lookup
    current = current[int(bit)]
ValueError: invalid literal for int() with base 10: 'form_class'

During handling of the above exception, another exception occurred:

Traceback (most recent call last):
  File "/Users/admin/.local/share/virtualenvs/P8_01_site-SWKIygY6/lib/python3.8/site-packages/django/template/base.py", line 848, in _resolve_lookup
    raise VariableDoesNotExist("Failed lookup for key "
django.template.base.VariableDoesNotExist: Failed lookup for key [form_class] in [{'True': True, 'False': False, 'None': None}, {'True': True, 'False': False, 'None': None, 'field_class': '', 'field_template': 'bootstrap4/field.html', 'form_show_errors': True, 'form_show_labels': True, 'label_class': '', 'form': <AuthenticationForm bound=False, valid=False, fields=(username;password)>}, {'forloop': {'parentloop': {}, 'counter0': 1, 'counter': 2, 'revcounter': 1, 'revcounter0': 0, 'first': False, 'last': True}, 'field': <django.forms.boundfield.BoundField object at 0x7f8f2ad37460>}, {}]
[13/Dec/2020 11:10:35] DEBUG [django.template:869] Exception while resolving variable 'html5_required' in template 'bootstrap4/uni_form.html'.
Traceback (most recent call last):
  File "/Users/admin/.local/share/virtualenvs/P8_01_site-SWKIygY6/lib/python3.8/site-packages/django/template/base.py", line 829, in _resolve_lookup
    current = current[bit]
  File "/Users/admin/.local/share/virtualenvs/P8_01_site-SWKIygY6/lib/python3.8/site-packages/django/template/context.py", line 83, in __getitem__
    raise KeyError(key)
KeyError: 'html5_required'

During handling of the above exception, another exception occurred:

Traceback (most recent call last):
  File "/Users/admin/.local/share/virtualenvs/P8_01_site-SWKIygY6/lib/python3.8/site-packages/django/template/base.py", line 835, in _resolve_lookup
    if isinstance(current, BaseContext) and getattr(type(current), bit):
AttributeError: type object 'Context' has no attribute 'html5_required'

During handling of the above exception, another exception occurred:

Traceback (most recent call last):
  File "/Users/admin/.local/share/virtualenvs/P8_01_site-SWKIygY6/lib/python3.8/site-packages/django/template/base.py", line 843, in _resolve_lookup
    current = current[int(bit)]
ValueError: invalid literal for int() with base 10: 'html5_required'

During handling of the above exception, another exception occurred:

Traceback (most recent call last):
  File "/Users/admin/.local/share/virtualenvs/P8_01_site-SWKIygY6/lib/python3.8/site-packages/django/template/base.py", line 848, in _resolve_lookup
    raise VariableDoesNotExist("Failed lookup for key "
django.template.base.VariableDoesNotExist: Failed lookup for key [html5_required] in [{'True': True, 'False': False, 'None': None}, {'True': True, 'False': False, 'None': None, 'field_class': '', 'field_template': 'bootstrap4/field.html', 'form_show_errors': True, 'form_show_labels': True, 'label_class': '', 'form': <AuthenticationForm bound=False, valid=False, fields=(username;password)>}, {'forloop': {'parentloop': {}, 'counter0': 1, 'counter': 2, 'revcounter': 1, 'revcounter0': 0, 'first': False, 'last': True}, 'field': <django.forms.boundfield.BoundField object at 0x7f8f2ad37460>}, {}]
[13/Dec/2020 11:10:35] DEBUG [django.template:869] Exception while resolving variable 'help_text_inline' in template 'bootstrap4/uni_form.html'.
Traceback (most recent call last):
  File "/Users/admin/.local/share/virtualenvs/P8_01_site-SWKIygY6/lib/python3.8/site-packages/django/template/base.py", line 829, in _resolve_lookup
    current = current[bit]
  File "/Users/admin/.local/share/virtualenvs/P8_01_site-SWKIygY6/lib/python3.8/site-packages/django/template/context.py", line 83, in __getitem__
    raise KeyError(key)
KeyError: 'help_text_inline'

During handling of the above exception, another exception occurred:

Traceback (most recent call last):
  File "/Users/admin/.local/share/virtualenvs/P8_01_site-SWKIygY6/lib/python3.8/site-packages/django/template/base.py", line 835, in _resolve_lookup
    if isinstance(current, BaseContext) and getattr(type(current), bit):
AttributeError: type object 'Context' has no attribute 'help_text_inline'

During handling of the above exception, another exception occurred:

Traceback (most recent call last):
  File "/Users/admin/.local/share/virtualenvs/P8_01_site-SWKIygY6/lib/python3.8/site-packages/django/template/base.py", line 843, in _resolve_lookup
    current = current[int(bit)]
ValueError: invalid literal for int() with base 10: 'help_text_inline'

During handling of the above exception, another exception occurred:

Traceback (most recent call last):
  File "/Users/admin/.local/share/virtualenvs/P8_01_site-SWKIygY6/lib/python3.8/site-packages/django/template/base.py", line 848, in _resolve_lookup
    raise VariableDoesNotExist("Failed lookup for key "
django.template.base.VariableDoesNotExist: Failed lookup for key [help_text_inline] in [{'True': True, 'False': False, 'None': None}, {'True': True, 'False': False, 'None': None, 'field_class': '', 'field_template': 'bootstrap4/field.html', 'form_show_errors': True, 'form_show_labels': True, 'label_class': '', 'form': <AuthenticationForm bound=False, valid=False, fields=(username;password)>}, {'forloop': {'parentloop': {}, 'counter0': 1, 'counter': 2, 'revcounter': 1, 'revcounter0': 0, 'first': False, 'last': True}, 'field': <django.forms.boundfield.BoundField object at 0x7f8f2ad37460>}, {}, {}]
[13/Dec/2020 11:10:35] DEBUG [django.template:869] Exception while resolving variable 'error_text_inline' in template 'bootstrap4/uni_form.html'.
Traceback (most recent call last):
  File "/Users/admin/.local/share/virtualenvs/P8_01_site-SWKIygY6/lib/python3.8/site-packages/django/template/base.py", line 829, in _resolve_lookup
    current = current[bit]
  File "/Users/admin/.local/share/virtualenvs/P8_01_site-SWKIygY6/lib/python3.8/site-packages/django/template/context.py", line 83, in __getitem__
    raise KeyError(key)
KeyError: 'error_text_inline'

During handling of the above exception, another exception occurred:

Traceback (most recent call last):
  File "/Users/admin/.local/share/virtualenvs/P8_01_site-SWKIygY6/lib/python3.8/site-packages/django/template/base.py", line 835, in _resolve_lookup
    if isinstance(current, BaseContext) and getattr(type(current), bit):
AttributeError: type object 'Context' has no attribute 'error_text_inline'

During handling of the above exception, another exception occurred:

Traceback (most recent call last):
  File "/Users/admin/.local/share/virtualenvs/P8_01_site-SWKIygY6/lib/python3.8/site-packages/django/template/base.py", line 843, in _resolve_lookup
    current = current[int(bit)]
ValueError: invalid literal for int() with base 10: 'error_text_inline'

During handling of the above exception, another exception occurred:

Traceback (most recent call last):
  File "/Users/admin/.local/share/virtualenvs/P8_01_site-SWKIygY6/lib/python3.8/site-packages/django/template/base.py", line 848, in _resolve_lookup
    raise VariableDoesNotExist("Failed lookup for key "
django.template.base.VariableDoesNotExist: Failed lookup for key [error_text_inline] in [{'True': True, 'False': False, 'None': None}, {'True': True, 'False': False, 'None': None, 'field_class': '', 'field_template': 'bootstrap4/field.html', 'form_show_errors': True, 'form_show_labels': True, 'label_class': '', 'form': <AuthenticationForm bound=False, valid=False, fields=(username;password)>}, {'forloop': {'parentloop': {}, 'counter0': 1, 'counter': 2, 'revcounter': 1, 'revcounter0': 0, 'first': False, 'last': True}, 'field': <django.forms.boundfield.BoundField object at 0x7f8f2ad37460>}, {}, {}]
[13/Dec/2020 11:10:35] DEBUG [django.template:869] Exception while resolving variable 'help_text_inline' in template 'bootstrap4/uni_form.html'.
Traceback (most recent call last):
  File "/Users/admin/.local/share/virtualenvs/P8_01_site-SWKIygY6/lib/python3.8/site-packages/django/template/base.py", line 829, in _resolve_lookup
    current = current[bit]
  File "/Users/admin/.local/share/virtualenvs/P8_01_site-SWKIygY6/lib/python3.8/site-packages/django/template/context.py", line 83, in __getitem__
    raise KeyError(key)
KeyError: 'help_text_inline'

During handling of the above exception, another exception occurred:

Traceback (most recent call last):
  File "/Users/admin/.local/share/virtualenvs/P8_01_site-SWKIygY6/lib/python3.8/site-packages/django/template/base.py", line 835, in _resolve_lookup
    if isinstance(current, BaseContext) and getattr(type(current), bit):
AttributeError: type object 'Context' has no attribute 'help_text_inline'

During handling of the above exception, another exception occurred:

Traceback (most recent call last):
  File "/Users/admin/.local/share/virtualenvs/P8_01_site-SWKIygY6/lib/python3.8/site-packages/django/template/base.py", line 843, in _resolve_lookup
    current = current[int(bit)]
ValueError: invalid literal for int() with base 10: 'help_text_inline'

During handling of the above exception, another exception occurred:

Traceback (most recent call last):
  File "/Users/admin/.local/share/virtualenvs/P8_01_site-SWKIygY6/lib/python3.8/site-packages/django/template/base.py", line 848, in _resolve_lookup
    raise VariableDoesNotExist("Failed lookup for key "
django.template.base.VariableDoesNotExist: Failed lookup for key [help_text_inline] in [{'True': True, 'False': False, 'None': None}, {'True': True, 'False': False, 'None': None, 'field_class': '', 'field_template': 'bootstrap4/field.html', 'form_show_errors': True, 'form_show_labels': True, 'label_class': '', 'form': <AuthenticationForm bound=False, valid=False, fields=(username;password)>}, {'forloop': {'parentloop': {}, 'counter0': 1, 'counter': 2, 'revcounter': 1, 'revcounter0': 0, 'first': False, 'last': True}, 'field': <django.forms.boundfield.BoundField object at 0x7f8f2ad37460>}, {}, {}]
[13/Dec/2020 11:10:35] DEBUG [django.template:869] Exception while resolving variable 'tag' in template 'bootstrap4/uni_form.html'.
Traceback (most recent call last):
  File "/Users/admin/.local/share/virtualenvs/P8_01_site-SWKIygY6/lib/python3.8/site-packages/django/template/base.py", line 829, in _resolve_lookup
    current = current[bit]
  File "/Users/admin/.local/share/virtualenvs/P8_01_site-SWKIygY6/lib/python3.8/site-packages/django/template/context.py", line 83, in __getitem__
    raise KeyError(key)
KeyError: 'tag'

During handling of the above exception, another exception occurred:

Traceback (most recent call last):
  File "/Users/admin/.local/share/virtualenvs/P8_01_site-SWKIygY6/lib/python3.8/site-packages/django/template/base.py", line 835, in _resolve_lookup
    if isinstance(current, BaseContext) and getattr(type(current), bit):
AttributeError: type object 'Context' has no attribute 'tag'

During handling of the above exception, another exception occurred:

Traceback (most recent call last):
  File "/Users/admin/.local/share/virtualenvs/P8_01_site-SWKIygY6/lib/python3.8/site-packages/django/template/base.py", line 843, in _resolve_lookup
    current = current[int(bit)]
ValueError: invalid literal for int() with base 10: 'tag'

During handling of the above exception, another exception occurred:

Traceback (most recent call last):
  File "/Users/admin/.local/share/virtualenvs/P8_01_site-SWKIygY6/lib/python3.8/site-packages/django/template/base.py", line 848, in _resolve_lookup
    raise VariableDoesNotExist("Failed lookup for key "
django.template.base.VariableDoesNotExist: Failed lookup for key [tag] in [{'True': True, 'False': False, 'None': None}, {'True': True, 'False': False, 'None': None, 'field_class': '', 'field_template': 'bootstrap4/field.html', 'form_show_errors': True, 'form_show_labels': True, 'label_class': '', 'form': <AuthenticationForm bound=False, valid=False, fields=(username;password)>}, {'forloop': {'parentloop': {}, 'counter0': 1, 'counter': 2, 'revcounter': 1, 'revcounter0': 0, 'first': False, 'last': True}, 'field': <django.forms.boundfield.BoundField object at 0x7f8f2ad37460>}, {}]
